#
# A fatal error has been detected by the Java Runtime Environment:
#
#  EXCEPTION_ACCESS_VIOLATION (0xc0000005) at pc=0x00000267cb7954e3, pid=1048, tid=5984
#
# JRE version: Java(TM) SE Runtime Environment (17.0.10+11) (build 17.0.10+11-LTS-240)
# Java VM: Java HotSpot(TM) 64-Bit Server VM (17.0.10+11-LTS-240, mixed mode, emulated-client, sharing, tiered, compressed oops, compressed class ptrs, g1 gc, windows-amd64)
# Problematic frame:
# J 9723 c1 jakarta.servlet.http.HttpServletRequestWrapper._getHttpServletRequest()Ljakarta/servlet/http/HttpServletRequest; (8 bytes) @ 0x00000267cb7954e3 [0x00000267cb7954a0+0x0000000000000043]
#
# No core dump will be written. Minidumps are not enabled by default on client versions of Windows
#
# If you would like to submit a bug report, please visit:
#   https://bugreport.java.com/bugreport/crash.jsp
#

---------------  S U M M A R Y ------------

Command Line: -Dcom.sun.management.jmxremote -Dcom.sun.management.jmxremote.port=50652 -Dcom.sun.management.jmxremote.authenticate=false -Dcom.sun.management.jmxremote.ssl=false -Djava.rmi.server.hostname=localhost -Dspring.jmx.enabled=true -Dmanagement.endpoints.jmx.exposure.include=* -Dspring.application.admin.enabled=true -XX:TieredStopAtLevel=1 -Dspring.boot.project.name=vishram-sadan -Dfile.encoding=UTF-8 -Dstdout.encoding=UTF-8 -Dstderr.encoding=UTF-8 --module-path=C:\Users\user\Downloads\typography-3.0.1.jar -XX:+ShowCodeDetailsInExceptionMessages -agentpath:C:\Program Files\SentinelOne\Sentinel Agent 23.4.4.223\SentinelJava64.dll=extendedCapabilities aiims.vishram_sadan.VishramSadanApplication --spring.output.ansi.enabled=always

Host: 12th Gen Intel(R) Core(TM) i5-12400, 12 cores, 7G,  Windows 11 , 64 bit Build 22621 (10.0.22621.3958)
Time: Wed Nov  6 10:54:18 2024 India Standard Time elapsed time: 273.512076 seconds (0d 0h 4m 33s)

---------------  T H R E A D  ---------------

Current thread (0x000002681e2094d0):  JavaThread "http-nio-0.0.0.0-8080-exec-4" daemon [_thread_in_Java, id=5984, stack(0x000000be65100000,0x000000be65200000)]

Stack: [0x000000be65100000,0x000000be65200000],  sp=0x000000be651eec80,  free space=955k
Native frames: (J=compiled Java code, j=interpreted, Vv=VM code, C=native code)
C  0x00000267cb7954e3


siginfo: EXCEPTION_ACCESS_VIOLATION (0xc0000005), reading address 0x0000000000737369


Registers:
RAX=0x0000000000737361, RBX=0x00000267d833a158, RCX=0x00000267d7453df8, RDX=0x00000267d7453df8
RSP=0x000000be651eec80, RBP=0x000000be651eed20, RSI=0x000000be651ef0f0, RDI=0x000000be651ef0f8
R8 =0x000000be651ef100, R9 =0x0000000000000001, R10=0x00007ff8e8fea410, R11=0x00000267cb7954c0
R12=0x0000000000000000, R13=0x000000be651eecd0, R14=0x000000be651eed38, R15=0x000002681e2094d0
RIP=0x00000267cb7954e3, EFLAGS=0x0000000000010202


Register to memory mapping:

RIP=0x00000267cb7954e3 is at entry_point+67 in (nmethod*)0x00000267cb795310
Compiled method (c1)  273537 9723       1       jakarta.servlet.http.HttpServletRequestWrapper::_getHttpServletRequest (8 bytes)
 total in heap  [0x00000267cb795310,0x00000267cb795618] = 776
 relocation     [0x00000267cb795468,0x00000267cb795498] = 48
 main code      [0x00000267cb7954a0,0x00000267cb795580] = 224
 stub code      [0x00000267cb795580,0x00000267cb7955b8] = 56
 oops           [0x00000267cb7955b8,0x00000267cb7955c0] = 8
 metadata       [0x00000267cb7955c0,0x00000267cb7955d0] = 16
 scopes data    [0x00000267cb7955d0,0x00000267cb7955e0] = 16
 scopes pcs     [0x00000267cb7955e0,0x00000267cb795610] = 48
 dependencies   [0x00000267cb795610,0x00000267cb795618] = 8
RAX=0x0000000000737361 is an unknown value
RBX=0x00000267d833a158 is a pointer to class: 
jakarta.servlet.http.HttpServletRequest {0x00000267d833a160}
 - instance size:     2
 - klass size:        63
 - access:            public interface abstract 
 - state:             fully_initialized
 - name:              'jakarta/servlet/http/HttpServletRequest'
 - super:             'java/lang/Object'
 - sub:               
 - nof implementors:  2
 - arrays:            NULL
 - methods:           Array<T>(0x00000268192befc0)
 - method ordering:   Array<T>(0x00000267d78f5030)
 - default_methods:   Array<T>(0x0000000000000000)
 - local interfaces:  Array<T>(0x00000268192bba68)
 - trans. interfaces: Array<T>(0x00000268192bba68)
 - constants:         constant pool [249] {0x00000268192be770} for 'jakarta/servlet/http/HttpServletRequest' cache=0x0000026820c5a5c8
 - class loader data:  loader data: 0x00000267d6a60470 for instance a 'jdk/internal/loader/ClassLoaders$AppClassLoader'{0x0000000083ceda18}
 - source file:       'HttpServletRequest.java'
 - class annotations:       Array<T>(0x0000000000000000)
 - class type annotations:  Array<T>(0x0000000000000000)
 - field annotations:       Array<T>(0x0000000000000000)
 - field type annotations:  Array<T>(0x0000000000000000)
 - inner classes:     Array<T>(0x00000268192bcf18)
 - nest members:     Array<T>(0x00000268192bcf30)
 - permitted subclasses:     Array<T>(0x00000267d75d1dc8)
 - java mirror:       a 'java/lang/Class'{0x0000000084d1e130} = 'jakarta/servlet/http/HttpServletRequest'
 - vtable length      5  (start addr: 0x00000267d833a320)
 - itable length      0 (start addr: 0x00000267d833a348)
 - ---- static fields (2 words):
 - public static final 'BASIC_AUTH' 'Ljava/lang/String;' @112 
 - public static final 'FORM_AUTH' 'Ljava/lang/String;' @116 
 - public static final 'CLIENT_CERT_AUTH' 'Ljava/lang/String;' @120 
 - public static final 'DIGEST_AUTH' 'Ljava/lang/String;' @124 
 - ---- non-static fields (0 words):
 - non-static oop maps: 
RCX=0x00000267d7453df8 is pointing into metadata
RDX=0x00000267d7453df8 is pointing into metadata
RSP=0x000000be651eec80 is pointing into the stack for thread: 0x000002681e2094d0
RBP=0x000000be651eed20 is pointing into the stack for thread: 0x000002681e2094d0
RSI=0x000000be651ef0f0 is pointing into the stack for thread: 0x000002681e2094d0
RDI=0x000000be651ef0f8 is pointing into the stack for thread: 0x000002681e2094d0
R8 =0x000000be651ef100 is pointing into the stack for thread: 0x000002681e2094d0
R9 =0x0000000000000001 is an unknown value
R10=0x00007ff8e8fea410 jvm.dll
R11=0x00000267cb7954c0 is at entry_point+32 in (nmethod*)0x00000267cb795310
Compiled method (c1)  273570 9723       1       jakarta.servlet.http.HttpServletRequestWrapper::_getHttpServletRequest (8 bytes)
 total in heap  [0x00000267cb795310,0x00000267cb795618] = 776
 relocation     [0x00000267cb795468,0x00000267cb795498] = 48
 main code      [0x00000267cb7954a0,0x00000267cb795580] = 224
 stub code      [0x00000267cb795580,0x00000267cb7955b8] = 56
 oops           [0x00000267cb7955b8,0x00000267cb7955c0] = 8
 metadata       [0x00000267cb7955c0,0x00000267cb7955d0] = 16
 scopes data    [0x00000267cb7955d0,0x00000267cb7955e0] = 16
 scopes pcs     [0x00000267cb7955e0,0x00000267cb795610] = 48
 dependencies   [0x00000267cb795610,0x00000267cb795618] = 8
R12=0x0 is NULL
R13=0x000000be651eecd0 is pointing into the stack for thread: 0x000002681e2094d0
R14=0x000000be651eed38 is pointing into the stack for thread: 0x000002681e2094d0
R15=0x000002681e2094d0 is a thread


Top of Stack: (sp=0x000000be651eec80)
0x000000be651eec80:   000000008c18d050 000000008c178980
0x000000be651eec90:   000000be651eec90 0000026820d6c763
0x000000be651eeca0:   000000be651eecf0 0000026820e36e60
0x000000be651eecb0:   000000be651eed20 00000267cb60952f
0x000000be651eecc0:   0000026820d6c790 00000267cb60952f
0x000000be651eecd0:   00000267d7453df8 000000be651eecd8
0x000000be651eece0:   0000026820117081 000000be651eed38
0x000000be651eecf0:   0000026820cb7238 0000000000000000
0x000000be651eed00:   00000000867059f8 00000268201170b8
0x000000be651eed10:   000000be651eecd0 000000be651eed30
0x000000be651eed20:   000000be651eef10 00000267cb601010
0x000000be651eed30:   000000008c9deff0 00000267d7453df8
0x000000be651eed40:   0000026800000000 000000be651eee80
0x000000be651eed50:   00000267d7009f00 00000267d7009f00
0x000000be651eed60:   000002681e2094d0 00000268000a0101
0x000000be651eed70:   000002681e2094d0 00007ff8e8841768 

Instructions: (pc=0x00000267cb7954e3)
0x00000267cb7953e3:   00 00 00 00 00 a0 54 79 cb 67 02 00 00 c0 54 79
0x00000267cb7953f3:   cb 67 02 00 00 a0 54 79 cb 67 02 00 00 70 02 00
0x00000267cb795403:   00 41 02 00 00 90 01 00 00 70 02 00 00 a8 02 00
0x00000267cb795413:   00 b0 02 00 00 00 00 00 00 d0 02 00 00 00 03 00
0x00000267cb795423:   00 08 03 00 00 08 03 00 00 08 03 00 00 08 03 00
0x00000267cb795433:   00 08 03 00 00 08 03 00 00 20 00 00 00 fb 25 00
0x00000267cb795443:   00 01 00 00 00 00 00 00 00 02 00 00 00 00 00 00
0x00000267cb795453:   00 04 00 00 00 60 00 00 00 02 00 00 00 ff ff ff
0x00000267cb795463:   ff ff ff ff ff 14 60 25 c0 2f 64 1a b0 12 64 17
0x00000267cb795473:   f0 05 80 11 64 29 64 0d 00 00 64 03 f8 d8 e8 a0
0x00000267cb795483:   e0 f8 7f 05 70 0e 60 01 f8 7e ff 0e 90 0c 64 00
0x00000267cb795493:   00 00 00 00 00 00 00 00 00 00 00 00 00 44 8b 52
0x00000267cb7954a3:   08 49 bb 00 00 00 d7 67 02 00 00 4d 03 d3 4c 3b
0x00000267cb7954b3:   d0 0f 85 c6 75 eb ff 66 0f 1f 44 00 00 89 84 24
0x00000267cb7954c3:   00 90 ff ff 55 48 83 ec 30 8b 42 0c 48 83 f8 00
0x00000267cb7954d3:   0f 84 44 00 00 00 48 bb 58 a1 33 d8 67 02 00 00
0x00000267cb7954e3:   8b 78 08 49 ba 00 00 00 d7 67 02 00 00 49 03 fa
0x00000267cb7954f3:   48 3b 5f 20 0f 84 20 00 00 00 48 3b fb 0f 84 17
0x00000267cb795503:   00 00 00 57 53 e8 f3 07 f6 ff 5f 5f 83 ff 00 0f
0x00000267cb795513:   84 18 00 00 00 e9 00 00 00 00 48 83 c4 30 5d 49
0x00000267cb795523:   3b a7 48 03 00 00 0f 87 0a 00 00 00 c3 48 89 04
0x00000267cb795533:   24 e8 e7 01 f6 ff 49 ba 22 55 79 cb 67 02 00 00
0x00000267cb795543:   4d 89 97 60 03 00 00 e9 b1 de eb ff 90 90 49 8b
0x00000267cb795553:   87 d8 03 00 00 49 c7 87 d8 03 00 00 00 00 00 00
0x00000267cb795563:   49 c7 87 e0 03 00 00 00 00 00 00 48 83 c4 30 5d
0x00000267cb795573:   e9 88 cb f5 ff f4 f4 f4 f4 f4 f4 f4 f4 e8 7b fb
0x00000267cb795583:   f5 ff 48 b9 a0 e0 d8 e8 f8 7f 00 00 48 83 e4 f0
0x00000267cb795593:   49 ba e0 da a6 e8 f8 7f 00 00 41 ff d2 f4 49 ba
0x00000267cb7955a3:   a1 55 79 cb 67 02 00 00 41 52 e9 ee d0 eb ff f4
0x00000267cb7955b3:   f4 f4 f4 f4 f4 18 da ce 83 00 00 00 00 f0 5a 11
0x00000267cb7955c3:   20 68 02 00 00 90 7e 11 20 68 02 00 00 ff 01 00
0x00000267cb7955d3:   92 00 01 05 01 00 00 00 00 00 00 00 00 ff ff ff 


Stack slot to memory mapping:
stack at sp + 0 slots: 0x000000008c18d050 is an oop: java.lang.String 
{0x000000008c18d050} - klass: 'java/lang/String'
 - string: "org.apache.tomcat.InstanceManager"
stack at sp + 1 slots: 0x000000008c178980 is an oop: org.apache.jasper.servlet.JasperLoader 
{0x000000008c178980} - klass: 'org/apache/jasper/servlet/JasperLoader'
 - ---- fields (total size 14 words):
 - private 'defaultAssertionStatus' 'Z' @12  false
 - private final 'parent' 'Ljava/lang/ClassLoader;' @24  a 'org/springframework/boot/web/embedded/tomcat/TomcatEmbeddedWebappClassLoader'{0x000000008481c058} (8481c058)
 - private final 'name' 'Ljava/lang/String;' @28  NULL (0)
 - private final 'unnamedModule' 'Ljava/lang/Module;' @32  a 'java/lang/Module'{0x000000008c178b30} (8c178b30)
 - private final 'nameAndId' 'Ljava/lang/String;' @36  "org.apache.jasper.servlet.JasperLoader @679b1218"{0x000000008c178ca8} (8c178ca8)
 - private final 'parallelLockMap' 'Ljava/util/concurrent/ConcurrentHashMap;' @40  NULL (0)
 - private final 'package2certs' 'Ljava/util/concurrent/ConcurrentHashMap;' @44  a 'java/util/concurrent/ConcurrentHashMap'{0x000000008c178b68} (8c178b68)
 - private final 'classes' 'Ljava/util/ArrayList;' @48  a 'java/util/ArrayList'{0x000000008c178a08} (8c178a08)
 - private final 'defaultDomain' 'Ljava/security/ProtectionDomain;' @52  a 'java/security/ProtectionDomain'{0x000000008c178a20} (8c178a20)
 - private final 'packages' 'Ljava/util/concurrent/ConcurrentHashMap;' @56  a 'java/util/concurrent/ConcurrentHashMap'{0x000000008c178a90} (8c178a90)
 - private final 'libraries' 'Ljdk/internal/loader/NativeLibraries;' @60  a 'jdk/internal/loader/NativeLibraries'{0x000000008c178ad0} (8c178ad0)
 - final 'assertionLock' 'Ljava/lang/Object;' @64  a 'org/apache/jasper/servlet/JasperLoader'{0x000000008c178980} (8c178980)
 - private 'packageAssertionStatus' 'Ljava/util/Map;' @68  NULL (0)
 - 'classAssertionStatus' 'Ljava/util/Map;' @72  NULL (0)
 - private volatile 'classLoaderValueMap' 'Ljava/util/concurrent/ConcurrentHashMap;' @76  NULL (0)
 - private final 'pdcache' 'Ljava/util/Map;' @80  a 'java/util/concurrent/ConcurrentHashMap'{0x000000008c178d00} (8c178d00)
 - private final 'ucp' 'Ljdk/internal/loader/URLClassPath;' @84  a 'jdk/internal/loader/URLClassPath'{0x000000008c179060} (8c179060)
 - private final 'acc' 'Ljava/security/AccessControlContext;' @88  a 'java/security/AccessControlContext'{0x000000008c178ee8} (8c178ee8)
 - private 'closeables' 'Ljava/util/WeakHashMap;' @92  a 'java/util/WeakHashMap'{0x000000008c178d40} (8c178d40)
 - private final 'permissionCollection' 'Ljava/security/PermissionCollection;' @96  NULL (0)
 - private final 'securityManager' 'Ljava/lang/SecurityManager;' @100  NULL (0)
 - private final 'packageName' 'Ljava/lang/String;' @104  "org.apache.jsp"{0x0000000086fc1500} (86fc1500)
stack at sp + 2 slots: 0x000000be651eec90 is pointing into the stack for thread: 0x000002681e2094d0
stack at sp + 3 slots: 0x0000026820d6c763 is pointing into metadata
stack at sp + 4 slots: 0x000000be651eecf0 is pointing into the stack for thread: 0x000002681e2094d0
stack at sp + 5 slots: 0x0000026820e36e60 is pointing into metadata
stack at sp + 6 slots: 0x000000be651eed20 is pointing into the stack for thread: 0x000002681e2094d0
stack at sp + 7 slots: 0x00000267cb60952f is at code_begin+1167 in an Interpreter codelet
return entry points  [0x00000267cb6090a0, 0x00000267cb6098c0]  2080 bytes


Compiled method (c1)  273580 9723       1       jakarta.servlet.http.HttpServletRequestWrapper::_getHttpServletRequest (8 bytes)
 total in heap  [0x00000267cb795310,0x00000267cb795618] = 776
 relocation     [0x00000267cb795468,0x00000267cb795498] = 48
 main code      [0x00000267cb7954a0,0x00000267cb795580] = 224
 stub code      [0x00000267cb795580,0x00000267cb7955b8] = 56
 oops           [0x00000267cb7955b8,0x00000267cb7955c0] = 8
 metadata       [0x00000267cb7955c0,0x00000267cb7955d0] = 16
 scopes data    [0x00000267cb7955d0,0x00000267cb7955e0] = 16
 scopes pcs     [0x00000267cb7955e0,0x00000267cb795610] = 48
 dependencies   [0x00000267cb795610,0x00000267cb795618] = 8

[Constant Pool (empty)]

[MachCode]
[Entry Point]
  # {method} {0x0000026820115af8} '_getHttpServletRequest' '()Ljakarta/servlet/http/HttpServletRequest;' in 'jakarta/servlet/http/HttpServletRequestWrapper'
  #           [sp+0x40]  (sp of caller)
  0x00000267cb7954a0: 448b 5208 | 49bb 0000 | 00d7 6702 | 0000 4d03 | d34c 3bd0 

  0x00000267cb7954b4: ;   {runtime_call ic_miss_stub}
  0x00000267cb7954b4: 0f85 c675 | ebff 660f | 1f44 0000 
[Verified Entry Point]
  0x00000267cb7954c0: 8984 2400 | 90ff ff55 | 4883 ec30 | 8b42 0c48 | 83f8 000f | 8444 0000 

  0x00000267cb7954d8: ;   {metadata('jakarta/servlet/http/HttpServletRequest')}
  0x00000267cb7954d8: 0048 bb58 | a133 d867 | 0200 008b | 7808 49ba | 0000 00d7 | 6702 0000 | 4903 fa48 | 3b5f 200f 
  0x00000267cb7954f8: 8420 0000 | 0048 3bfb | 0f84 1700 | 0000 5753 

  0x00000267cb795508: ;   {runtime_call slow_subtype_check Runtime1 stub}
  0x00000267cb795508: e8f3 07f6 | ff5f 5f83 | ff00 0f84 | 1800 0000 | e900 0000 | 0048 83c4 

  0x00000267cb795520: ;   {poll_return}
  0x00000267cb795520: 305d 493b | a748 0300 | 000f 870a | 0000 00c3 | 4889 0424 

  0x00000267cb795534: ;   {runtime_call throw_class_cast_exception Runtime1 stub}
  0x00000267cb795534: e8e7 01f6 

  0x00000267cb795538: ; ImmutableOopMap {rdx=Oop }
                      ;*checkcast {reexecute=0 rethrow=0 return_oop=0}
                      ; - jakarta.servlet.http.HttpServletRequestWrapper::_getHttpServletRequest@4 (line 50)
                      ;   {internal_word}
  0x00000267cb795538: ff49 ba22 | 5579 cb67 | 0200 004d | 8997 6003 

  0x00000267cb795548: ;   {runtime_call SafepointBlob}
  0x00000267cb795548: 0000 e9b1 | deeb ff90 | 9049 8b87 | d803 0000 | 49c7 87d8 | 0300 0000 | 0000 0049 | c787 e003 
  0x00000267cb795568: 0000 0000 | 0000 4883 

  0x00000267cb795570: ;   {runtime_call unwind_exception Runtime1 stub}
  0x00000267cb795570: c430 5de9 | 88cb f5ff | f4f4 f4f4 | f4f4 f4f4 
[Exception Handler]
  0x00000267cb795580: ;   {no_reloc}
  0x00000267cb795580: e87b fbf5 

  0x00000267cb795584: ;   {external_word}
  0x00000267cb795584: ff48 b9a0 | e0d8 e8f8 | 7f00 0048 

  0x00000267cb795590: ;   {runtime_call}
  0x00000267cb795590: 83e4 f049 | bae0 daa6 | e8f8 7f00 | 0041 ffd2 

  0x00000267cb7955a0: ;   {section_word}
  0x00000267cb7955a0: f449 baa1 | 5579 cb67 | 0200 0041 

  0x00000267cb7955ac: ;   {runtime_call DeoptimizationBlob}
  0x00000267cb7955ac: 52e9 eed0 | ebff f4f4 | f4f4 f4f4 
[/MachCode]


---------------  P R O C E S S  ---------------

Threads class SMR info:
_java_thread_list=0x000002681e15d7b0, length=43, elements={
0x00000267d3dc1ad0, 0x00000267d3dc72a0, 0x00000267d68870b0, 0x00000267d68885a0,
0x00000267d6888a80, 0x00000267d68993a0, 0x00000267d68a4da0, 0x00000267d68a52c0,
0x00000267d6a63540, 0x00000267d6ab4970, 0x000002681c5a9010, 0x000002681c448f30,
0x000002681c5dc840, 0x000002681c8bad80, 0x000002681c8ba360, 0x000002681c8b9940,
0x000002681c8b9e50, 0x000002681e205d20, 0x000002681e2099e0, 0x000002681e20ae20,
0x000002681e207160, 0x000002681e20b330, 0x000002681e20c260, 0x000002681e2085a0,
0x000002681e208fc0, 0x000002681e204df0, 0x000002681e2094d0, 0x000002681e209ef0,
0x000002681e207670, 0x000002681e20c770, 0x000002681e205810, 0x000002681e206230,
0x000002681e208090, 0x000002681e206740, 0x000002681f0c16e0, 0x000002681f0bee60,
0x000002681f0c1bf0, 0x000002681f0bfd90, 0x000002681f0c2100, 0x000002681f0bf370,
0x000002681f2f4250, 0x000002681cedff40, 0x000002681f2fdb20
}

Java Threads: ( => current thread )
  0x00000267d3dc1ad0 JavaThread "Reference Handler" daemon [_thread_blocked, id=5572, stack(0x000000be62100000,0x000000be62200000)]
  0x00000267d3dc72a0 JavaThread "Finalizer" daemon [_thread_blocked, id=6644, stack(0x000000be62200000,0x000000be62300000)]
  0x00000267d68870b0 JavaThread "Signal Dispatcher" daemon [_thread_blocked, id=9044, stack(0x000000be62300000,0x000000be62400000)]
  0x00000267d68885a0 JavaThread "Attach Listener" daemon [_thread_blocked, id=8740, stack(0x000000be62400000,0x000000be62500000)]
  0x00000267d6888a80 JavaThread "Service Thread" daemon [_thread_blocked, id=8148, stack(0x000000be62500000,0x000000be62600000)]
  0x00000267d68993a0 JavaThread "Monitor Deflation Thread" daemon [_thread_blocked, id=11000, stack(0x000000be62600000,0x000000be62700000)]
  0x00000267d68a4da0 JavaThread "C1 CompilerThread0" daemon [_thread_blocked, id=1104, stack(0x000000be62700000,0x000000be62800000)]
  0x00000267d68a52c0 JavaThread "Sweeper thread" daemon [_thread_blocked, id=6736, stack(0x000000be62800000,0x000000be62900000)]
  0x00000267d6a63540 JavaThread "Common-Cleaner" daemon [_thread_blocked, id=1572, stack(0x000000be62900000,0x000000be62a00000)]
  0x00000267d6ab4970 JavaThread "Notification Thread" daemon [_thread_blocked, id=4336, stack(0x000000be62b00000,0x000000be62c00000)]
  0x000002681c5a9010 JavaThread "RMI TCP Accept-0" daemon [_thread_in_native, id=9992, stack(0x000000be62e00000,0x000000be62f00000)]
  0x000002681c448f30 JavaThread "RMI TCP Accept-50652" daemon [_thread_in_native, id=964, stack(0x000000be62f00000,0x000000be63000000)]
  0x000002681c5dc840 JavaThread "RMI TCP Accept-0" daemon [_thread_in_native, id=8388, stack(0x000000be63000000,0x000000be63100000)]
  0x000002681c8bad80 JavaThread "RMI Scheduler(0)" daemon [_thread_blocked, id=5684, stack(0x000000be63d00000,0x000000be63e00000)]
  0x000002681c8ba360 JavaThread "JMX server connection timeout 25" daemon [_thread_blocked, id=10400, stack(0x000000be63f00000,0x000000be64000000)]
  0x000002681c8b9940 JavaThread "PostgreSQL-JDBC-Cleaner" daemon [_thread_blocked, id=8336, stack(0x000000be64300000,0x000000be64400000)]
  0x000002681c8b9e50 JavaThread "HikariPool-1 housekeeper" daemon [_thread_blocked, id=5652, stack(0x000000be64600000,0x000000be64700000)]
  0x000002681e205d20 JavaThread "Catalina-utility-1" [_thread_blocked, id=2404, stack(0x000000be64800000,0x000000be64900000)]
  0x000002681e2099e0 JavaThread "Catalina-utility-2" [_thread_blocked, id=1384, stack(0x000000be64900000,0x000000be64a00000)]
  0x000002681e20ae20 JavaThread "container-0" [_thread_blocked, id=8284, stack(0x000000be64a00000,0x000000be64b00000)]
  0x000002681e207160 JavaThread "lettuce-timer-3-1" daemon [_thread_blocked, id=1332, stack(0x000000be64b00000,0x000000be64c00000)]
  0x000002681e20b330 JavaThread "File Watcher" daemon [_thread_in_native, id=7184, stack(0x000000be64c00000,0x000000be64d00000)]
  0x000002681e20c260 JavaThread "Live Reload Server" daemon [_thread_in_native, id=5256, stack(0x000000be64d00000,0x000000be64e00000)]
  0x000002681e2085a0 JavaThread "http-nio-0.0.0.0-8080-exec-1" daemon [_thread_blocked, id=8516, stack(0x000000be64e00000,0x000000be64f00000)]
  0x000002681e208fc0 JavaThread "http-nio-0.0.0.0-8080-exec-2" daemon [_thread_blocked, id=2656, stack(0x000000be64f00000,0x000000be65000000)]
  0x000002681e204df0 JavaThread "http-nio-0.0.0.0-8080-exec-3" daemon [_thread_blocked, id=3916, stack(0x000000be65000000,0x000000be65100000)]
=>0x000002681e2094d0 JavaThread "http-nio-0.0.0.0-8080-exec-4" daemon [_thread_in_Java, id=5984, stack(0x000000be65100000,0x000000be65200000)]
  0x000002681e209ef0 JavaThread "http-nio-0.0.0.0-8080-exec-5" daemon [_thread_blocked, id=4292, stack(0x000000be65200000,0x000000be65300000)]
  0x000002681e207670 JavaThread "http-nio-0.0.0.0-8080-exec-6" daemon [_thread_blocked, id=4688, stack(0x000000be65300000,0x000000be65400000)]
  0x000002681e20c770 JavaThread "http-nio-0.0.0.0-8080-exec-7" daemon [_thread_blocked, id=10812, stack(0x000000be65400000,0x000000be65500000)]
  0x000002681e205810 JavaThread "http-nio-0.0.0.0-8080-exec-8" daemon [_thread_blocked, id=5484, stack(0x000000be65500000,0x000000be65600000)]
  0x000002681e206230 JavaThread "http-nio-0.0.0.0-8080-exec-9" daemon [_thread_blocked, id=8096, stack(0x000000be65600000,0x000000be65700000)]
  0x000002681e208090 JavaThread "http-nio-0.0.0.0-8080-exec-10" daemon [_thread_blocked, id=1500, stack(0x000000be65700000,0x000000be65800000)]
  0x000002681e206740 JavaThread "http-nio-0.0.0.0-8080-Poller" daemon [_thread_in_native, id=8112, stack(0x000000be65800000,0x000000be65900000)]
  0x000002681f0c16e0 JavaThread "http-nio-0.0.0.0-8080-Acceptor" daemon [_thread_in_native, id=11032, stack(0x000000be65900000,0x000000be65a00000)]
  0x000002681f0bee60 JavaThread "scheduling-1" [_thread_blocked, id=10152, stack(0x000000be65a00000,0x000000be65b00000)]
  0x000002681f0c1bf0 JavaThread "DestroyJavaVM" [_thread_blocked, id=9280, stack(0x000000be61a00000,0x000000be61b00000)]
  0x000002681f0bfd90 JavaThread "RMI TCP Connection(idle)" daemon [_thread_blocked, id=4436, stack(0x000000be65e00000,0x000000be65f00000)]
  0x000002681f0c2100 JavaThread "RMI TCP Connection(9)-127.0.0.1" daemon [_thread_in_native, id=2524, stack(0x000000be62c00000,0x000000be62d00000)]
  0x000002681f0bf370 JavaThread "JMX server connection timeout 64" daemon [_thread_blocked, id=4600, stack(0x000000be62d00000,0x000000be62e00000)]
  0x000002681f2f4250 JavaThread "C1 CompilerThread1" daemon [_thread_blocked, id=4032, stack(0x000000be61700000,0x000000be61800000)]
  0x000002681cedff40 JavaThread "C1 CompilerThread2" daemon [_thread_blocked, id=10004, stack(0x000000be61800000,0x000000be61900000)]
  0x000002681f2fdb20 JavaThread "C1 CompilerThread3" daemon [_thread_blocked, id=3984, stack(0x000000be61900000,0x000000be61a00000)]

Other Threads:
  0x00000267d3dc00d0 VMThread "VM Thread" [stack: 0x000000be62000000,0x000000be62100000] [id=9812]
  0x000002681c5d95b0 WatcherThread [stack: 0x000000be63100000,0x000000be63200000] [id=4548]
  0x00000267c3d44150 GCTaskThread "GC Thread#0" [stack: 0x000000be61b00000,0x000000be61c00000] [id=3332]
  0x00000267d6acd8b0 GCTaskThread "GC Thread#1" [stack: 0x000000be63200000,0x000000be63300000] [id=5832]
  0x00000267d6ace0f0 GCTaskThread "GC Thread#2" [stack: 0x000000be63300000,0x000000be63400000] [id=10296]
  0x00000267d6accdb0 GCTaskThread "GC Thread#3" [stack: 0x000000be63400000,0x000000be63500000] [id=11216]
  0x00000267d6acd070 GCTaskThread "GC Thread#4" [stack: 0x000000be63500000,0x000000be63600000] [id=5316]
  0x00000267d6acd330 GCTaskThread "GC Thread#5" [stack: 0x000000be63600000,0x000000be63700000] [id=5532]
  0x00000267d6ace3b0 GCTaskThread "GC Thread#6" [stack: 0x000000be63700000,0x000000be63800000] [id=4228]
  0x00000267d6acd5f0 GCTaskThread "GC Thread#7" [stack: 0x000000be63800000,0x000000be63900000] [id=6032]
  0x00000267d6accaf0 GCTaskThread "GC Thread#8" [stack: 0x000000be64000000,0x000000be64100000] [id=6916]
  0x00000267d6acdb70 GCTaskThread "GC Thread#9" [stack: 0x000000be64200000,0x000000be64300000] [id=3148]
  0x00000267d3bdbdd0 ConcurrentGCThread "G1 Main Marker" [stack: 0x000000be61c00000,0x000000be61d00000] [id=7420]
  0x00000267c3d4ec30 ConcurrentGCThread "G1 Conc#0" [stack: 0x000000be61d00000,0x000000be61e00000] [id=3924]
  0x00000267d6acde30 ConcurrentGCThread "G1 Conc#1" [stack: 0x000000be64400000,0x000000be64500000] [id=1820]
  0x000002681d00c4c0 ConcurrentGCThread "G1 Conc#2" [stack: 0x000000be64500000,0x000000be64600000] [id=8728]
  0x00000267d3c5f0b0 ConcurrentGCThread "G1 Refine#0" [stack: 0x000000be61e00000,0x000000be61f00000] [id=8212]
  0x000002681c71a3c0 ConcurrentGCThread "G1 Refine#1" [stack: 0x000000be63900000,0x000000be63a00000] [id=2752]
  0x00000267d3c5f500 ConcurrentGCThread "G1 Service" [stack: 0x000000be61f00000,0x000000be62000000] [id=8652]

Threads with active compile tasks:

VM state: not at safepoint (normal execution)

VM Mutex/Monitor currently owned by a thread: None

Heap address: 0x0000000083600000, size: 1994 MB, Compressed Oops mode: 32-bit

CDS archive(s) mapped at: [0x00000267d7000000-0x00000267d7bd0000-0x00000267d7bd0000), size 12386304, SharedBaseAddress: 0x00000267d7000000, ArchiveRelocationMode: 1.
Compressed class space mapped at: 0x00000267d8000000-0x0000026818000000, reserved size: 1073741824
Narrow klass base: 0x00000267d7000000, Narrow klass shift: 0, Narrow klass range: 0x100000000

GC Precious Log:
 CPUs: 12 total, 12 available
 Memory: 7968M
 Large Page Support: Disabled
 NUMA Support: Disabled
 Compressed Oops: Enabled (32-bit)
 Heap Region Size: 1M
 Heap Min Capacity: 8M
 Heap Initial Capacity: 126M
 Heap Max Capacity: 1994M
 Pre-touch: Disabled
 Parallel Workers: 10
 Concurrent Workers: 3
 Concurrent Refinement Workers: 10
 Periodic GC: Disabled

Heap:
 garbage-first heap   total 177152K, used 102796K [0x0000000083600000, 0x0000000100000000)
  region size 1024K, 41 young (41984K), 6 survivors (6144K)
 Metaspace       used 98595K, committed 99392K, reserved 1179648K
  class space    used 14121K, committed 14464K, reserved 1048576K

Heap Regions: E=young(eden), S=young(survivor), O=old, HS=humongous(starts), HC=humongous(continues), CS=collection set, F=free, OA=open archive, CA=closed archive, TAMS=top-at-mark-start (previous, next)
|   0|0x0000000083600000, 0x0000000083700000, 0x0000000083700000|100%|HS|  |TAMS 0x0000000083700000, 0x0000000083600000| Complete 
|   1|0x0000000083700000, 0x0000000083800000, 0x0000000083800000|100%| O|  |TAMS 0x0000000083800000, 0x0000000083700000| Untracked 
|   2|0x0000000083800000, 0x0000000083900000, 0x0000000083900000|100%| O|  |TAMS 0x0000000083900000, 0x0000000083800000| Untracked 
|   3|0x0000000083900000, 0x0000000083a00000, 0x0000000083a00000|100%| O|  |TAMS 0x0000000083a00000, 0x0000000083900000| Untracked 
|   4|0x0000000083a00000, 0x0000000083b00000, 0x0000000083b00000|100%| O|  |TAMS 0x0000000083b00000, 0x0000000083a00000| Untracked 
|   5|0x0000000083b00000, 0x0000000083c00000, 0x0000000083c00000|100%| O|  |TAMS 0x0000000083c00000, 0x0000000083b00000| Untracked 
|   6|0x0000000083c00000, 0x0000000083d00000, 0x0000000083d00000|100%| O|  |TAMS 0x0000000083d00000, 0x0000000083c00000| Untracked 
|   7|0x0000000083d00000, 0x0000000083e00000, 0x0000000083e00000|100%| O|  |TAMS 0x0000000083e00000, 0x0000000083d00000| Untracked 
|   8|0x0000000083e00000, 0x0000000083f00000, 0x0000000083f00000|100%| O|  |TAMS 0x0000000083f00000, 0x0000000083e00000| Untracked 
|   9|0x0000000083f00000, 0x0000000083ff5800, 0x0000000084000000| 95%| O|  |TAMS 0x0000000083ff5800, 0x0000000083f00000| Untracked 
|  10|0x0000000084000000, 0x0000000084100000, 0x0000000084100000|100%| O|  |TAMS 0x0000000084100000, 0x0000000084000000| Untracked 
|  11|0x0000000084100000, 0x0000000084200000, 0x0000000084200000|100%| O|  |TAMS 0x0000000084200000, 0x0000000084100000| Untracked 
|  12|0x0000000084200000, 0x0000000084300000, 0x0000000084300000|100%| O|  |TAMS 0x0000000084300000, 0x0000000084200000| Untracked 
|  13|0x0000000084300000, 0x0000000084400000, 0x0000000084400000|100%| O|  |TAMS 0x0000000084400000, 0x0000000084300000| Untracked 
|  14|0x0000000084400000, 0x0000000084500000, 0x0000000084500000|100%| O|  |TAMS 0x0000000084500000, 0x0000000084400000| Untracked 
|  15|0x0000000084500000, 0x0000000084600000, 0x0000000084600000|100%| O|  |TAMS 0x0000000084600000, 0x0000000084500000| Untracked 
|  16|0x0000000084600000, 0x0000000084700000, 0x0000000084700000|100%| O|  |TAMS 0x0000000084700000, 0x0000000084600000| Untracked 
|  17|0x0000000084700000, 0x0000000084800000, 0x0000000084800000|100%| O|  |TAMS 0x0000000084800000, 0x0000000084700000| Untracked 
|  18|0x0000000084800000, 0x0000000084900000, 0x0000000084900000|100%| O|  |TAMS 0x0000000084900000, 0x0000000084800000| Untracked 
|  19|0x0000000084900000, 0x0000000084a00000, 0x0000000084a00000|100%| O|  |TAMS 0x0000000084a00000, 0x0000000084900000| Untracked 
|  20|0x0000000084a00000, 0x0000000084b00000, 0x0000000084b00000|100%| O|  |TAMS 0x0000000084b00000, 0x0000000084a00000| Untracked 
|  21|0x0000000084b00000, 0x0000000084c00000, 0x0000000084c00000|100%| O|  |TAMS 0x0000000084c00000, 0x0000000084b00000| Untracked 
|  22|0x0000000084c00000, 0x0000000084d00000, 0x0000000084d00000|100%| O|  |TAMS 0x0000000084d00000, 0x0000000084c00000| Untracked 
|  23|0x0000000084d00000, 0x0000000084e00000, 0x0000000084e00000|100%| O|  |TAMS 0x0000000084e00000, 0x0000000084d00000| Untracked 
|  24|0x0000000084e00000, 0x0000000084f00000, 0x0000000084f00000|100%| O|  |TAMS 0x0000000084f00000, 0x0000000084e00000| Untracked 
|  25|0x0000000084f00000, 0x0000000085000000, 0x0000000085000000|100%| O|  |TAMS 0x0000000085000000, 0x0000000084f00000| Untracked 
|  26|0x0000000085000000, 0x0000000085100000, 0x0000000085100000|100%| O|  |TAMS 0x0000000085100000, 0x0000000085000000| Untracked 
|  27|0x0000000085100000, 0x0000000085200000, 0x0000000085200000|100%| O|  |TAMS 0x0000000085200000, 0x0000000085100000| Untracked 
|  28|0x0000000085200000, 0x0000000085300000, 0x0000000085300000|100%| O|  |TAMS 0x000000008526b200, 0x0000000085200000| Untracked 
|  29|0x0000000085300000, 0x0000000085400000, 0x0000000085400000|100%| O|  |TAMS 0x0000000085300000, 0x0000000085300000| Untracked 
|  30|0x0000000085400000, 0x0000000085500000, 0x0000000085500000|100%| O|  |TAMS 0x0000000085400000, 0x0000000085400000| Untracked 
|  31|0x0000000085500000, 0x0000000085600000, 0x0000000085600000|100%| O|  |TAMS 0x0000000085500000, 0x0000000085500000| Untracked 
|  32|0x0000000085600000, 0x0000000085700000, 0x0000000085700000|100%| O|  |TAMS 0x0000000085600000, 0x0000000085600000| Untracked 
|  33|0x0000000085700000, 0x0000000085800000, 0x0000000085800000|100%| O|  |TAMS 0x0000000085700000, 0x0000000085700000| Untracked 
|  34|0x0000000085800000, 0x0000000085900000, 0x0000000085900000|100%| O|  |TAMS 0x0000000085800000, 0x0000000085800000| Untracked 
|  35|0x0000000085900000, 0x0000000085a00000, 0x0000000085a00000|100%| O|  |TAMS 0x0000000085900000, 0x0000000085900000| Untracked 
|  36|0x0000000085a00000, 0x0000000085b00000, 0x0000000085b00000|100%| O|  |TAMS 0x0000000085a00000, 0x0000000085a00000| Untracked 
|  37|0x0000000085b00000, 0x0000000085c00000, 0x0000000085c00000|100%| O|  |TAMS 0x0000000085b00000, 0x0000000085b00000| Untracked 
|  38|0x0000000085c00000, 0x0000000085d00000, 0x0000000085d00000|100%| O|  |TAMS 0x0000000085c00000, 0x0000000085c00000| Untracked 
|  39|0x0000000085d00000, 0x0000000085e00000, 0x0000000085e00000|100%| O|  |TAMS 0x0000000085d00000, 0x0000000085d00000| Untracked 
|  40|0x0000000085e00000, 0x0000000085f00000, 0x0000000085f00000|100%| O|  |TAMS 0x0000000085e00000, 0x0000000085e00000| Untracked 
|  41|0x0000000085f00000, 0x0000000086000000, 0x0000000086000000|100%| O|  |TAMS 0x0000000085f00000, 0x0000000085f00000| Untracked 
|  42|0x0000000086000000, 0x0000000086100000, 0x0000000086100000|100%| O|  |TAMS 0x0000000086000000, 0x0000000086000000| Untracked 
|  43|0x0000000086100000, 0x0000000086200000, 0x0000000086200000|100%| O|  |TAMS 0x0000000086100000, 0x0000000086100000| Untracked 
|  44|0x0000000086200000, 0x0000000086300000, 0x0000000086300000|100%| O|  |TAMS 0x0000000086200000, 0x0000000086200000| Untracked 
|  45|0x0000000086300000, 0x0000000086400000, 0x0000000086400000|100%| O|  |TAMS 0x0000000086300000, 0x0000000086300000| Untracked 
|  46|0x0000000086400000, 0x0000000086500000, 0x0000000086500000|100%| O|  |TAMS 0x0000000086400000, 0x0000000086400000| Untracked 
|  47|0x0000000086500000, 0x0000000086600000, 0x0000000086600000|100%| O|  |TAMS 0x0000000086500000, 0x0000000086500000| Untracked 
|  48|0x0000000086600000, 0x0000000086700000, 0x0000000086700000|100%| O|  |TAMS 0x0000000086600000, 0x0000000086600000| Untracked 
|  49|0x0000000086700000, 0x0000000086800000, 0x0000000086800000|100%| O|  |TAMS 0x0000000086700000, 0x0000000086700000| Untracked 
|  50|0x0000000086800000, 0x0000000086900000, 0x0000000086900000|100%| O|  |TAMS 0x0000000086800000, 0x0000000086800000| Untracked 
|  51|0x0000000086900000, 0x0000000086a00000, 0x0000000086a00000|100%| O|  |TAMS 0x0000000086900000, 0x0000000086900000| Untracked 
|  52|0x0000000086a00000, 0x0000000086b00000, 0x0000000086b00000|100%| O|  |TAMS 0x0000000086a00000, 0x0000000086a00000| Untracked 
|  53|0x0000000086b00000, 0x0000000086c00000, 0x0000000086c00000|100%| O|  |TAMS 0x0000000086b00000, 0x0000000086b00000| Untracked 
|  54|0x0000000086c00000, 0x0000000086d00000, 0x0000000086d00000|100%| O|  |TAMS 0x0000000086c00000, 0x0000000086c00000| Untracked 
|  55|0x0000000086d00000, 0x0000000086e00000, 0x0000000086e00000|100%| O|  |TAMS 0x0000000086d00000, 0x0000000086d00000| Untracked 
|  56|0x0000000086e00000, 0x0000000086f00000, 0x0000000086f00000|100%| O|  |TAMS 0x0000000086e00000, 0x0000000086e00000| Untracked 
|  57|0x0000000086f00000, 0x0000000087000000, 0x0000000087000000|100%| O|  |TAMS 0x0000000086f00000, 0x0000000086f00000| Untracked 
|  58|0x0000000087000000, 0x0000000087100000, 0x0000000087100000|100%| O|  |TAMS 0x0000000087000000, 0x0000000087000000| Untracked 
|  59|0x0000000087100000, 0x0000000087200000, 0x0000000087200000|100%| O|  |TAMS 0x0000000087100000, 0x0000000087100000| Untracked 
|  60|0x0000000087200000, 0x0000000087300000, 0x0000000087300000|100%| O|  |TAMS 0x0000000087200000, 0x0000000087200000| Untracked 
|  61|0x0000000087300000, 0x000000008733fc00, 0x0000000087400000| 24%| O|  |TAMS 0x0000000087300000, 0x0000000087300000| Untracked 
|  62|0x0000000087400000, 0x0000000087400000, 0x0000000087500000|  0%| F|  |TAMS 0x0000000087400000, 0x0000000087400000| Untracked 
|  63|0x0000000087500000, 0x0000000087500000, 0x0000000087600000|  0%| F|  |TAMS 0x0000000087500000, 0x0000000087500000| Untracked 
|  64|0x0000000087600000, 0x0000000087600000, 0x0000000087700000|  0%| F|  |TAMS 0x0000000087600000, 0x0000000087600000| Untracked 
|  65|0x0000000087700000, 0x0000000087700000, 0x0000000087800000|  0%| F|  |TAMS 0x0000000087700000, 0x0000000087700000| Untracked 
|  66|0x0000000087800000, 0x0000000087800000, 0x0000000087900000|  0%| F|  |TAMS 0x0000000087800000, 0x0000000087800000| Untracked 
|  67|0x0000000087900000, 0x0000000087900000, 0x0000000087a00000|  0%| F|  |TAMS 0x0000000087900000, 0x0000000087900000| Untracked 
|  68|0x0000000087a00000, 0x0000000087a00000, 0x0000000087b00000|  0%| F|  |TAMS 0x0000000087a00000, 0x0000000087a00000| Untracked 
|  69|0x0000000087b00000, 0x0000000087b00000, 0x0000000087c00000|  0%| F|  |TAMS 0x0000000087b00000, 0x0000000087b00000| Untracked 
|  70|0x0000000087c00000, 0x0000000087c00000, 0x0000000087d00000|  0%| F|  |TAMS 0x0000000087c00000, 0x0000000087c00000| Untracked 
|  71|0x0000000087d00000, 0x0000000087d00000, 0x0000000087e00000|  0%| F|  |TAMS 0x0000000087d00000, 0x0000000087d00000| Untracked 
|  72|0x0000000087e00000, 0x0000000087e00000, 0x0000000087f00000|  0%| F|  |TAMS 0x0000000087e00000, 0x0000000087e00000| Untracked 
|  73|0x0000000087f00000, 0x0000000087f00000, 0x0000000088000000|  0%| F|  |TAMS 0x0000000087f00000, 0x0000000087f00000| Untracked 
|  74|0x0000000088000000, 0x0000000088000000, 0x0000000088100000|  0%| F|  |TAMS 0x0000000088000000, 0x0000000088000000| Untracked 
|  75|0x0000000088100000, 0x0000000088100000, 0x0000000088200000|  0%| F|  |TAMS 0x0000000088100000, 0x0000000088100000| Untracked 
|  76|0x0000000088200000, 0x0000000088200000, 0x0000000088300000|  0%| F|  |TAMS 0x0000000088200000, 0x0000000088200000| Untracked 
|  77|0x0000000088300000, 0x0000000088300000, 0x0000000088400000|  0%| F|  |TAMS 0x0000000088300000, 0x0000000088300000| Untracked 
|  78|0x0000000088400000, 0x0000000088400000, 0x0000000088500000|  0%| F|  |TAMS 0x0000000088400000, 0x0000000088400000| Untracked 
|  79|0x0000000088500000, 0x0000000088500000, 0x0000000088600000|  0%| F|  |TAMS 0x0000000088500000, 0x0000000088500000| Untracked 
|  80|0x0000000088600000, 0x000000008862dca0, 0x0000000088700000| 17%| S|CS|TAMS 0x0000000088600000, 0x0000000088600000| Complete 
|  81|0x0000000088700000, 0x0000000088800000, 0x0000000088800000|100%| S|CS|TAMS 0x0000000088700000, 0x0000000088700000| Complete 
|  82|0x0000000088800000, 0x0000000088900000, 0x0000000088900000|100%| S|CS|TAMS 0x0000000088800000, 0x0000000088800000| Complete 
|  83|0x0000000088900000, 0x0000000088a00000, 0x0000000088a00000|100%| S|CS|TAMS 0x0000000088900000, 0x0000000088900000| Complete 
|  84|0x0000000088a00000, 0x0000000088b00000, 0x0000000088b00000|100%| S|CS|TAMS 0x0000000088a00000, 0x0000000088a00000| Complete 
|  85|0x0000000088b00000, 0x0000000088c00000, 0x0000000088c00000|100%| S|CS|TAMS 0x0000000088b00000, 0x0000000088b00000| Complete 
|  86|0x0000000088c00000, 0x0000000088c00000, 0x0000000088d00000|  0%| F|  |TAMS 0x0000000088c00000, 0x0000000088c00000| Untracked 
|  87|0x0000000088d00000, 0x0000000088d00000, 0x0000000088e00000|  0%| F|  |TAMS 0x0000000088d00000, 0x0000000088d00000| Untracked 
|  88|0x0000000088e00000, 0x0000000088e00000, 0x0000000088f00000|  0%| F|  |TAMS 0x0000000088e00000, 0x0000000088e00000| Untracked 
|  89|0x0000000088f00000, 0x0000000088f00000, 0x0000000089000000|  0%| F|  |TAMS 0x0000000088f00000, 0x0000000088f00000| Untracked 
|  90|0x0000000089000000, 0x0000000089000000, 0x0000000089100000|  0%| F|  |TAMS 0x0000000089000000, 0x0000000089000000| Untracked 
|  91|0x0000000089100000, 0x0000000089100000, 0x0000000089200000|  0%| F|  |TAMS 0x0000000089100000, 0x0000000089100000| Untracked 
|  92|0x0000000089200000, 0x0000000089200000, 0x0000000089300000|  0%| F|  |TAMS 0x0000000089200000, 0x0000000089200000| Untracked 
|  93|0x0000000089300000, 0x0000000089300000, 0x0000000089400000|  0%| F|  |TAMS 0x0000000089300000, 0x0000000089300000| Untracked 
|  94|0x0000000089400000, 0x0000000089400000, 0x0000000089500000|  0%| F|  |TAMS 0x0000000089400000, 0x0000000089400000| Untracked 
|  95|0x0000000089500000, 0x0000000089500000, 0x0000000089600000|  0%| F|  |TAMS 0x0000000089500000, 0x0000000089500000| Untracked 
|  96|0x0000000089600000, 0x0000000089600000, 0x0000000089700000|  0%| F|  |TAMS 0x0000000089600000, 0x0000000089600000| Untracked 
|  97|0x0000000089700000, 0x0000000089700000, 0x0000000089800000|  0%| F|  |TAMS 0x0000000089700000, 0x0000000089700000| Untracked 
|  98|0x0000000089800000, 0x0000000089800000, 0x0000000089900000|  0%| F|  |TAMS 0x0000000089800000, 0x0000000089800000| Untracked 
|  99|0x0000000089900000, 0x0000000089900000, 0x0000000089a00000|  0%| F|  |TAMS 0x0000000089900000, 0x0000000089900000| Untracked 
| 100|0x0000000089a00000, 0x0000000089a00000, 0x0000000089b00000|  0%| F|  |TAMS 0x0000000089a00000, 0x0000000089a00000| Untracked 
| 101|0x0000000089b00000, 0x0000000089b00000, 0x0000000089c00000|  0%| F|  |TAMS 0x0000000089b00000, 0x0000000089b00000| Untracked 
| 102|0x0000000089c00000, 0x0000000089c00000, 0x0000000089d00000|  0%| F|  |TAMS 0x0000000089c00000, 0x0000000089c00000| Untracked 
| 103|0x0000000089d00000, 0x0000000089d00000, 0x0000000089e00000|  0%| F|  |TAMS 0x0000000089d00000, 0x0000000089d00000| Untracked 
| 104|0x0000000089e00000, 0x0000000089e00000, 0x0000000089f00000|  0%| F|  |TAMS 0x0000000089e00000, 0x0000000089e00000| Untracked 
| 105|0x0000000089f00000, 0x0000000089f00000, 0x000000008a000000|  0%| F|  |TAMS 0x0000000089f00000, 0x0000000089f00000| Untracked 
| 106|0x000000008a000000, 0x000000008a000000, 0x000000008a100000|  0%| F|  |TAMS 0x000000008a000000, 0x000000008a000000| Untracked 
| 107|0x000000008a100000, 0x000000008a100000, 0x000000008a200000|  0%| F|  |TAMS 0x000000008a100000, 0x000000008a100000| Untracked 
| 108|0x000000008a200000, 0x000000008a200000, 0x000000008a300000|  0%| F|  |TAMS 0x000000008a200000, 0x000000008a200000| Untracked 
| 109|0x000000008a300000, 0x000000008a300000, 0x000000008a400000|  0%| F|  |TAMS 0x000000008a300000, 0x000000008a300000| Untracked 
| 110|0x000000008a400000, 0x000000008a400000, 0x000000008a500000|  0%| F|  |TAMS 0x000000008a400000, 0x000000008a400000| Untracked 
| 111|0x000000008a500000, 0x000000008a500000, 0x000000008a600000|  0%| F|  |TAMS 0x000000008a500000, 0x000000008a500000| Untracked 
| 112|0x000000008a600000, 0x000000008a600000, 0x000000008a700000|  0%| F|  |TAMS 0x000000008a600000, 0x000000008a600000| Untracked 
| 113|0x000000008a700000, 0x000000008a700000, 0x000000008a800000|  0%| F|  |TAMS 0x000000008a700000, 0x000000008a700000| Untracked 
| 114|0x000000008a800000, 0x000000008a800000, 0x000000008a900000|  0%| F|  |TAMS 0x000000008a800000, 0x000000008a800000| Untracked 
| 115|0x000000008a900000, 0x000000008a900000, 0x000000008aa00000|  0%| F|  |TAMS 0x000000008a900000, 0x000000008a900000| Untracked 
| 116|0x000000008aa00000, 0x000000008aa00000, 0x000000008ab00000|  0%| F|  |TAMS 0x000000008aa00000, 0x000000008aa00000| Untracked 
| 117|0x000000008ab00000, 0x000000008ab00000, 0x000000008ac00000|  0%| F|  |TAMS 0x000000008ab00000, 0x000000008ab00000| Untracked 
| 118|0x000000008ac00000, 0x000000008ac00000, 0x000000008ad00000|  0%| F|  |TAMS 0x000000008ac00000, 0x000000008ac00000| Untracked 
| 119|0x000000008ad00000, 0x000000008ad00000, 0x000000008ae00000|  0%| F|  |TAMS 0x000000008ad00000, 0x000000008ad00000| Untracked 
| 120|0x000000008ae00000, 0x000000008ae00000, 0x000000008af00000|  0%| F|  |TAMS 0x000000008ae00000, 0x000000008ae00000| Untracked 
| 121|0x000000008af00000, 0x000000008af00000, 0x000000008b000000|  0%| F|  |TAMS 0x000000008af00000, 0x000000008af00000| Untracked 
| 122|0x000000008b000000, 0x000000008b000000, 0x000000008b100000|  0%| F|  |TAMS 0x000000008b000000, 0x000000008b000000| Untracked 
| 123|0x000000008b100000, 0x000000008b100000, 0x000000008b200000|  0%| F|  |TAMS 0x000000008b100000, 0x000000008b100000| Untracked 
| 124|0x000000008b200000, 0x000000008b200000, 0x000000008b300000|  0%| F|  |TAMS 0x000000008b200000, 0x000000008b200000| Untracked 
| 125|0x000000008b300000, 0x000000008b300000, 0x000000008b400000|  0%| F|  |TAMS 0x000000008b300000, 0x000000008b300000| Untracked 
| 126|0x000000008b400000, 0x000000008b400000, 0x000000008b500000|  0%| F|  |TAMS 0x000000008b400000, 0x000000008b400000| Untracked 
| 127|0x000000008b500000, 0x000000008b500000, 0x000000008b600000|  0%| F|  |TAMS 0x000000008b500000, 0x000000008b500000| Untracked 
| 128|0x000000008b600000, 0x000000008b600000, 0x000000008b700000|  0%| F|  |TAMS 0x000000008b600000, 0x000000008b600000| Untracked 
| 129|0x000000008b700000, 0x000000008b700000, 0x000000008b800000|  0%| F|  |TAMS 0x000000008b700000, 0x000000008b700000| Untracked 
| 130|0x000000008b800000, 0x000000008b800000, 0x000000008b900000|  0%| F|  |TAMS 0x000000008b800000, 0x000000008b800000| Untracked 
| 131|0x000000008b900000, 0x000000008b900000, 0x000000008ba00000|  0%| F|  |TAMS 0x000000008b900000, 0x000000008b900000| Untracked 
| 132|0x000000008ba00000, 0x000000008ba00000, 0x000000008bb00000|  0%| F|  |TAMS 0x000000008ba00000, 0x000000008ba00000| Untracked 
| 133|0x000000008bb00000, 0x000000008bb00000, 0x000000008bc00000|  0%| F|  |TAMS 0x000000008bb00000, 0x000000008bb00000| Untracked 
| 134|0x000000008bc00000, 0x000000008bc00000, 0x000000008bd00000|  0%| F|  |TAMS 0x000000008bc00000, 0x000000008bc00000| Untracked 
| 135|0x000000008bd00000, 0x000000008bd00000, 0x000000008be00000|  0%| F|  |TAMS 0x000000008bd00000, 0x000000008bd00000| Untracked 
| 136|0x000000008be00000, 0x000000008be00000, 0x000000008bf00000|  0%| F|  |TAMS 0x000000008be00000, 0x000000008be00000| Untracked 
| 137|0x000000008bf00000, 0x000000008bf00000, 0x000000008c000000|  0%| F|  |TAMS 0x000000008bf00000, 0x000000008bf00000| Untracked 
| 138|0x000000008c000000, 0x000000008c100000, 0x000000008c100000|100%| E|  |TAMS 0x000000008c000000, 0x000000008c000000| Complete 
| 139|0x000000008c100000, 0x000000008c200000, 0x000000008c200000|100%| E|CS|TAMS 0x000000008c100000, 0x000000008c100000| Complete 
| 140|0x000000008c200000, 0x000000008c300000, 0x000000008c300000|100%| E|CS|TAMS 0x000000008c200000, 0x000000008c200000| Complete 
| 141|0x000000008c300000, 0x000000008c400000, 0x000000008c400000|100%| E|CS|TAMS 0x000000008c300000, 0x000000008c300000| Complete 
| 142|0x000000008c400000, 0x000000008c500000, 0x000000008c500000|100%| E|CS|TAMS 0x000000008c400000, 0x000000008c400000| Complete 
| 143|0x000000008c500000, 0x000000008c600000, 0x000000008c600000|100%| E|CS|TAMS 0x000000008c500000, 0x000000008c500000| Complete 
| 144|0x000000008c600000, 0x000000008c700000, 0x000000008c700000|100%| E|CS|TAMS 0x000000008c600000, 0x000000008c600000| Complete 
| 145|0x000000008c700000, 0x000000008c800000, 0x000000008c800000|100%| E|CS|TAMS 0x000000008c700000, 0x000000008c700000| Complete 
| 146|0x000000008c800000, 0x000000008c900000, 0x000000008c900000|100%| E|CS|TAMS 0x000000008c800000, 0x000000008c800000| Complete 
| 147|0x000000008c900000, 0x000000008ca00000, 0x000000008ca00000|100%| E|CS|TAMS 0x000000008c900000, 0x000000008c900000| Complete 
| 148|0x000000008ca00000, 0x000000008cb00000, 0x000000008cb00000|100%| E|CS|TAMS 0x000000008ca00000, 0x000000008ca00000| Complete 
| 149|0x000000008cb00000, 0x000000008cc00000, 0x000000008cc00000|100%| E|CS|TAMS 0x000000008cb00000, 0x000000008cb00000| Complete 
| 150|0x000000008cc00000, 0x000000008cd00000, 0x000000008cd00000|100%| E|CS|TAMS 0x000000008cc00000, 0x000000008cc00000| Complete 
| 151|0x000000008cd00000, 0x000000008ce00000, 0x000000008ce00000|100%| E|CS|TAMS 0x000000008cd00000, 0x000000008cd00000| Complete 
| 152|0x000000008ce00000, 0x000000008cf00000, 0x000000008cf00000|100%| E|CS|TAMS 0x000000008ce00000, 0x000000008ce00000| Complete 
| 153|0x000000008cf00000, 0x000000008d000000, 0x000000008d000000|100%| E|CS|TAMS 0x000000008cf00000, 0x000000008cf00000| Complete 
| 154|0x000000008d000000, 0x000000008d100000, 0x000000008d100000|100%| E|CS|TAMS 0x000000008d000000, 0x000000008d000000| Complete 
| 155|0x000000008d100000, 0x000000008d200000, 0x000000008d200000|100%| E|CS|TAMS 0x000000008d100000, 0x000000008d100000| Complete 
| 156|0x000000008d200000, 0x000000008d300000, 0x000000008d300000|100%| E|CS|TAMS 0x000000008d200000, 0x000000008d200000| Complete 
| 157|0x000000008d300000, 0x000000008d400000, 0x000000008d400000|100%| E|CS|TAMS 0x000000008d300000, 0x000000008d300000| Complete 
| 158|0x000000008d400000, 0x000000008d500000, 0x000000008d500000|100%| E|CS|TAMS 0x000000008d400000, 0x000000008d400000| Complete 
| 159|0x000000008d500000, 0x000000008d600000, 0x000000008d600000|100%| E|CS|TAMS 0x000000008d500000, 0x000000008d500000| Complete 
| 160|0x000000008d600000, 0x000000008d700000, 0x000000008d700000|100%| E|CS|TAMS 0x000000008d600000, 0x000000008d600000| Complete 
| 161|0x000000008d700000, 0x000000008d800000, 0x000000008d800000|100%| E|CS|TAMS 0x000000008d700000, 0x000000008d700000| Complete 
| 162|0x000000008d800000, 0x000000008d900000, 0x000000008d900000|100%| E|CS|TAMS 0x000000008d800000, 0x000000008d800000| Complete 
| 163|0x000000008d900000, 0x000000008da00000, 0x000000008da00000|100%| E|CS|TAMS 0x000000008d900000, 0x000000008d900000| Complete 
| 164|0x000000008da00000, 0x000000008db00000, 0x000000008db00000|100%| E|CS|TAMS 0x000000008da00000, 0x000000008da00000| Complete 
| 165|0x000000008db00000, 0x000000008dc00000, 0x000000008dc00000|100%| E|CS|TAMS 0x000000008db00000, 0x000000008db00000| Complete 
| 166|0x000000008dc00000, 0x000000008dd00000, 0x000000008dd00000|100%| E|CS|TAMS 0x000000008dc00000, 0x000000008dc00000| Complete 
| 167|0x000000008dd00000, 0x000000008de00000, 0x000000008de00000|100%| E|CS|TAMS 0x000000008dd00000, 0x000000008dd00000| Complete 
| 168|0x000000008de00000, 0x000000008df00000, 0x000000008df00000|100%| E|CS|TAMS 0x000000008de00000, 0x000000008de00000| Complete 
| 169|0x000000008df00000, 0x000000008e000000, 0x000000008e000000|100%| E|CS|TAMS 0x000000008df00000, 0x000000008df00000| Complete 
| 170|0x000000008e000000, 0x000000008e100000, 0x000000008e100000|100%| E|CS|TAMS 0x000000008e000000, 0x000000008e000000| Complete 
| 171|0x000000008e100000, 0x000000008e200000, 0x000000008e200000|100%| E|CS|TAMS 0x000000008e100000, 0x000000008e100000| Complete 
| 172|0x000000008e200000, 0x000000008e300000, 0x000000008e300000|100%| E|CS|TAMS 0x000000008e200000, 0x000000008e200000| Complete 

Card table byte_map: [0x00000267cf500000,0x00000267cf8f0000] _byte_map_base: 0x00000267cf0e5000

Marking Bits (Prev, Next): (CMBitMap*) 0x00000267c3d469e0, (CMBitMap*) 0x00000267c3d469a0
 Prev Bits: [0x00000267d1c10000, 0x00000267d3b38000)
 Next Bits: [0x00000267cfce0000, 0x00000267d1c08000)

Polling page: 0x00000267cb5d0000

Metaspace:

Usage:
  Non-class:     82.49 MB used.
      Class:     13.79 MB used.
       Both:     96.28 MB used.

Virtual space:
  Non-class space:      128.00 MB reserved,      82.94 MB ( 65%) committed,  2 nodes.
      Class space:        1.00 GB reserved,      14.12 MB (  1%) committed,  1 nodes.
             Both:        1.12 GB reserved,      97.06 MB (  8%) committed. 

Chunk freelists:
   Non-Class:  12.41 MB
       Class:  1.75 MB
        Both:  14.16 MB

MaxMetaspaceSize: unlimited
CompressedClassSpaceSize: 1.00 GB
Initial GC threshold: 21.00 MB
Current GC threshold: 98.69 MB
CDS: on
MetaspaceReclaimPolicy: balanced
 - commit_granule_bytes: 65536.
 - commit_granule_words: 8192.
 - virtual_space_node_default_size: 8388608.
 - enlarge_chunks_in_place: 1.
 - new_chunks_are_fully_committed: 0.
 - uncommit_free_chunks: 1.
 - use_allocation_guard: 0.
 - handle_deallocations: 1.


Internal statistics:

num_allocs_failed_limit: 11.
num_arena_births: 1184.
num_arena_deaths: 0.
num_vsnodes_births: 3.
num_vsnodes_deaths: 0.
num_space_committed: 1553.
num_space_uncommitted: 0.
num_chunks_returned_to_freelist: 11.
num_chunks_taken_from_freelist: 4883.
num_chunk_merges: 11.
num_chunk_splits: 3521.
num_chunks_enlarged: 2726.
num_inconsistent_stats: 0.

CodeCache: size=49152Kb used=21632Kb max_used=21632Kb free=27519Kb
 bounds [0x00000267cb600000, 0x00000267ccb30000, 0x00000267ce600000]
 total_blobs=11842 nmethods=11089 adapters=676
 compilation: enabled
              stopped_count=0, restarted_count=0
 full_count=0

Compilation events (20 events):
Event: 273.503 Thread 0x000002681f2f4250 nmethod 11235 0x00000267cc8bf090 code [0x00000267cc8bf260, 0x00000267cc8bf628]
Event: 273.503 Thread 0x000002681f2f4250 11248       1       org.eclipse.jdt.internal.compiler.util.HashtableOfType::put (113 bytes)
Event: 273.503 Thread 0x00000267d68a4da0 nmethod 11236 0x00000267cc8be910 code [0x00000267cc8beae0, 0x00000267cc8bee88]
Event: 273.503 Thread 0x00000267d68a4da0 11249       1       org.eclipse.jdt.internal.compiler.impl.IrritantSet::isSet (23 bytes)
Event: 273.503 Thread 0x000002681f2fdb20 nmethod 11229 0x00000267cc8bdb10 code [0x00000267cc8bdd60, 0x00000267cc8be378]
Event: 273.503 Thread 0x000002681f2f4250 nmethod 11248 0x00000267cc8bd010 code [0x00000267cc8bd200, 0x00000267cc8bd768]
Event: 273.503 Thread 0x00000267d68a4da0 nmethod 11249 0x00000267cc8bcc90 code [0x00000267cc8bce20, 0x00000267cc8bcf58]
Event: 273.503 Thread 0x00000267d68a4da0 11250       1       org.eclipse.jdt.internal.compiler.flow.FlowContext::checkExceptionHandlers (663 bytes)
Event: 273.503 Thread 0x000002681f2fdb20 11251       1       org.eclipse.jdt.internal.compiler.flow.InsideSubRoutineFlowContext::subroutine (8 bytes)
Event: 273.503 Thread 0x000002681f2f4250 11252       1       org.eclipse.jdt.internal.compiler.lookup.CatchParameterBinding::setPreciseType (62 bytes)
Event: 273.503 Thread 0x000002681f2fdb20 nmethod 11251 0x00000267cc8bc990 code [0x00000267cc8bcb20, 0x00000267cc8bcc18]
Event: 273.503 Thread 0x000002681f2f4250 nmethod 11252 0x00000267cc8bc190 code [0x00000267cc8bc360, 0x00000267cc8bc798]
Event: 273.504 Thread 0x000002681f2f4250 11253       1       org.eclipse.jdt.internal.compiler.lookup.SourceTypeBinding::kind (31 bytes)
Event: 273.504 Thread 0x000002681f2f4250 nmethod 11253 0x00000267cc8bbc90 code [0x00000267cc8bbe40, 0x00000267cc8bc048]
Event: 273.505 Thread 0x000002681f2f4250 11254       1       org.eclipse.jdt.internal.compiler.util.HashtableOfObject::put (113 bytes)
Event: 273.505 Thread 0x00000267d68a4da0 nmethod 11250 0x00000267cc8b8f90 code [0x00000267cc8b9300, 0x00000267cc8ba8c8]
Event: 273.505 Thread 0x00000267d68a4da0 11255       1       org.eclipse.jdt.core.compiler.CharOperation::concatWith (127 bytes)
Event: 273.505 Thread 0x000002681f2f4250 nmethod 11254 0x00000267cc8b8490 code [0x00000267cc8b8680, 0x00000267cc8b8be8]
Event: 273.505 Thread 0x00000267d68a4da0 nmethod 11255 0x00000267cc8b7c90 code [0x00000267cc8b7e60, 0x00000267cc8b8248]
Event: 273.505 Thread 0x000002681cedff40 nmethod 11228 0x00000267cc8b3b10 code [0x00000267cc8b40e0, 0x00000267cc8b6108]

GC Heap History (20 events):
Event: 77.923 GC heap before
{Heap before GC invocations=39 (full 0):
 garbage-first heap   total 177152K, used 149598K [0x0000000083600000, 0x0000000100000000)
  region size 1024K, 89 young (91136K), 6 survivors (6144K)
 Metaspace       used 89562K, committed 90304K, reserved 1179648K
  class space    used 13229K, committed 13568K, reserved 1048576K
}
Event: 77.925 GC heap after
{Heap after GC invocations=40 (full 0):
 garbage-first heap   total 177152K, used 63655K [0x0000000083600000, 0x0000000100000000)
  region size 1024K, 5 young (5120K), 5 survivors (5120K)
 Metaspace       used 89562K, committed 90304K, reserved 1179648K
  class space    used 13229K, committed 13568K, reserved 1048576K
}
Event: 101.203 GC heap before
{Heap before GC invocations=40 (full 0):
 garbage-first heap   total 177152K, used 151719K [0x0000000083600000, 0x0000000100000000)
  region size 1024K, 91 young (93184K), 5 survivors (5120K)
 Metaspace       used 89562K, committed 90304K, reserved 1179648K
  class space    used 13229K, committed 13568K, reserved 1048576K
}
Event: 101.206 GC heap after
{Heap after GC invocations=41 (full 0):
 garbage-first heap   total 177152K, used 64048K [0x0000000083600000, 0x0000000100000000)
  region size 1024K, 5 young (5120K), 5 survivors (5120K)
 Metaspace       used 89562K, committed 90304K, reserved 1179648K
  class space    used 13229K, committed 13568K, reserved 1048576K
}
Event: 124.891 GC heap before
{Heap before GC invocations=41 (full 0):
 garbage-first heap   total 177152K, used 152112K [0x0000000083600000, 0x0000000100000000)
  region size 1024K, 91 young (93184K), 5 survivors (5120K)
 Metaspace       used 89562K, committed 90304K, reserved 1179648K
  class space    used 13229K, committed 13568K, reserved 1048576K
}
Event: 124.897 GC heap after
{Heap after GC invocations=42 (full 0):
 garbage-first heap   total 177152K, used 64291K [0x0000000083600000, 0x0000000100000000)
  region size 1024K, 6 young (6144K), 6 survivors (6144K)
 Metaspace       used 89562K, committed 90304K, reserved 1179648K
  class space    used 13229K, committed 13568K, reserved 1048576K
}
Event: 148.776 GC heap before
{Heap before GC invocations=42 (full 0):
 garbage-first heap   total 177152K, used 151331K [0x0000000083600000, 0x0000000100000000)
  region size 1024K, 91 young (93184K), 6 survivors (6144K)
 Metaspace       used 89562K, committed 90304K, reserved 1179648K
  class space    used 13229K, committed 13568K, reserved 1048576K
}
Event: 148.779 GC heap after
{Heap after GC invocations=43 (full 0):
 garbage-first heap   total 177152K, used 63184K [0x0000000083600000, 0x0000000100000000)
  region size 1024K, 4 young (4096K), 4 survivors (4096K)
 Metaspace       used 89562K, committed 90304K, reserved 1179648K
  class space    used 13229K, committed 13568K, reserved 1048576K
}
Event: 169.792 GC heap before
{Heap before GC invocations=43 (full 0):
 garbage-first heap   total 177152K, used 154320K [0x0000000083600000, 0x0000000100000000)
  region size 1024K, 93 young (95232K), 4 survivors (4096K)
 Metaspace       used 91330K, committed 92096K, reserved 1179648K
  class space    used 13465K, committed 13824K, reserved 1048576K
}
Event: 169.795 GC heap after
{Heap after GC invocations=44 (full 0):
 garbage-first heap   total 177152K, used 64805K [0x0000000083600000, 0x0000000100000000)
  region size 1024K, 6 young (6144K), 6 survivors (6144K)
 Metaspace       used 91330K, committed 92096K, reserved 1179648K
  class space    used 13465K, committed 13824K, reserved 1048576K
}
Event: 176.802 GC heap before
{Heap before GC invocations=44 (full 0):
 garbage-first heap   total 177152K, used 150821K [0x0000000083600000, 0x0000000100000000)
  region size 1024K, 91 young (93184K), 6 survivors (6144K)
 Metaspace       used 98579K, committed 99392K, reserved 1179648K
  class space    used 14120K, committed 14464K, reserved 1048576K
}
Event: 176.806 GC heap after
{Heap after GC invocations=45 (full 0):
 garbage-first heap   total 177152K, used 67846K [0x0000000083600000, 0x0000000100000000)
  region size 1024K, 9 young (9216K), 9 survivors (9216K)
 Metaspace       used 98579K, committed 99392K, reserved 1179648K
  class space    used 14120K, committed 14464K, reserved 1048576K
}
Event: 198.862 GC heap before
{Heap before GC invocations=45 (full 0):
 garbage-first heap   total 177152K, used 148742K [0x0000000083600000, 0x0000000100000000)
  region size 1024K, 88 young (90112K), 9 survivors (9216K)
 Metaspace       used 98579K, committed 99392K, reserved 1179648K
  class space    used 14120K, committed 14464K, reserved 1048576K
}
Event: 198.866 GC heap after
{Heap after GC invocations=46 (full 0):
 garbage-first heap   total 177152K, used 67343K [0x0000000083600000, 0x0000000100000000)
  region size 1024K, 5 young (5120K), 5 survivors (5120K)
 Metaspace       used 98579K, committed 99392K, reserved 1179648K
  class space    used 14120K, committed 14464K, reserved 1048576K
}
Event: 221.484 GC heap before
{Heap before GC invocations=46 (full 0):
 garbage-first heap   total 177152K, used 151311K [0x0000000083600000, 0x0000000100000000)
  region size 1024K, 87 young (89088K), 5 survivors (5120K)
 Metaspace       used 98579K, committed 99392K, reserved 1179648K
  class space    used 14120K, committed 14464K, reserved 1048576K
}
Event: 221.491 GC heap after
{Heap after GC invocations=47 (full 0):
 garbage-first heap   total 177152K, used 68081K [0x0000000083600000, 0x0000000100000000)
  region size 1024K, 6 young (6144K), 6 survivors (6144K)
 Metaspace       used 98579K, committed 99392K, reserved 1179648K
  class space    used 14120K, committed 14464K, reserved 1048576K
}
Event: 243.698 GC heap before
{Heap before GC invocations=47 (full 0):
 garbage-first heap   total 177152K, used 151025K [0x0000000083600000, 0x0000000100000000)
  region size 1024K, 87 young (89088K), 6 survivors (6144K)
 Metaspace       used 98581K, committed 99392K, reserved 1179648K
  class space    used 14120K, committed 14464K, reserved 1048576K
}
Event: 243.704 GC heap after
{Heap after GC invocations=48 (full 0):
 garbage-first heap   total 177152K, used 67890K [0x0000000083600000, 0x0000000100000000)
  region size 1024K, 6 young (6144K), 6 survivors (6144K)
 Metaspace       used 98581K, committed 99392K, reserved 1179648K
  class space    used 14120K, committed 14464K, reserved 1048576K
}
Event: 265.877 GC heap before
{Heap before GC invocations=48 (full 0):
 garbage-first heap   total 177152K, used 150834K [0x0000000083600000, 0x0000000100000000)
  region size 1024K, 87 young (89088K), 6 survivors (6144K)
 Metaspace       used 98581K, committed 99392K, reserved 1179648K
  class space    used 14120K, committed 14464K, reserved 1048576K
}
Event: 265.881 GC heap after
{Heap after GC invocations=49 (full 0):
 garbage-first heap   total 177152K, used 67980K [0x0000000083600000, 0x0000000100000000)
  region size 1024K, 6 young (6144K), 6 survivors (6144K)
 Metaspace       used 98581K, committed 99392K, reserved 1179648K
  class space    used 14120K, committed 14464K, reserved 1048576K
}

Deoptimization events (18 events):
Event: 2.301 Thread 0x000002681c83c910 DEOPT PACKING pc=0x00000267cbf9771a sp=0x000000be63bfce40
Event: 2.301 Thread 0x000002681c83c910 DEOPT UNPACKING pc=0x00000267cb652b43 sp=0x000000be63bfc418 mode 0
Event: 2.977 Thread 0x000002681c83c910 DEOPT PACKING pc=0x00000267cbfb2302 sp=0x000000be63bf82f0
Event: 2.977 Thread 0x000002681c83c910 DEOPT UNPACKING pc=0x00000267cb652b43 sp=0x000000be63bf7a10 mode 0
Event: 2.977 Thread 0x000002681c83c910 DEOPT PACKING pc=0x00000267cbfb0624 sp=0x000000be63bf8620
Event: 2.977 Thread 0x000002681c83c910 DEOPT UNPACKING pc=0x00000267cb652b43 sp=0x000000be63bf7d40 mode 0
Event: 2.977 Thread 0x000002681c83c910 DEOPT PACKING pc=0x00000267cc01a4a4 sp=0x000000be63bf8ae0
Event: 2.977 Thread 0x000002681c83c910 DEOPT UNPACKING pc=0x00000267cb652b43 sp=0x000000be63bf80b8 mode 0
Event: 4.340 Thread 0x000002681c83c910 DEOPT PACKING pc=0x00000267cc33ab94 sp=0x000000be63bf7480
Event: 4.340 Thread 0x000002681c83c910 DEOPT UNPACKING pc=0x00000267cb652b43 sp=0x000000be63bf6918 mode 0
Event: 5.062 Thread 0x000002681c83c910 DEOPT PACKING pc=0x00000267cbc356ac sp=0x000000be63bf9db0
Event: 5.062 Thread 0x000002681c83c910 DEOPT UNPACKING pc=0x00000267cb652b43 sp=0x000000be63bf9308 mode 0
Event: 5.408 Thread 0x000002681c83c910 DEOPT PACKING pc=0x00000267cbbf3591 sp=0x000000be63bf9c00
Event: 5.408 Thread 0x000002681c83c910 DEOPT UNPACKING pc=0x00000267cb652b43 sp=0x000000be63bf9118 mode 3
Event: 5.412 Thread 0x000002681c83c910 DEOPT PACKING pc=0x00000267cbb914b4 sp=0x000000be63bf9bc0
Event: 5.412 Thread 0x000002681c83c910 DEOPT UNPACKING pc=0x00000267cb652b43 sp=0x000000be63bf9118 mode 3
Event: 9.181 Thread 0x000002681f0c2100 DEOPT PACKING pc=0x00000267cb9c785c sp=0x000000be62cfc1f0
Event: 9.181 Thread 0x000002681f0c2100 DEOPT UNPACKING pc=0x00000267cb652b43 sp=0x000000be62cfb6e0 mode 0

Classes unloaded (0 events):
No events

Classes redefined (0 events):
No events

Internal exceptions (20 events):
Event: 9.060 Thread 0x000002681f0c2100 Exception <a 'java/lang/ClassNotFoundException'{0x0000000089d3ff40}: org/springframework/boot/actuate/endpoint/jmx/DataEndpointMBean> (0x0000000089d3ff40) 
thrown [s\open\src\hotspot\share\classfile\systemDictionary.cpp, line 256]
Event: 9.060 Thread 0x000002681f0c2100 Exception <a 'java/lang/ClassNotFoundException'{0x0000000089d402e8}: org/springframework/context/support/LiveBeansView> (0x0000000089d402e8) 
thrown [s\open\src\hotspot\share\classfile\systemDictionary.cpp, line 256]
Event: 9.061 Thread 0x000002681f0c2100 Exception <a 'java/lang/ClassNotFoundException'{0x0000000089de6f60}: org/springframework/boot/actuate/endpoint/jmx/EndpointMBean> (0x0000000089de6f60) 
thrown [s\open\src\hotspot\share\classfile\systemDictionary.cpp, line 256]
Event: 9.062 Thread 0x000002681f0c2100 Exception <a 'java/lang/ClassNotFoundException'{0x0000000089c2fea0}: org/springframework/boot/actuate/endpoint/jmx/DataEndpointMBean> (0x0000000089c2fea0) 
thrown [s\open\src\hotspot\share\classfile\systemDictionary.cpp, line 256]
Event: 9.063 Thread 0x000002681f0c2100 Exception <a 'java/lang/ClassNotFoundException'{0x0000000089c78898}: org/springframework/context/support/LiveBeansView> (0x0000000089c78898) 
thrown [s\open\src\hotspot\share\classfile\systemDictionary.cpp, line 256]
Event: 9.063 Thread 0x000002681f0c2100 Exception <a 'java/lang/ClassNotFoundException'{0x0000000089c7ece0}: org/springframework/boot/actuate/endpoint/jmx/EndpointMBean> (0x0000000089c7ece0) 
thrown [s\open\src\hotspot\share\classfile\systemDictionary.cpp, line 256]
Event: 9.063 Thread 0x000002681f0c2100 Exception <a 'java/lang/ClassNotFoundException'{0x0000000089c7f098}: org/springframework/boot/actuate/endpoint/jmx/DataEndpointMBean> (0x0000000089c7f098) 
thrown [s\open\src\hotspot\share\classfile\systemDictionary.cpp, line 256]
Event: 9.063 Thread 0x000002681f0c2100 Exception <a 'java/lang/ClassNotFoundException'{0x0000000089c7f448}: org/springframework/context/support/LiveBeansView> (0x0000000089c7f448) 
thrown [s\open\src\hotspot\share\classfile\systemDictionary.cpp, line 256]
Event: 9.063 Thread 0x000002681f0c2100 Exception <a 'java/lang/ClassNotFoundException'{0x0000000089c7f800}: org/springframework/boot/actuate/endpoint/jmx/EndpointMBean> (0x0000000089c7f800) 
thrown [s\open\src\hotspot\share\classfile\systemDictionary.cpp, line 256]
Event: 9.063 Thread 0x000002681f0c2100 Exception <a 'java/lang/ClassNotFoundException'{0x0000000089c7fbb8}: org/springframework/boot/actuate/endpoint/jmx/DataEndpointMBean> (0x0000000089c7fbb8) 
thrown [s\open\src\hotspot\share\classfile\systemDictionary.cpp, line 256]
Event: 9.063 Thread 0x000002681f0c2100 Exception <a 'java/lang/ClassNotFoundException'{0x0000000089c7ff68}: org/springframework/context/support/LiveBeansView> (0x0000000089c7ff68) 
thrown [s\open\src\hotspot\share\classfile\systemDictionary.cpp, line 256]
Event: 9.070 Thread 0x000002681f0c2100 Exception <a 'java/lang/NoSuchMethodError'{0x0000000089ccda88}: 'java.lang.Object java.lang.invoke.DirectMethodHandle$Holder.newInvokeSpecial(java.lang.Object, java.lang.Object, java.lang.Object, java.lang.Object, int)'> (0x0000000089ccda88) 
thrown [s\open\src\hotspot\share\interpreter\linkResolver.cpp, line 759]
Event: 9.070 Thread 0x000002681f0c2100 Exception <a 'java/lang/NoSuchMethodError'{0x0000000089cd1cc8}: 'java.lang.Object java.lang.invoke.DirectMethodHandle$Holder.invokeSpecial(java.lang.Object, java.lang.Object, java.lang.Object, java.lang.Object, java.lang.Object, int)'> (0x0000000089cd1cc8) 
thrown [s\open\src\hotspot\share\interpreter\linkResolver.cpp, line 759]
Event: 9.070 Thread 0x000002681f0c2100 Exception <a 'java/lang/NoSuchMethodError'{0x0000000089cd57b0}: 'java.lang.Object java.lang.invoke.Invokers$Holder.linkToTargetMethod(java.lang.Object, java.lang.Object, java.lang.Object, int, java.lang.Object)'> (0x0000000089cd57b0) 
thrown [s\open\src\hotspot\share\interpreter\linkResolver.cpp, line 759]
Event: 9.142 Thread 0x000002681f0c2100 Exception <a 'java/lang/reflect/InvocationTargetException'{0x0000000089713e08}> (0x0000000089713e08) 
thrown [s\open\src\hotspot\share\runtime\reflection.cpp, line 1121]
Event: 9.204 Thread 0x000002681f0c2100 Exception <a 'java/lang/reflect/InvocationTargetException'{0x00000000894d6f38}> (0x00000000894d6f38) 
thrown [s\open\src\hotspot\share\runtime\reflection.cpp, line 1121]
Event: 169.673 Thread 0x000002681e2085a0 Exception <a 'java/lang/NoSuchMethodError'{0x0000000089444ff0}: 'java.lang.Object java.lang.invoke.DirectMethodHandle$Holder.invokeSpecial(java.lang.Object, java.lang.Object, java.lang.Object, java.lang.Object, java.lang.Object, long)'> (0x0000000089444ff0) 
thrown [s\open\src\hotspot\share\interpreter\linkResolver.cpp, line 759]
Event: 169.673 Thread 0x000002681e2085a0 Exception <a 'java/lang/NoSuchMethodError'{0x0000000089448a30}: 'java.lang.Object java.lang.invoke.Invokers$Holder.linkToTargetMethod(java.lang.Object, java.lang.Object, java.lang.Object, long, java.lang.Object)'> (0x0000000089448a30) 
thrown [s\open\src\hotspot\share\interpreter\linkResolver.cpp, line 759]
Event: 169.692 Thread 0x000002681e2085a0 Exception <a 'java/lang/NoSuchMethodError'{0x00000000893a9bb8}: getSession> (0x00000000893a9bb8) 
thrown [s\open\src\hotspot\share\prims\jni.cpp, line 1073]
Event: 169.711 Thread 0x000002681e2085a0 Exception <a 'java/lang/NoSuchMethodError'{0x00000000891e7730}: 'java.lang.Object java.lang.invoke.DirectMethodHandle$Holder.invokeStatic(java.lang.Object, int, int)'> (0x00000000891e7730) 
thrown [s\open\src\hotspot\share\interpreter\linkResolver.cpp, line 759]

VM Operations (20 events):
Event: 221.484 Executing VM operation: G1CollectForAllocation
Event: 221.491 Executing VM operation: G1CollectForAllocation done
Event: 229.518 Executing VM operation: Cleanup
Event: 229.519 Executing VM operation: Cleanup done
Event: 231.534 Executing VM operation: Cleanup
Event: 231.534 Executing VM operation: Cleanup done
Event: 235.569 Executing VM operation: Cleanup
Event: 235.569 Executing VM operation: Cleanup done
Event: 240.810 Executing VM operation: HandshakeAllThreads
Event: 240.810 Executing VM operation: HandshakeAllThreads done
Event: 243.698 Executing VM operation: G1CollectForAllocation
Event: 243.704 Executing VM operation: G1CollectForAllocation done
Event: 263.836 Executing VM operation: Cleanup
Event: 263.836 Executing VM operation: Cleanup done
Event: 265.877 Executing VM operation: G1CollectForAllocation
Event: 265.882 Executing VM operation: G1CollectForAllocation done
Event: 273.509 Executing VM operation: get/set locals
Event: 273.510 Executing VM operation: get/set locals done
Event: 273.510 Executing VM operation: get/set locals
Event: 273.510 Executing VM operation: get/set locals done

Events (20 events):
Event: 170.139 loading class java/util/stream/Node$Builder$OfInt
Event: 170.139 loading class java/util/stream/Node$Builder$OfInt done
Event: 170.139 loading class java/util/stream/Nodes$IntArrayNode
Event: 170.139 loading class java/util/stream/Nodes$IntArrayNode done
Event: 170.139 loading class java/util/stream/Nodes$IntFixedNodeBuilder done
Event: 170.195 Thread 0x000002681f401b20 Thread added: 0x000002681f401b20
Event: 170.232 loading class java/util/Hashtable$ValueCollection
Event: 170.232 loading class java/util/Hashtable$ValueCollection done
Event: 170.277 loading class java/util/concurrent/atomic/Striped64$Cell
Event: 170.277 loading class java/util/concurrent/atomic/Striped64$Cell done
Event: 170.280 loading class java/time/format/DateTimeFormatterBuilder$ZoneTextPrinterParser
Event: 170.280 loading class java/time/format/DateTimeFormatterBuilder$ZoneTextPrinterParser done
Event: 170.280 loading class java/time/format/DateTimeFormatterBuilder$ReducedPrinterParser
Event: 170.280 loading class java/time/format/DateTimeFormatterBuilder$ReducedPrinterParser done
Event: 176.450 Thread 0x000002681f401b20 Thread exited: 0x000002681f401b20
Event: 176.450 Thread 0x000002681cedff40 Thread exited: 0x000002681cedff40
Event: 186.851 Thread 0x00000267c3ced9c0 Thread exited: 0x00000267c3ced9c0
Event: 273.500 Thread 0x000002681f2f4250 Thread added: 0x000002681f2f4250
Event: 273.501 Thread 0x000002681cedff40 Thread added: 0x000002681cedff40
Event: 273.501 Thread 0x000002681f2fdb20 Thread added: 0x000002681f2fdb20


Dynamic libraries:
0x00007ff7567d0000 - 0x00007ff7567e0000 	C:\Program Files\Java\jdk-17\bin\javaw.exe
0x00000267c21c0000 - 0x00000267c23d7000 	C:\Windows\SYSTEM32\ntd1l.dll
0x00000267c23e0000 - 0x00000267c24a4000 	C:\Windows\System32\kern3l32.dll
0x00007ff950370000 - 0x00007ff950587000 	C:\Windows\SYSTEM32\ntdll.dll
0x00007ff94fad0000 - 0x00007ff94fb94000 	C:\Windows\System32\KERNEL32.DLL
0x00007ff94dba0000 - 0x00007ff94df57000 	C:\Windows\System32\KERNELBASE.dll
0x00007ff94d000000 - 0x00007ff94d331000 	C:\Program Files\SentinelOne\Sentinel Agent 23.4.4.223\InProcessClient64.dll
0x00007ff94f3e0000 - 0x00007ff94f492000 	C:\Windows\System32\ADVAPI32.dll
0x00007ff94e570000 - 0x00007ff94e617000 	C:\Windows\System32\msvcrt.dll
0x00007ff94f320000 - 0x00007ff94f3c8000 	C:\Windows\System32\sechost.dll
0x00007ff94df60000 - 0x00007ff94df88000 	C:\Windows\System32\bcrypt.dll
0x00007ff950020000 - 0x00007ff950134000 	C:\Windows\System32\RPCRT4.dll
0x00007ff94d680000 - 0x00007ff94d791000 	C:\Windows\System32\ucrtbase.dll
0x00007ff936510000 - 0x00007ff936529000 	C:\Program Files\Java\jdk-17\bin\jli.dll
0x00007ff9364f0000 - 0x00007ff93650b000 	C:\Program Files\Java\jdk-17\bin\VCRUNTIME140.dll
0x00007ff950180000 - 0x00007ff95032f000 	C:\Windows\System32\USER32.dll
0x00007ff92a950000 - 0x00007ff92abe3000 	C:\Windows\WinSxS\amd64_microsoft.windows.common-controls_6595b64144ccf1df_6.0.22621.3672_none_2713b9d173822955\COMCTL32.dll
0x00007ff94daf0000 - 0x00007ff94db16000 	C:\Windows\System32\win32u.dll
0x00007ff94e0a0000 - 0x00007ff94e0c9000 	C:\Windows\System32\GDI32.dll
0x00007ff94d7a0000 - 0x00007ff94d8b8000 	C:\Windows\System32\gdi32full.dll
0x00007ff94df90000 - 0x00007ff94e02a000 	C:\Windows\System32\msvcp_win.dll
0x00007ff94cff0000 - 0x00007ff94cffa000 	C:\Windows\SYSTEM32\VERSION.dll
0x00007ff94cfe0000 - 0x00007ff94cfeb000 	C:\Windows\SYSTEM32\FLTLIB.DLL
0x00007ff94e370000 - 0x00007ff94e3a1000 	C:\Windows\System32\IMM32.DLL
0x00007ff946190000 - 0x00007ff94619c000 	C:\Program Files\Java\jdk-17\bin\vcruntime140_1.dll
0x00007ff936460000 - 0x00007ff9364ee000 	C:\Program Files\Java\jdk-17\bin\msvcp140.dll
0x00007ff8e84c0000 - 0x00007ff8e909f000 	C:\Program Files\Java\jdk-17\bin\server\jvm.dll
0x00007ff950140000 - 0x00007ff950148000 	C:\Windows\System32\PSAPI.DLL
0x00007ff934370000 - 0x00007ff934379000 	C:\Windows\SYSTEM32\WSOCK32.dll
0x00000267c3d60000 - 0x00000267c3dd1000 	C:\Windows\System32\WS2_32.dll
0x00007ff947a00000 - 0x00007ff947a34000 	C:\Windows\SYSTEM32\WINMM.dll
0x00007ff94c460000 - 0x00007ff94c478000 	C:\Windows\SYSTEM32\kernel.appcore.dll
0x00007ff936270000 - 0x00007ff93627a000 	C:\Program Files\Java\jdk-17\bin\jimage.dll
0x00007ff9348f0000 - 0x00007ff934b22000 	C:\Windows\SYSTEM32\DBGHELP.DLL
0x00007ff94f740000 - 0x00007ff94face000 	C:\Windows\System32\combase.dll
0x00007ff94f600000 - 0x00007ff94f6d7000 	C:\Windows\System32\OLEAUT32.dll
0x00007ff934830000 - 0x00007ff934862000 	C:\Windows\SYSTEM32\dbgcore.DLL
0x00007ff94db20000 - 0x00007ff94db9b000 	C:\Windows\System32\bcryptPrimitives.dll
0x00007ff930570000 - 0x00007ff93061d000 	C:\Program Files\SentinelOne\Sentinel Agent 23.4.4.223\SentinelJava64.dll
0x00007ff94e160000 - 0x00007ff94e1be000 	C:\Windows\System32\SHLWAPI.dll
0x00007ff94e1c0000 - 0x00007ff94e365000 	C:\Windows\System32\ole32.dll
0x00007ff930de0000 - 0x00007ff930e05000 	C:\Program Files\Java\jdk-17\bin\java.dll
0x00007ff929080000 - 0x00007ff929157000 	C:\Program Files\Java\jdk-17\bin\jsvml.dll
0x00007ff94eab0000 - 0x00007ff94f319000 	C:\Windows\System32\SHELL32.dll
0x00007ff94b2a0000 - 0x00007ff94bb9f000 	C:\Windows\SYSTEM32\windows.storage.dll
0x00007ff94b160000 - 0x00007ff94b29f000 	C:\Windows\SYSTEM32\wintypes.dll
0x00007ff94fcc0000 - 0x00007ff94fdb9000 	C:\Windows\System32\SHCORE.dll
0x00007ff94d5b0000 - 0x00007ff94d5d7000 	C:\Windows\SYSTEM32\profapi.dll
0x00007ff930dc0000 - 0x00007ff930dd9000 	C:\Program Files\Java\jdk-17\bin\net.dll
0x00007ff9476b0000 - 0x00007ff9477e6000 	C:\Windows\SYSTEM32\WINHTTP.dll
0x00007ff94c8d0000 - 0x00007ff94c939000 	C:\Windows\system32\mswsock.dll
0x00007ff930da0000 - 0x00007ff930db6000 	C:\Program Files\Java\jdk-17\bin\nio.dll
0x00007ff930510000 - 0x00007ff930528000 	C:\Program Files\Java\jdk-17\bin\zip.dll
0x00007ff932c00000 - 0x00007ff932c0a000 	C:\Program Files\Java\jdk-17\bin\management.dll
0x00007ff932930000 - 0x00007ff93293b000 	C:\Program Files\Java\jdk-17\bin\management_ext.dll
0x00007ff8efa10000 - 0x00007ff8efa27000 	C:\Windows\system32\napinsp.dll
0x00007ff8efa30000 - 0x00007ff8efa4b000 	C:\Windows\system32\pnrpnsp.dll
0x00007ff94bee0000 - 0x00007ff94bfe2000 	C:\Windows\SYSTEM32\DNSAPI.dll
0x00007ff94be70000 - 0x00007ff94be9d000 	C:\Windows\SYSTEM32\IPHLPAPI.DLL
0x00007ff94f3d0000 - 0x00007ff94f3d9000 	C:\Windows\System32\NSI.dll
0x00007ff8efa50000 - 0x00007ff8efa61000 	C:\Windows\System32\winrnr.dll
0x00007ff930330000 - 0x00007ff930345000 	C:\Windows\system32\wshbth.dll
0x00007ff92fdb0000 - 0x00007ff92fdd7000 	C:\Windows\system32\nlansp_c.dll
0x00007ff945900000 - 0x00007ff94590a000 	C:\Windows\System32\rasadhlp.dll
0x00007ff9467d0000 - 0x00007ff946853000 	C:\Windows\System32\fwpuclnt.dll
0x00007ff94cb20000 - 0x00007ff94cb3b000 	C:\Windows\SYSTEM32\CRYPTSP.dll
0x00007ff94c3c0000 - 0x00007ff94c3f5000 	C:\Windows\system32\rsaenh.dll
0x00007ff94c9c0000 - 0x00007ff94c9e8000 	C:\Windows\SYSTEM32\USERENV.dll
0x00007ff94cb40000 - 0x00007ff94cb4c000 	C:\Windows\SYSTEM32\CRYPTBASE.dll
0x00007ff947830000 - 0x00007ff947849000 	C:\Windows\SYSTEM32\dhcpcsvc6.DLL
0x00007ff947430000 - 0x00007ff94744f000 	C:\Windows\SYSTEM32\dhcpcsvc.DLL
0x00007ff930d90000 - 0x00007ff930d9e000 	C:\Program Files\Java\jdk-17\bin\sunmscapi.dll
0x00007ff94d980000 - 0x00007ff94dae6000 	C:\Windows\System32\CRYPT32.dll
0x00007ff94cce0000 - 0x00007ff94cd0d000 	C:\Windows\SYSTEM32\ncrypt.dll
0x00007ff94cca0000 - 0x00007ff94ccd7000 	C:\Windows\SYSTEM32\NTASN1.dll
0x00007ff9303c0000 - 0x00007ff9303d0000 	C:\Program Files\Java\jdk-17\bin\verify.dll
0x00007ff905430000 - 0x00007ff905438000 	C:\Windows\system32\wshunix.dll

dbghelp: loaded successfully - version: 4.0.5 - missing functions: none
symbol engine: initialized successfully - sym options: 0x614 - pdb path: .;C:\Program Files\Java\jdk-17\bin;C:\Windows\SYSTEM32;C:\Program Files\SentinelOne\Sentinel Agent 23.4.4.223;C:\Windows\WinSxS\amd64_microsoft.windows.common-controls_6595b64144ccf1df_6.0.22621.3672_none_2713b9d173822955;C:\Program Files\Java\jdk-17\bin\server

VM Arguments:
jvm_args: -Dcom.sun.management.jmxremote -Dcom.sun.management.jmxremote.port=50652 -Dcom.sun.management.jmxremote.authenticate=false -Dcom.sun.management.jmxremote.ssl=false -Djava.rmi.server.hostname=localhost -Dspring.jmx.enabled=true -Dmanagement.endpoints.jmx.exposure.include=* -Dspring.application.admin.enabled=true -XX:TieredStopAtLevel=1 -Dspring.boot.project.name=vishram-sadan -Dfile.encoding=UTF-8 -Dstdout.encoding=UTF-8 -Dstderr.encoding=UTF-8 --module-path=C:\Users\user\Downloads\typography-3.0.1.jar -XX:+ShowCodeDetailsInExceptionMessages -agentpath:C:\Program Files\SentinelOne\Sentinel Agent 23.4.4.223\SentinelJava64.dll=extendedCapabilities 
java_command: aiims.vishram_sadan.VishramSadanApplication --spring.output.ansi.enabled=always
java_class_path (initial): E:\vishram_sadan\vishram_sadan\target\classes;C:\Users\user\.m2\repository\org\springframework\boot\spring-boot-starter-data-jpa\3.3.1\spring-boot-starter-data-jpa-3.3.1.jar;C:\Users\user\.m2\repository\org\springframework\boot\spring-boot-starter-aop\3.3.1\spring-boot-starter-aop-3.3.1.jar;C:\Users\user\.m2\repository\org\aspectj\aspectjweaver\1.9.22\aspectjweaver-1.9.22.jar;C:\Users\user\.m2\repository\org\springframework\boot\spring-boot-starter-jdbc\3.3.1\spring-boot-starter-jdbc-3.3.1.jar;C:\Users\user\.m2\repository\com\zaxxer\HikariCP\5.1.0\HikariCP-5.1.0.jar;C:\Users\user\.m2\repository\org\springframework\spring-jdbc\6.1.10\spring-jdbc-6.1.10.jar;C:\Users\user\.m2\repository\org\hibernate\orm\hibernate-core\6.5.2.Final\hibernate-core-6.5.2.Final.jar;C:\Users\user\.m2\repository\jakarta\persistence\jakarta.persistence-api\3.1.0\jakarta.persistence-api-3.1.0.jar;C:\Users\user\.m2\repository\jakarta\transaction\jakarta.transaction-api\2.0.1\jakarta.transaction-api-2.0.1.jar;C:\Users\user\.m2\repository\org\jboss\logging\jboss-logging\3.5.3.Final\jboss-logging-3.5.3.Final.jar;C:\Users\user\.m2\repository\org\hibernate\common\hibernate-commons-annotations\6.0.6.Final\hibernate-commons-annotations-6.0.6.Final.jar;C:\Users\user\.m2\repository\io\smallrye\jandex\3.1.2\jandex-3.1.2.jar;C:\Users\user\.m2\repository\com\fasterxml\classmate\1.7.0\classmate-1.7.0.jar;C:\Users\user\.m2\repository\net\bytebuddy\byte-buddy\1.14.17\byte-buddy-1.14.17.jar;C:\Users\user\.m2\repository\org\glassfish\jaxb\jaxb-runtime\4.0.5\jaxb-runtime-4.0.5.jar;C:\Users\user\.m2\repository\org\glassfish\jaxb\jaxb-core\4.0.5\jaxb-core-4.0.5.jar;C:\Users\user\.m2\repository\org\eclipse\angus\angus-activation\2.0.2\angus-activation-2.0.2.jar;C:\Users\user\.m2\repository\org\glassfish\jaxb\txw2\4.0.5\txw2-4.0.5.jar;C:\Users\user\.m2\repository\com\sun\istack\istack-commons-runtime\4.1.2\istack-commons-runtime-4.1.2.jar;C:\Users\user\.m2\repository\jakarta\inject\jakar
Launcher Type: SUN_STANDARD

[Global flags]
     intx CICompilerCount                          = 4                                         {product} {ergonomic}
     uint ConcGCThreads                            = 3                                         {product} {ergonomic}
     uint G1ConcRefinementThreads                  = 10                                        {product} {ergonomic}
   size_t G1HeapRegionSize                         = 1048576                                   {product} {ergonomic}
    uintx GCDrainStackTargetSize                   = 64                                        {product} {ergonomic}
   size_t InitialHeapSize                          = 132120576                                 {product} {ergonomic}
     bool ManagementServer                         = true                                      {product} {command line}
   size_t MarkStackSize                            = 4194304                                   {product} {ergonomic}
   size_t MaxHeapSize                              = 2090860544                                {product} {ergonomic}
   size_t MaxNewSize                               = 1254096896                                {product} {ergonomic}
   size_t MinHeapDeltaBytes                        = 1048576                                   {product} {ergonomic}
   size_t MinHeapSize                              = 8388608                                   {product} {ergonomic}
    uintx NonProfiledCodeHeapSize                  = 0                                      {pd product} {ergonomic}
     bool ProfileInterpreter                       = false                                  {pd product} {command line}
    uintx ProfiledCodeHeapSize                     = 0                                      {pd product} {ergonomic}
     bool ShowCodeDetailsInExceptionMessages       = true                                   {manageable} {command line}
   size_t SoftMaxHeapSize                          = 2090860544                             {manageable} {ergonomic}
     intx TieredStopAtLevel                        = 1                                         {product} {command line}
     bool UseCompressedClassPointers               = true                           {product lp64_product} {ergonomic}
     bool UseCompressedOops                        = true                           {product lp64_product} {ergonomic}
     bool UseG1GC                                  = true                                      {product} {ergonomic}
     bool UseLargePagesIndividualAllocation        = false                                  {pd product} {ergonomic}

Logging:
Log output configuration:
 #0: stdout all=warning uptime,level,tags
 #1: stderr all=off uptime,level,tags

Environment Variables:
JAVA_HOME=C:\Program Files\Java\jdk-17
PATH=E:/sts-4.21.0.RELEASE//plugins/org.eclipse.justj.openjdk.hotspot.jre.full.win32.x86_64_17.0.9.v20231028-0858/jre/bin/server;E:/sts-4.21.0.RELEASE//plugins/org.eclipse.justj.openjdk.hotspot.jre.full.win32.x86_64_17.0.9.v20231028-0858/jre/bin;C:\Program Files\Common Files\Oracle\Java\javapath;C:\Windows\system32;C:\Windows;C:\Windows\System32\Wbem;C:\Windows\System32\WindowsPowerShell\v1.0\;C:\Windows\System32\OpenSSH\;C:\Program Files\nodejs\;C:\Users\user\AppData\Local\Microsoft\WindowsApps;C:\Users\user\AppData\Local\Programs\Microsoft VS Code\bin;C:\Program Files\Java\jdk-17\bin;C:\Program Files\Java\jdk-17\lib;C:\Users\user\AppData\Roaming\npm;E:\sts-4.21.0.RELEASE;
USERNAME=user
OS=Windows_NT
PROCESSOR_IDENTIFIER=Intel64 Family 6 Model 151 Stepping 5, GenuineIntel



---------------  S Y S T E M  ---------------

OS:
 Windows 11 , 64 bit Build 22621 (10.0.22621.3958)
OS uptime: 0 days 1:10 hours

CPU: total 12 (initial active 12) (6 cores per cpu, 2 threads per core) family 6 model 151 stepping 5 microcode 0x32, cx8, cmov, fxsr, ht, mmx, 3dnowpref, sse, sse2, sse3, ssse3, sse4.1, sse4.2, popcnt, lzcnt, tsc, tscinvbit, avx, avx2, aes, erms, clmul, bmi1, bmi2, adx, sha, fma, vzeroupper, clflush, clflushopt, clwb

Memory: 4k page, system-wide physical 7968M (2494M free)
TotalPageFile size 11936M (AvailPageFile size 5812M)
current process WorkingSet (physical memory assigned to process): 390M, peak: 396M
current process commit charge ("private bytes"): 436M, peak: 442M

vm_info: Java HotSpot(TM) 64-Bit Server VM (17.0.10+11-LTS-240) for windows-amd64 JRE (17.0.10+11-LTS-240), built on Dec 19 2023 21:47:25 by "mach5one" with MS VC++ 17.1 (VS2022)

END.
