#
# A fatal error has been detected by the Java Runtime Environment:
#
#  EXCEPTION_ACCESS_VIOLATION (0xc0000005) at pc=0x000002265085d663, pid=9872, tid=8680
#
# JRE version: Java(TM) SE Runtime Environment (17.0.10+11) (build 17.0.10+11-LTS-240)
# Java VM: Java HotSpot(TM) 64-Bit Server VM (17.0.10+11-LTS-240, mixed mode, emulated-client, sharing, tiered, compressed oops, compressed class ptrs, g1 gc, windows-amd64)
# Problematic frame:
# J 9705 c1 jakarta.servlet.http.HttpServletRequestWrapper._getHttpServletRequest()Ljakarta/servlet/http/HttpServletRequest; (8 bytes) @ 0x000002265085d663 [0x000002265085d620+0x0000000000000043]
#
# No core dump will be written. Minidumps are not enabled by default on client versions of Windows
#
# If you would like to submit a bug report, please visit:
#   https://bugreport.java.com/bugreport/crash.jsp
#

---------------  S U M M A R Y ------------

Command Line: -Dcom.sun.management.jmxremote -Dcom.sun.management.jmxremote.port=50862 -Dcom.sun.management.jmxremote.authenticate=false -Dcom.sun.management.jmxremote.ssl=false -Djava.rmi.server.hostname=localhost -Dspring.jmx.enabled=true -Dmanagement.endpoints.jmx.exposure.include=* -Dspring.application.admin.enabled=true -XX:TieredStopAtLevel=1 -Dspring.boot.project.name=vishram-sadan -Dfile.encoding=UTF-8 -Dstdout.encoding=UTF-8 -Dstderr.encoding=UTF-8 --module-path=C:\Users\user\Downloads\typography-3.0.1.jar -XX:+ShowCodeDetailsInExceptionMessages -agentpath:C:\Program Files\SentinelOne\Sentinel Agent 23.4.4.223\SentinelJava64.dll=extendedCapabilities aiims.vishram_sadan.VishramSadanApplication --spring.output.ansi.enabled=always

Host: 12th Gen Intel(R) Core(TM) i5-12400, 12 cores, 7G,  Windows 11 , 64 bit Build 22621 (10.0.22621.3958)
Time: Mon Nov  4 10:46:57 2024 India Standard Time elapsed time: 110.328852 seconds (0d 0h 1m 50s)

---------------  T H R E A D  ---------------

Current thread (0x00000226a1995210):  JavaThread "http-nio-0.0.0.0-8080-exec-8" daemon [_thread_in_Java, id=8680, stack(0x0000008d2ad00000,0x0000008d2ae00000)]

Stack: [0x0000008d2ad00000,0x0000008d2ae00000],  sp=0x0000008d2adefba0,  free space=958k
Native frames: (J=compiled Java code, j=interpreted, Vv=VM code, C=native code)
C  0x000002265085d663


siginfo: EXCEPTION_ACCESS_VIOLATION (0xc0000005), reading address 0x0000000000737369


Registers:
RAX=0x0000000000737361, RBX=0x000002265d342c60, RCX=0x000002265c453df8, RDX=0x000002265c453df8
RSP=0x0000008d2adefba0, RBP=0x0000008d2adefc40, RSI=0x0000008d2adf0010, RDI=0x0000008d2adf0018
R8 =0x0000008d2adf0020, R9 =0x0000000000000001, R10=0x00007ffe3b59a410, R11=0x000002265085d640
R12=0x0000000000000000, R13=0x0000008d2adefbf0, R14=0x0000008d2adefc58, R15=0x00000226a1995210
RIP=0x000002265085d663, EFLAGS=0x0000000000010202


Register to memory mapping:

RIP=0x000002265085d663 is at entry_point+67 in (nmethod*)0x000002265085d490
Compiled method (c1)  110354 9705       1       jakarta.servlet.http.HttpServletRequestWrapper::_getHttpServletRequest (8 bytes)
 total in heap  [0x000002265085d490,0x000002265085d798] = 776
 relocation     [0x000002265085d5e8,0x000002265085d618] = 48
 main code      [0x000002265085d620,0x000002265085d700] = 224
 stub code      [0x000002265085d700,0x000002265085d738] = 56
 oops           [0x000002265085d738,0x000002265085d740] = 8
 metadata       [0x000002265085d740,0x000002265085d750] = 16
 scopes data    [0x000002265085d750,0x000002265085d760] = 16
 scopes pcs     [0x000002265085d760,0x000002265085d790] = 48
 dependencies   [0x000002265085d790,0x000002265085d798] = 8
RAX=0x0000000000737361 is an unknown value
RBX=0x000002265d342c60 is a pointer to class: 
jakarta.servlet.http.HttpServletRequest {0x000002265d342c68}
 - instance size:     2
 - klass size:        63
 - access:            public interface abstract 
 - state:             fully_initialized
 - name:              'jakarta/servlet/http/HttpServletRequest'
 - super:             'java/lang/Object'
 - sub:               
 - nof implementors:  2
 - arrays:            NULL
 - methods:           Array<T>(0x000002269e2e1298)
 - method ordering:   Array<T>(0x000002265c8f5030)
 - default_methods:   Array<T>(0x0000000000000000)
 - local interfaces:  Array<T>(0x000002269e2ddd10)
 - trans. interfaces: Array<T>(0x000002269e2ddd10)
 - constants:         constant pool [249] {0x000002269e2e0a48} for 'jakarta/servlet/http/HttpServletRequest' cache=0x00000226a5c5c620
 - class loader data:  loader data: 0x000002265b95d880 for instance a 'jdk/internal/loader/ClassLoaders$AppClassLoader'{0x0000000083cbada8}
 - source file:       'HttpServletRequest.java'
 - class annotations:       Array<T>(0x0000000000000000)
 - class type annotations:  Array<T>(0x0000000000000000)
 - field annotations:       Array<T>(0x0000000000000000)
 - field type annotations:  Array<T>(0x0000000000000000)
 - inner classes:     Array<T>(0x000002269e2df1c0)
 - nest members:     Array<T>(0x000002269e2df1d8)
 - permitted subclasses:     Array<T>(0x000002265c5d1dc8)
 - java mirror:       a 'java/lang/Class'{0x00000000844c2ec0} = 'jakarta/servlet/http/HttpServletRequest'
 - vtable length      5  (start addr: 0x000002265d342e28)
 - itable length      0 (start addr: 0x000002265d342e50)
 - ---- static fields (2 words):
 - public static final 'BASIC_AUTH' 'Ljava/lang/String;' @112 
 - public static final 'FORM_AUTH' 'Ljava/lang/String;' @116 
 - public static final 'CLIENT_CERT_AUTH' 'Ljava/lang/String;' @120 
 - public static final 'DIGEST_AUTH' 'Ljava/lang/String;' @124 
 - ---- non-static fields (0 words):
 - non-static oop maps: 
RCX=0x000002265c453df8 is pointing into metadata
RDX=0x000002265c453df8 is pointing into metadata
RSP=0x0000008d2adefba0 is pointing into the stack for thread: 0x00000226a1995210
RBP=0x0000008d2adefc40 is pointing into the stack for thread: 0x00000226a1995210
RSI=0x0000008d2adf0010 is pointing into the stack for thread: 0x00000226a1995210
RDI=0x0000008d2adf0018 is pointing into the stack for thread: 0x00000226a1995210
R8 =0x0000008d2adf0020 is pointing into the stack for thread: 0x00000226a1995210
R9 =0x0000000000000001 is an unknown value
R10=0x00007ffe3b59a410 jvm.dll
R11=0x000002265085d640 is at entry_point+32 in (nmethod*)0x000002265085d490
Compiled method (c1)  110386 9705       1       jakarta.servlet.http.HttpServletRequestWrapper::_getHttpServletRequest (8 bytes)
 total in heap  [0x000002265085d490,0x000002265085d798] = 776
 relocation     [0x000002265085d5e8,0x000002265085d618] = 48
 main code      [0x000002265085d620,0x000002265085d700] = 224
 stub code      [0x000002265085d700,0x000002265085d738] = 56
 oops           [0x000002265085d738,0x000002265085d740] = 8
 metadata       [0x000002265085d740,0x000002265085d750] = 16
 scopes data    [0x000002265085d750,0x000002265085d760] = 16
 scopes pcs     [0x000002265085d760,0x000002265085d790] = 48
 dependencies   [0x000002265085d790,0x000002265085d798] = 8
R12=0x0 is NULL
R13=0x0000008d2adefbf0 is pointing into the stack for thread: 0x00000226a1995210
R14=0x0000008d2adefc58 is pointing into the stack for thread: 0x00000226a1995210
R15=0x00000226a1995210 is a thread


Top of Stack: (sp=0x0000008d2adefba0)
0x0000008d2adefba0:   000000008c922dc0 000000008c90f528
0x0000008d2adefbb0:   0000008d2adefbb0 00000226a5d696b3
0x0000008d2adefbc0:   0000008d2adefc10 00000226a5e34238
0x0000008d2adefbd0:   0000008d2adefc40 00000226504a952f
0x0000008d2adefbe0:   00000226a5d696e0 00000226504a952f
0x0000008d2adefbf0:   000002265c453df8 0000008d2adefbf8
0x0000008d2adefc00:   00000226a5115411 0000008d2adefc58
0x0000008d2adefc10:   00000226a5cb8650 0000000000000000
0x0000008d2adefc20:   00000000865f1148 00000226a5115440
0x0000008d2adefc30:   0000008d2adefbf0 0000008d2adefc50
0x0000008d2adefc40:   0000008d2adefe30 00000226504a1010
0x0000008d2adefc50:   000000008d104690 000002265c453df8
0x0000008d2adefc60:   0000022600000000 0000008d2adefda0
0x0000008d2adefc70:   000002265c009f00 000002265c009f00
0x0000008d2adefc80:   00000226a1995210 00000226000a0101
0x0000008d2adefc90:   00000226a1995210 00007ffe3adf1768 

Instructions: (pc=0x000002265085d663)
0x000002265085d563:   00 00 00 00 00 20 d6 85 50 26 02 00 00 40 d6 85
0x000002265085d573:   50 26 02 00 00 20 d6 85 50 26 02 00 00 70 02 00
0x000002265085d583:   00 41 02 00 00 90 01 00 00 70 02 00 00 a8 02 00
0x000002265085d593:   00 b0 02 00 00 00 00 00 00 d0 02 00 00 00 03 00
0x000002265085d5a3:   00 08 03 00 00 08 03 00 00 08 03 00 00 08 03 00
0x000002265085d5b3:   00 08 03 00 00 08 03 00 00 20 00 00 00 e9 25 00
0x000002265085d5c3:   00 01 00 00 00 00 00 00 00 02 00 00 00 00 00 00
0x000002265085d5d3:   00 04 00 00 00 5f 00 00 00 02 00 00 00 ff ff ff
0x000002265085d5e3:   ff ff ff ff ff 14 60 25 c0 2f 64 1a b0 12 64 17
0x000002265085d5f3:   f0 05 80 11 64 29 64 0d 00 00 64 03 f8 33 3b a0
0x000002265085d603:   e0 fe 7f 05 70 0e 60 01 f8 7e ff 0e 90 0c 64 00
0x000002265085d613:   00 00 00 00 00 00 00 00 00 00 00 00 00 44 8b 52
0x000002265085d623:   08 49 bb 00 00 00 5c 26 02 00 00 4d 03 d3 4c 3b
0x000002265085d633:   d0 0f 85 46 f4 c8 ff 66 0f 1f 44 00 00 89 84 24
0x000002265085d643:   00 90 ff ff 55 48 83 ec 30 8b 42 0c 48 83 f8 00
0x000002265085d653:   0f 84 44 00 00 00 48 bb 60 2c 34 5d 26 02 00 00
0x000002265085d663:   8b 78 08 49 ba 00 00 00 5c 26 02 00 00 49 03 fa
0x000002265085d673:   48 3b 5f 20 0f 84 20 00 00 00 48 3b fb 0f 84 17
0x000002265085d683:   00 00 00 57 53 e8 73 8f d3 ff 5f 5f 83 ff 00 0f
0x000002265085d693:   84 18 00 00 00 e9 00 00 00 00 48 83 c4 30 5d 49
0x000002265085d6a3:   3b a7 48 03 00 00 0f 87 0a 00 00 00 c3 48 89 04
0x000002265085d6b3:   24 e8 67 89 d3 ff 49 ba a2 d6 85 50 26 02 00 00
0x000002265085d6c3:   4d 89 97 60 03 00 00 e9 31 5d c9 ff 90 90 49 8b
0x000002265085d6d3:   87 d8 03 00 00 49 c7 87 d8 03 00 00 00 00 00 00
0x000002265085d6e3:   49 c7 87 e0 03 00 00 00 00 00 00 48 83 c4 30 5d
0x000002265085d6f3:   e9 08 56 d3 ff f4 f4 f4 f4 f4 f4 f4 f4 e8 fb 82
0x000002265085d703:   d3 ff 48 b9 a0 e0 33 3b fe 7f 00 00 48 83 e4 f0
0x000002265085d713:   49 ba e0 da 01 3b fe 7f 00 00 41 ff d2 f4 49 ba
0x000002265085d723:   21 d7 85 50 26 02 00 00 41 52 e9 6e 4f c9 ff f4
0x000002265085d733:   f4 f4 f4 f4 f4 a8 ad cb 83 00 00 00 00 68 4f 11
0x000002265085d743:   a5 26 02 00 00 08 73 11 a5 26 02 00 00 ff 01 00
0x000002265085d753:   92 00 01 05 01 00 00 00 00 00 00 00 00 ff ff ff 


Stack slot to memory mapping:
stack at sp + 0 slots: 0x000000008c922dc0 is an oop: java.lang.String 
{0x000000008c922dc0} - klass: 'java/lang/String'
 - string: "org.apache.tomcat.InstanceManager"
stack at sp + 1 slots: 0x000000008c90f528 is an oop: org.apache.jasper.servlet.JasperLoader 
{0x000000008c90f528} - klass: 'org/apache/jasper/servlet/JasperLoader'
 - ---- fields (total size 14 words):
 - private 'defaultAssertionStatus' 'Z' @12  false
 - private final 'parent' 'Ljava/lang/ClassLoader;' @24  a 'org/springframework/boot/web/embedded/tomcat/TomcatEmbeddedWebappClassLoader'{0x0000000085022090} (85022090)
 - private final 'name' 'Ljava/lang/String;' @28  NULL (0)
 - private final 'unnamedModule' 'Ljava/lang/Module;' @32  a 'java/lang/Module'{0x000000008c90f6d8} (8c90f6d8)
 - private final 'nameAndId' 'Ljava/lang/String;' @36  "org.apache.jasper.servlet.JasperLoader @53853462"{0x000000008c90f850} (8c90f850)
 - private final 'parallelLockMap' 'Ljava/util/concurrent/ConcurrentHashMap;' @40  NULL (0)
 - private final 'package2certs' 'Ljava/util/concurrent/ConcurrentHashMap;' @44  a 'java/util/concurrent/ConcurrentHashMap'{0x000000008c90f710} (8c90f710)
 - private final 'classes' 'Ljava/util/ArrayList;' @48  a 'java/util/ArrayList'{0x000000008c90f5b0} (8c90f5b0)
 - private final 'defaultDomain' 'Ljava/security/ProtectionDomain;' @52  a 'java/security/ProtectionDomain'{0x000000008c90f5c8} (8c90f5c8)
 - private final 'packages' 'Ljava/util/concurrent/ConcurrentHashMap;' @56  a 'java/util/concurrent/ConcurrentHashMap'{0x000000008c90f638} (8c90f638)
 - private final 'libraries' 'Ljdk/internal/loader/NativeLibraries;' @60  a 'jdk/internal/loader/NativeLibraries'{0x000000008c90f678} (8c90f678)
 - final 'assertionLock' 'Ljava/lang/Object;' @64  a 'org/apache/jasper/servlet/JasperLoader'{0x000000008c90f528} (8c90f528)
 - private 'packageAssertionStatus' 'Ljava/util/Map;' @68  NULL (0)
 - 'classAssertionStatus' 'Ljava/util/Map;' @72  NULL (0)
 - private volatile 'classLoaderValueMap' 'Ljava/util/concurrent/ConcurrentHashMap;' @76  NULL (0)
 - private final 'pdcache' 'Ljava/util/Map;' @80  a 'java/util/concurrent/ConcurrentHashMap'{0x000000008c90f8a8} (8c90f8a8)
 - private final 'ucp' 'Ljdk/internal/loader/URLClassPath;' @84  a 'jdk/internal/loader/URLClassPath'{0x000000008c90fc08} (8c90fc08)
 - private final 'acc' 'Ljava/security/AccessControlContext;' @88  a 'java/security/AccessControlContext'{0x000000008c90fa90} (8c90fa90)
 - private 'closeables' 'Ljava/util/WeakHashMap;' @92  a 'java/util/WeakHashMap'{0x000000008c90f8e8} (8c90f8e8)
 - private final 'permissionCollection' 'Ljava/security/PermissionCollection;' @96  NULL (0)
 - private final 'securityManager' 'Ljava/lang/SecurityManager;' @100  NULL (0)
 - private final 'packageName' 'Ljava/lang/String;' @104  "org.apache.jsp"{0x000000008932a8d8} (8932a8d8)
stack at sp + 2 slots: 0x0000008d2adefbb0 is pointing into the stack for thread: 0x00000226a1995210
stack at sp + 3 slots: 0x00000226a5d696b3 is pointing into metadata
stack at sp + 4 slots: 0x0000008d2adefc10 is pointing into the stack for thread: 0x00000226a1995210
stack at sp + 5 slots: 0x00000226a5e34238 is pointing into metadata
stack at sp + 6 slots: 0x0000008d2adefc40 is pointing into the stack for thread: 0x00000226a1995210
stack at sp + 7 slots: 0x00000226504a952f is at code_begin+1167 in an Interpreter codelet
return entry points  [0x00000226504a90a0, 0x00000226504a98c0]  2080 bytes


Compiled method (c1)  110396 9705       1       jakarta.servlet.http.HttpServletRequestWrapper::_getHttpServletRequest (8 bytes)
 total in heap  [0x000002265085d490,0x000002265085d798] = 776
 relocation     [0x000002265085d5e8,0x000002265085d618] = 48
 main code      [0x000002265085d620,0x000002265085d700] = 224
 stub code      [0x000002265085d700,0x000002265085d738] = 56
 oops           [0x000002265085d738,0x000002265085d740] = 8
 metadata       [0x000002265085d740,0x000002265085d750] = 16
 scopes data    [0x000002265085d750,0x000002265085d760] = 16
 scopes pcs     [0x000002265085d760,0x000002265085d790] = 48
 dependencies   [0x000002265085d790,0x000002265085d798] = 8

[Constant Pool (empty)]

[MachCode]
[Entry Point]
  # {method} {0x00000226a5114f70} '_getHttpServletRequest' '()Ljakarta/servlet/http/HttpServletRequest;' in 'jakarta/servlet/http/HttpServletRequestWrapper'
  #           [sp+0x40]  (sp of caller)
  0x000002265085d620: 448b 5208 | 49bb 0000 | 005c 2602 | 0000 4d03 | d34c 3bd0 

  0x000002265085d634: ;   {runtime_call ic_miss_stub}
  0x000002265085d634: 0f85 46f4 | c8ff 660f | 1f44 0000 
[Verified Entry Point]
  0x000002265085d640: 8984 2400 | 90ff ff55 | 4883 ec30 | 8b42 0c48 | 83f8 000f | 8444 0000 

  0x000002265085d658: ;   {metadata('jakarta/servlet/http/HttpServletRequest')}
  0x000002265085d658: 0048 bb60 | 2c34 5d26 | 0200 008b | 7808 49ba | 0000 005c | 2602 0000 | 4903 fa48 | 3b5f 200f 
  0x000002265085d678: 8420 0000 | 0048 3bfb | 0f84 1700 | 0000 5753 

  0x000002265085d688: ;   {runtime_call slow_subtype_check Runtime1 stub}
  0x000002265085d688: e873 8fd3 | ff5f 5f83 | ff00 0f84 | 1800 0000 | e900 0000 | 0048 83c4 

  0x000002265085d6a0: ;   {poll_return}
  0x000002265085d6a0: 305d 493b | a748 0300 | 000f 870a | 0000 00c3 | 4889 0424 

  0x000002265085d6b4: ;   {runtime_call throw_class_cast_exception Runtime1 stub}
  0x000002265085d6b4: e867 89d3 

  0x000002265085d6b8: ; ImmutableOopMap {rdx=Oop }
                      ;*checkcast {reexecute=0 rethrow=0 return_oop=0}
                      ; - jakarta.servlet.http.HttpServletRequestWrapper::_getHttpServletRequest@4 (line 50)
                      ;   {internal_word}
  0x000002265085d6b8: ff49 baa2 | d685 5026 | 0200 004d | 8997 6003 

  0x000002265085d6c8: ;   {runtime_call SafepointBlob}
  0x000002265085d6c8: 0000 e931 | 5dc9 ff90 | 9049 8b87 | d803 0000 | 49c7 87d8 | 0300 0000 | 0000 0049 | c787 e003 
  0x000002265085d6e8: 0000 0000 | 0000 4883 

  0x000002265085d6f0: ;   {runtime_call unwind_exception Runtime1 stub}
  0x000002265085d6f0: c430 5de9 | 0856 d3ff | f4f4 f4f4 | f4f4 f4f4 
[Exception Handler]
  0x000002265085d700: ;   {no_reloc}
  0x000002265085d700: e8fb 82d3 

  0x000002265085d704: ;   {external_word}
  0x000002265085d704: ff48 b9a0 | e033 3bfe | 7f00 0048 

  0x000002265085d710: ;   {runtime_call}
  0x000002265085d710: 83e4 f049 | bae0 da01 | 3bfe 7f00 | 0041 ffd2 

  0x000002265085d720: ;   {section_word}
  0x000002265085d720: f449 ba21 | d785 5026 | 0200 0041 

  0x000002265085d72c: ;   {runtime_call DeoptimizationBlob}
  0x000002265085d72c: 52e9 6e4f | c9ff f4f4 | f4f4 f4f4 
[/MachCode]


---------------  P R O C E S S  ---------------

Threads class SMR info:
_java_thread_list=0x000002265b7e0a70, length=43, elements={
0x0000022658c87f80, 0x0000022658c8c920, 0x000002265b74e5c0, 0x000002265b751020,
0x000002265b759510, 0x000002265b767d90, 0x000002265b75a730, 0x000002265b767880,
0x000002265b767370, 0x000002265b766e60, 0x000002265b7682a0, 0x000002265b7687b0,
0x000002265b768cc0, 0x000002265b765a20, 0x00000226a1996650, 0x00000226a1997a90,
0x00000226a1995c30, 0x00000226a1995720, 0x00000226a1997070, 0x00000226a1997580,
0x00000226a19989c0, 0x00000226a199b750, 0x00000226a1998ed0, 0x00000226a19993e0,
0x00000226a199bc60, 0x00000226a19998f0, 0x00000226a1999e00, 0x00000226a199a310,
0x00000226a199c170, 0x00000226a1994d00, 0x00000226a1995210, 0x00000226a1996140,
0x00000226a199c680, 0x00000226a4156360, 0x00000226a4153ff0, 0x00000226a4154f20,
0x00000226a4152190, 0x00000226a4150330, 0x00000226a41535d0, 0x00000226a4155430,
0x000002265b7bf3c0, 0x000002265b7bd3e0, 0x000002265b7bf910
}

Java Threads: ( => current thread )
  0x0000022658c87f80 JavaThread "Reference Handler" daemon [_thread_blocked, id=1628, stack(0x0000008d27900000,0x0000008d27a00000)]
  0x0000022658c8c920 JavaThread "Finalizer" daemon [_thread_blocked, id=4772, stack(0x0000008d27a00000,0x0000008d27b00000)]
  0x000002265b74e5c0 JavaThread "Signal Dispatcher" daemon [_thread_blocked, id=8508, stack(0x0000008d27b00000,0x0000008d27c00000)]
  0x000002265b751020 JavaThread "Attach Listener" daemon [_thread_blocked, id=7652, stack(0x0000008d27c00000,0x0000008d27d00000)]
  0x000002265b759510 JavaThread "Service Thread" daemon [_thread_blocked, id=6132, stack(0x0000008d27d00000,0x0000008d27e00000)]
  0x000002265b767d90 JavaThread "Monitor Deflation Thread" daemon [_thread_blocked, id=6472, stack(0x0000008d27e00000,0x0000008d27f00000)]
  0x000002265b75a730 JavaThread "C1 CompilerThread0" daemon [_thread_blocked, id=956, stack(0x0000008d27f00000,0x0000008d28000000)]
  0x000002265b767880 JavaThread "Sweeper thread" daemon [_thread_blocked, id=6756, stack(0x0000008d28000000,0x0000008d28100000)]
  0x000002265b767370 JavaThread "Common-Cleaner" daemon [_thread_blocked, id=10608, stack(0x0000008d28200000,0x0000008d28300000)]
  0x000002265b766e60 JavaThread "Notification Thread" daemon [_thread_blocked, id=4140, stack(0x0000008d28300000,0x0000008d28400000)]
  0x000002265b7682a0 JavaThread "RMI TCP Accept-0" daemon [_thread_in_native, id=4328, stack(0x0000008d28600000,0x0000008d28700000)]
  0x000002265b7687b0 JavaThread "RMI TCP Accept-50862" daemon [_thread_in_native, id=3636, stack(0x0000008d28700000,0x0000008d28800000)]
  0x000002265b768cc0 JavaThread "RMI TCP Accept-0" daemon [_thread_in_native, id=7020, stack(0x0000008d28800000,0x0000008d28900000)]
  0x000002265b765a20 JavaThread "RMI Scheduler(0)" daemon [_thread_blocked, id=5984, stack(0x0000008d29600000,0x0000008d29700000)]
  0x00000226a1996650 JavaThread "JMX server connection timeout 25" daemon [_thread_blocked, id=5000, stack(0x0000008d29800000,0x0000008d29900000)]
  0x00000226a1997a90 JavaThread "PostgreSQL-JDBC-Cleaner" daemon [_thread_blocked, id=5428, stack(0x0000008d29b00000,0x0000008d29c00000)]
  0x00000226a1995c30 JavaThread "HikariPool-1 housekeeper" daemon [_thread_blocked, id=10672, stack(0x0000008d29e00000,0x0000008d29f00000)]
  0x00000226a1995720 JavaThread "Catalina-utility-1" [_thread_blocked, id=5512, stack(0x0000008d2a000000,0x0000008d2a100000)]
  0x00000226a1997070 JavaThread "Catalina-utility-2" [_thread_blocked, id=8960, stack(0x0000008d2a100000,0x0000008d2a200000)]
  0x00000226a1997580 JavaThread "container-0" [_thread_blocked, id=3772, stack(0x0000008d2a200000,0x0000008d2a300000)]
  0x00000226a19989c0 JavaThread "lettuce-timer-3-1" daemon [_thread_blocked, id=6800, stack(0x0000008d2a300000,0x0000008d2a400000)]
  0x00000226a199b750 JavaThread "File Watcher" daemon [_thread_blocked, id=4816, stack(0x0000008d2a400000,0x0000008d2a500000)]
  0x00000226a1998ed0 JavaThread "Live Reload Server" daemon [_thread_in_native, id=9264, stack(0x0000008d2a600000,0x0000008d2a700000)]
  0x00000226a19993e0 JavaThread "http-nio-0.0.0.0-8080-exec-1" daemon [_thread_blocked, id=4040, stack(0x0000008d2a500000,0x0000008d2a600000)]
  0x00000226a199bc60 JavaThread "http-nio-0.0.0.0-8080-exec-2" daemon [_thread_blocked, id=6092, stack(0x0000008d2a700000,0x0000008d2a800000)]
  0x00000226a19998f0 JavaThread "http-nio-0.0.0.0-8080-exec-3" daemon [_thread_blocked, id=6864, stack(0x0000008d2a800000,0x0000008d2a900000)]
  0x00000226a1999e00 JavaThread "http-nio-0.0.0.0-8080-exec-4" daemon [_thread_blocked, id=7732, stack(0x0000008d2a900000,0x0000008d2aa00000)]
  0x00000226a199a310 JavaThread "http-nio-0.0.0.0-8080-exec-5" daemon [_thread_blocked, id=9196, stack(0x0000008d2aa00000,0x0000008d2ab00000)]
  0x00000226a199c170 JavaThread "http-nio-0.0.0.0-8080-exec-6" daemon [_thread_blocked, id=6172, stack(0x0000008d2ab00000,0x0000008d2ac00000)]
  0x00000226a1994d00 JavaThread "http-nio-0.0.0.0-8080-exec-7" daemon [_thread_blocked, id=10844, stack(0x0000008d2ac00000,0x0000008d2ad00000)]
=>0x00000226a1995210 JavaThread "http-nio-0.0.0.0-8080-exec-8" daemon [_thread_in_Java, id=8680, stack(0x0000008d2ad00000,0x0000008d2ae00000)]
  0x00000226a1996140 JavaThread "http-nio-0.0.0.0-8080-exec-9" daemon [_thread_blocked, id=8244, stack(0x0000008d2ae00000,0x0000008d2af00000)]
  0x00000226a199c680 JavaThread "http-nio-0.0.0.0-8080-exec-10" daemon [_thread_blocked, id=4576, stack(0x0000008d2af00000,0x0000008d2b000000)]
  0x00000226a4156360 JavaThread "http-nio-0.0.0.0-8080-Poller" daemon [_thread_in_native, id=9584, stack(0x0000008d2b000000,0x0000008d2b100000)]
  0x00000226a4153ff0 JavaThread "http-nio-0.0.0.0-8080-Acceptor" daemon [_thread_in_native, id=11168, stack(0x0000008d2b100000,0x0000008d2b200000)]
  0x00000226a4154f20 JavaThread "scheduling-1" [_thread_blocked, id=2700, stack(0x0000008d2b200000,0x0000008d2b300000)]
  0x00000226a4152190 JavaThread "DestroyJavaVM" [_thread_blocked, id=10804, stack(0x0000008d27200000,0x0000008d27300000)]
  0x00000226a4150330 JavaThread "RMI TCP Connection(idle)" daemon [_thread_blocked, id=3316, stack(0x0000008d2b800000,0x0000008d2b900000)]
  0x00000226a41535d0 JavaThread "RMI TCP Connection(9)-127.0.0.1" daemon [_thread_in_native, id=5228, stack(0x0000008d29300000,0x0000008d29400000)]
  0x00000226a4155430 JavaThread "JMX server connection timeout 64" daemon [_thread_blocked, id=9132, stack(0x0000008d2b600000,0x0000008d2b700000)]
  0x000002265b7bf3c0 JavaThread "C1 CompilerThread1" daemon [_thread_blocked, id=1528, stack(0x0000008d26f00000,0x0000008d27000000)]
  0x000002265b7bd3e0 JavaThread "C1 CompilerThread2" daemon [_thread_blocked, id=4644, stack(0x0000008d27000000,0x0000008d27100000)]
  0x000002265b7bf910 JavaThread "C1 CompilerThread3" daemon [_thread_blocked, id=1600, stack(0x0000008d27100000,0x0000008d27200000)]

Other Threads:
  0x0000022658c82370 VMThread "VM Thread" [stack: 0x0000008d27800000,0x0000008d27900000] [id=3036]
  0x0000022648bdd5c0 WatcherThread [stack: 0x0000008d28900000,0x0000008d28a00000] [id=10540]
  0x0000022648c32e40 GCTaskThread "GC Thread#0" [stack: 0x0000008d27300000,0x0000008d27400000] [id=1448]
  0x00000226a173a110 GCTaskThread "GC Thread#1" [stack: 0x0000008d28a00000,0x0000008d28b00000] [id=3948]
  0x00000226a175db20 GCTaskThread "GC Thread#2" [stack: 0x0000008d28b00000,0x0000008d28c00000] [id=5944]
  0x00000226a1767920 GCTaskThread "GC Thread#3" [stack: 0x0000008d28c00000,0x0000008d28d00000] [id=4476]
  0x00000226a17fecd0 GCTaskThread "GC Thread#4" [stack: 0x0000008d28d00000,0x0000008d28e00000] [id=10160]
  0x00000226a1821890 GCTaskThread "GC Thread#5" [stack: 0x0000008d28e00000,0x0000008d28f00000] [id=6308]
  0x00000226a1821b50 GCTaskThread "GC Thread#6" [stack: 0x0000008d28f00000,0x0000008d29000000] [id=5660]
  0x00000226a1829e30 GCTaskThread "GC Thread#7" [stack: 0x0000008d29000000,0x0000008d29100000] [id=7288]
  0x00000226a196ec70 GCTaskThread "GC Thread#8" [stack: 0x0000008d29500000,0x0000008d29600000] [id=8412]
  0x00000226a1c14420 GCTaskThread "GC Thread#9" [stack: 0x0000008d29a00000,0x0000008d29b00000] [id=4864]
  0x0000022658a98110 ConcurrentGCThread "G1 Main Marker" [stack: 0x0000008d27400000,0x0000008d27500000] [id=4008]
  0x0000022658a98b10 ConcurrentGCThread "G1 Conc#0" [stack: 0x0000008d27500000,0x0000008d27600000] [id=1832]
  0x00000226a20269e0 ConcurrentGCThread "G1 Conc#1" [stack: 0x0000008d29c00000,0x0000008d29d00000] [id=9452]
  0x00000226a2026f60 ConcurrentGCThread "G1 Conc#2" [stack: 0x0000008d29d00000,0x0000008d29e00000] [id=6804]
  0x0000022658b21fd0 ConcurrentGCThread "G1 Refine#0" [stack: 0x0000008d27600000,0x0000008d27700000] [id=3144]
  0x00000226a175dde0 ConcurrentGCThread "G1 Refine#1" [stack: 0x0000008d29100000,0x0000008d29200000] [id=1152]
  0x0000022658b25620 ConcurrentGCThread "G1 Service" [stack: 0x0000008d27700000,0x0000008d27800000] [id=10744]

Threads with active compile tasks:

VM state: not at safepoint (normal execution)

VM Mutex/Monitor currently owned by a thread: None

Heap address: 0x0000000083600000, size: 1994 MB, Compressed Oops mode: 32-bit

CDS archive(s) mapped at: [0x000002265c000000-0x000002265cbd0000-0x000002265cbd0000), size 12386304, SharedBaseAddress: 0x000002265c000000, ArchiveRelocationMode: 1.
Compressed class space mapped at: 0x000002265d000000-0x000002269d000000, reserved size: 1073741824
Narrow klass base: 0x000002265c000000, Narrow klass shift: 0, Narrow klass range: 0x100000000

GC Precious Log:
 CPUs: 12 total, 12 available
 Memory: 7968M
 Large Page Support: Disabled
 NUMA Support: Disabled
 Compressed Oops: Enabled (32-bit)
 Heap Region Size: 1M
 Heap Min Capacity: 8M
 Heap Initial Capacity: 126M
 Heap Max Capacity: 1994M
 Pre-touch: Disabled
 Parallel Workers: 10
 Concurrent Workers: 3
 Concurrent Refinement Workers: 10
 Periodic GC: Disabled

Heap:
 garbage-first heap   total 187392K, used 102872K [0x0000000083600000, 0x0000000100000000)
  region size 1024K, 42 young (43008K), 6 survivors (6144K)
 Metaspace       used 99703K, committed 100544K, reserved 1179648K
  class space    used 14260K, committed 14656K, reserved 1048576K

Heap Regions: E=young(eden), S=young(survivor), O=old, HS=humongous(starts), HC=humongous(continues), CS=collection set, F=free, OA=open archive, CA=closed archive, TAMS=top-at-mark-start (previous, next)
|   0|0x0000000083600000, 0x0000000083700000, 0x0000000083700000|100%|HS|  |TAMS 0x0000000083700000, 0x0000000083600000| Complete 
|   1|0x0000000083700000, 0x0000000083800000, 0x0000000083800000|100%| O|  |TAMS 0x0000000083800000, 0x0000000083700000| Untracked 
|   2|0x0000000083800000, 0x0000000083900000, 0x0000000083900000|100%| O|  |TAMS 0x0000000083900000, 0x0000000083800000| Untracked 
|   3|0x0000000083900000, 0x0000000083a00000, 0x0000000083a00000|100%| O|  |TAMS 0x0000000083a00000, 0x0000000083900000| Untracked 
|   4|0x0000000083a00000, 0x0000000083b00000, 0x0000000083b00000|100%| O|  |TAMS 0x0000000083b00000, 0x0000000083a00000| Untracked 
|   5|0x0000000083b00000, 0x0000000083c00000, 0x0000000083c00000|100%| O|  |TAMS 0x0000000083c00000, 0x0000000083b00000| Untracked 
|   6|0x0000000083c00000, 0x0000000083d00000, 0x0000000083d00000|100%| O|  |TAMS 0x0000000083d00000, 0x0000000083c00000| Untracked 
|   7|0x0000000083d00000, 0x0000000083e00000, 0x0000000083e00000|100%| O|  |TAMS 0x0000000083e00000, 0x0000000083d00000| Untracked 
|   8|0x0000000083e00000, 0x0000000083f00000, 0x0000000083f00000|100%| O|  |TAMS 0x0000000083f00000, 0x0000000083e00000| Untracked 
|   9|0x0000000083f00000, 0x0000000083fc5800, 0x0000000084000000| 77%| O|  |TAMS 0x0000000083fc5800, 0x0000000083f00000| Untracked 
|  10|0x0000000084000000, 0x0000000084100000, 0x0000000084100000|100%| O|  |TAMS 0x0000000084100000, 0x0000000084000000| Untracked 
|  11|0x0000000084100000, 0x0000000084200000, 0x0000000084200000|100%| O|  |TAMS 0x0000000084200000, 0x0000000084100000| Untracked 
|  12|0x0000000084200000, 0x0000000084300000, 0x0000000084300000|100%| O|  |TAMS 0x0000000084300000, 0x0000000084200000| Untracked 
|  13|0x0000000084300000, 0x0000000084400000, 0x0000000084400000|100%| O|  |TAMS 0x0000000084400000, 0x0000000084300000| Untracked 
|  14|0x0000000084400000, 0x0000000084500000, 0x0000000084500000|100%| O|  |TAMS 0x0000000084500000, 0x0000000084400000| Untracked 
|  15|0x0000000084500000, 0x0000000084600000, 0x0000000084600000|100%| O|  |TAMS 0x0000000084600000, 0x0000000084500000| Untracked 
|  16|0x0000000084600000, 0x0000000084700000, 0x0000000084700000|100%| O|  |TAMS 0x0000000084700000, 0x0000000084600000| Untracked 
|  17|0x0000000084700000, 0x0000000084800000, 0x0000000084800000|100%| O|  |TAMS 0x0000000084800000, 0x0000000084700000| Untracked 
|  18|0x0000000084800000, 0x0000000084900000, 0x0000000084900000|100%| O|  |TAMS 0x0000000084900000, 0x0000000084800000| Untracked 
|  19|0x0000000084900000, 0x0000000084a00000, 0x0000000084a00000|100%| O|  |TAMS 0x0000000084a00000, 0x0000000084900000| Untracked 
|  20|0x0000000084a00000, 0x0000000084b00000, 0x0000000084b00000|100%| O|  |TAMS 0x0000000084b00000, 0x0000000084a00000| Untracked 
|  21|0x0000000084b00000, 0x0000000084c00000, 0x0000000084c00000|100%| O|  |TAMS 0x0000000084c00000, 0x0000000084b00000| Untracked 
|  22|0x0000000084c00000, 0x0000000084d00000, 0x0000000084d00000|100%| O|  |TAMS 0x0000000084d00000, 0x0000000084c00000| Untracked 
|  23|0x0000000084d00000, 0x0000000084e00000, 0x0000000084e00000|100%| O|  |TAMS 0x0000000084e00000, 0x0000000084d00000| Untracked 
|  24|0x0000000084e00000, 0x0000000084f00000, 0x0000000084f00000|100%| O|  |TAMS 0x0000000084f00000, 0x0000000084e00000| Untracked 
|  25|0x0000000084f00000, 0x0000000085000000, 0x0000000085000000|100%| O|  |TAMS 0x0000000085000000, 0x0000000084f00000| Untracked 
|  26|0x0000000085000000, 0x0000000085100000, 0x0000000085100000|100%| O|  |TAMS 0x0000000085100000, 0x0000000085000000| Untracked 
|  27|0x0000000085100000, 0x0000000085200000, 0x0000000085200000|100%| O|  |TAMS 0x0000000085200000, 0x0000000085100000| Untracked 
|  28|0x0000000085200000, 0x0000000085300000, 0x0000000085300000|100%| O|  |TAMS 0x0000000085300000, 0x0000000085200000| Untracked 
|  29|0x0000000085300000, 0x0000000085400000, 0x0000000085400000|100%| O|  |TAMS 0x0000000085300000, 0x0000000085300000| Untracked 
|  30|0x0000000085400000, 0x0000000085500000, 0x0000000085500000|100%| O|  |TAMS 0x0000000085400000, 0x0000000085400000| Untracked 
|  31|0x0000000085500000, 0x0000000085600000, 0x0000000085600000|100%| O|  |TAMS 0x0000000085500000, 0x0000000085500000| Untracked 
|  32|0x0000000085600000, 0x0000000085700000, 0x0000000085700000|100%| O|  |TAMS 0x0000000085600000, 0x0000000085600000| Untracked 
|  33|0x0000000085700000, 0x0000000085800000, 0x0000000085800000|100%| O|  |TAMS 0x0000000085700000, 0x0000000085700000| Untracked 
|  34|0x0000000085800000, 0x0000000085900000, 0x0000000085900000|100%| O|  |TAMS 0x0000000085800000, 0x0000000085800000| Untracked 
|  35|0x0000000085900000, 0x0000000085a00000, 0x0000000085a00000|100%| O|  |TAMS 0x0000000085900000, 0x0000000085900000| Untracked 
|  36|0x0000000085a00000, 0x0000000085b00000, 0x0000000085b00000|100%| O|  |TAMS 0x0000000085a00000, 0x0000000085a00000| Untracked 
|  37|0x0000000085b00000, 0x0000000085c00000, 0x0000000085c00000|100%| O|  |TAMS 0x0000000085b00000, 0x0000000085b00000| Untracked 
|  38|0x0000000085c00000, 0x0000000085d00000, 0x0000000085d00000|100%| O|  |TAMS 0x0000000085c00000, 0x0000000085c00000| Untracked 
|  39|0x0000000085d00000, 0x0000000085e00000, 0x0000000085e00000|100%| O|  |TAMS 0x0000000085d00000, 0x0000000085d00000| Untracked 
|  40|0x0000000085e00000, 0x0000000085f00000, 0x0000000085f00000|100%| O|  |TAMS 0x0000000085e00000, 0x0000000085e00000| Untracked 
|  41|0x0000000085f00000, 0x0000000086000000, 0x0000000086000000|100%| O|  |TAMS 0x0000000085f00000, 0x0000000085f00000| Untracked 
|  42|0x0000000086000000, 0x0000000086100000, 0x0000000086100000|100%| O|  |TAMS 0x0000000086000000, 0x0000000086000000| Untracked 
|  43|0x0000000086100000, 0x0000000086200000, 0x0000000086200000|100%| O|  |TAMS 0x0000000086100000, 0x0000000086100000| Untracked 
|  44|0x0000000086200000, 0x0000000086300000, 0x0000000086300000|100%| O|  |TAMS 0x0000000086200000, 0x0000000086200000| Untracked 
|  45|0x0000000086300000, 0x0000000086400000, 0x0000000086400000|100%| O|  |TAMS 0x0000000086300000, 0x0000000086300000| Untracked 
|  46|0x0000000086400000, 0x0000000086500000, 0x0000000086500000|100%| O|  |TAMS 0x0000000086400000, 0x0000000086400000| Untracked 
|  47|0x0000000086500000, 0x0000000086600000, 0x0000000086600000|100%| O|  |TAMS 0x0000000086500000, 0x0000000086500000| Untracked 
|  48|0x0000000086600000, 0x0000000086700000, 0x0000000086700000|100%| O|  |TAMS 0x0000000086600000, 0x0000000086600000| Untracked 
|  49|0x0000000086700000, 0x0000000086800000, 0x0000000086800000|100%| O|  |TAMS 0x0000000086700000, 0x0000000086700000| Untracked 
|  50|0x0000000086800000, 0x0000000086900000, 0x0000000086900000|100%| O|  |TAMS 0x0000000086800000, 0x0000000086800000| Untracked 
|  51|0x0000000086900000, 0x0000000086a00000, 0x0000000086a00000|100%| O|  |TAMS 0x0000000086900000, 0x0000000086900000| Untracked 
|  52|0x0000000086a00000, 0x0000000086b00000, 0x0000000086b00000|100%| O|  |TAMS 0x0000000086a00000, 0x0000000086a00000| Untracked 
|  53|0x0000000086b00000, 0x0000000086c00000, 0x0000000086c00000|100%| O|  |TAMS 0x0000000086b00000, 0x0000000086b00000| Untracked 
|  54|0x0000000086c00000, 0x0000000086d00000, 0x0000000086d00000|100%| O|  |TAMS 0x0000000086c00000, 0x0000000086c00000| Untracked 
|  55|0x0000000086d00000, 0x0000000086e00000, 0x0000000086e00000|100%| O|  |TAMS 0x0000000086d00000, 0x0000000086d00000| Untracked 
|  56|0x0000000086e00000, 0x0000000086f00000, 0x0000000086f00000|100%| O|  |TAMS 0x0000000086e00000, 0x0000000086e00000| Untracked 
|  57|0x0000000086f00000, 0x0000000087000000, 0x0000000087000000|100%| O|  |TAMS 0x0000000086f00000, 0x0000000086f00000| Untracked 
|  58|0x0000000087000000, 0x0000000087100000, 0x0000000087100000|100%| O|  |TAMS 0x0000000087000000, 0x0000000087000000| Untracked 
|  59|0x0000000087100000, 0x0000000087200000, 0x0000000087200000|100%| O|  |TAMS 0x0000000087100000, 0x0000000087100000| Untracked 
|  60|0x0000000087200000, 0x0000000087300000, 0x0000000087300000|100%| O|  |TAMS 0x0000000087200000, 0x0000000087200000| Untracked 
|  61|0x0000000087300000, 0x0000000087300000, 0x0000000087400000|  0%| F|  |TAMS 0x0000000087300000, 0x0000000087300000| Untracked 
|  62|0x0000000087400000, 0x0000000087400000, 0x0000000087500000|  0%| F|  |TAMS 0x0000000087400000, 0x0000000087400000| Untracked 
|  63|0x0000000087500000, 0x0000000087500000, 0x0000000087600000|  0%| F|  |TAMS 0x0000000087500000, 0x0000000087500000| Untracked 
|  64|0x0000000087600000, 0x0000000087600000, 0x0000000087700000|  0%| F|  |TAMS 0x0000000087600000, 0x0000000087600000| Untracked 
|  65|0x0000000087700000, 0x0000000087700000, 0x0000000087800000|  0%| F|  |TAMS 0x0000000087700000, 0x0000000087700000| Untracked 
|  66|0x0000000087800000, 0x0000000087800000, 0x0000000087900000|  0%| F|  |TAMS 0x0000000087800000, 0x0000000087800000| Untracked 
|  67|0x0000000087900000, 0x0000000087900000, 0x0000000087a00000|  0%| F|  |TAMS 0x0000000087900000, 0x0000000087900000| Untracked 
|  68|0x0000000087a00000, 0x0000000087a00000, 0x0000000087b00000|  0%| F|  |TAMS 0x0000000087a00000, 0x0000000087a00000| Untracked 
|  69|0x0000000087b00000, 0x0000000087b00000, 0x0000000087c00000|  0%| F|  |TAMS 0x0000000087b00000, 0x0000000087b00000| Untracked 
|  70|0x0000000087c00000, 0x0000000087c00000, 0x0000000087d00000|  0%| F|  |TAMS 0x0000000087c00000, 0x0000000087c00000| Untracked 
|  71|0x0000000087d00000, 0x0000000087d00000, 0x0000000087e00000|  0%| F|  |TAMS 0x0000000087d00000, 0x0000000087d00000| Untracked 
|  72|0x0000000087e00000, 0x0000000087e00000, 0x0000000087f00000|  0%| F|  |TAMS 0x0000000087e00000, 0x0000000087e00000| Untracked 
|  73|0x0000000087f00000, 0x0000000087f00000, 0x0000000088000000|  0%| F|  |TAMS 0x0000000087f00000, 0x0000000087f00000| Untracked 
|  74|0x0000000088000000, 0x0000000088000000, 0x0000000088100000|  0%| F|  |TAMS 0x0000000088000000, 0x0000000088000000| Untracked 
|  75|0x0000000088100000, 0x0000000088100000, 0x0000000088200000|  0%| F|  |TAMS 0x0000000088100000, 0x0000000088100000| Untracked 
|  76|0x0000000088200000, 0x0000000088200000, 0x0000000088300000|  0%| F|  |TAMS 0x0000000088200000, 0x0000000088200000| Untracked 
|  77|0x0000000088300000, 0x0000000088300000, 0x0000000088400000|  0%| F|  |TAMS 0x0000000088300000, 0x0000000088300000| Untracked 
|  78|0x0000000088400000, 0x0000000088400000, 0x0000000088500000|  0%| F|  |TAMS 0x0000000088400000, 0x0000000088400000| Untracked 
|  79|0x0000000088500000, 0x0000000088500000, 0x0000000088600000|  0%| F|  |TAMS 0x0000000088500000, 0x0000000088500000| Untracked 
|  80|0x0000000088600000, 0x0000000088600000, 0x0000000088700000|  0%| F|  |TAMS 0x0000000088600000, 0x0000000088600000| Untracked 
|  81|0x0000000088700000, 0x0000000088700000, 0x0000000088800000|  0%| F|  |TAMS 0x0000000088700000, 0x0000000088700000| Untracked 
|  82|0x0000000088800000, 0x0000000088800000, 0x0000000088900000|  0%| F|  |TAMS 0x0000000088800000, 0x0000000088800000| Untracked 
|  83|0x0000000088900000, 0x0000000088900000, 0x0000000088a00000|  0%| F|  |TAMS 0x0000000088900000, 0x0000000088900000| Untracked 
|  84|0x0000000088a00000, 0x0000000088a00000, 0x0000000088b00000|  0%| F|  |TAMS 0x0000000088a00000, 0x0000000088a00000| Untracked 
|  85|0x0000000088b00000, 0x0000000088b00000, 0x0000000088c00000|  0%| F|  |TAMS 0x0000000088b00000, 0x0000000088b00000| Untracked 
|  86|0x0000000088c00000, 0x0000000088cb0900, 0x0000000088d00000| 68%| S|CS|TAMS 0x0000000088c00000, 0x0000000088c00000| Complete 
|  87|0x0000000088d00000, 0x0000000088e00000, 0x0000000088e00000|100%| S|CS|TAMS 0x0000000088d00000, 0x0000000088d00000| Complete 
|  88|0x0000000088e00000, 0x0000000088f00000, 0x0000000088f00000|100%| S|CS|TAMS 0x0000000088e00000, 0x0000000088e00000| Complete 
|  89|0x0000000088f00000, 0x0000000088f00000, 0x0000000089000000|  0%| F|  |TAMS 0x0000000088f00000, 0x0000000088f00000| Untracked 
|  90|0x0000000089000000, 0x0000000089000000, 0x0000000089100000|  0%| F|  |TAMS 0x0000000089000000, 0x0000000089000000| Untracked 
|  91|0x0000000089100000, 0x0000000089100000, 0x0000000089200000|  0%| F|  |TAMS 0x0000000089100000, 0x0000000089100000| Untracked 
|  92|0x0000000089200000, 0x0000000089300000, 0x0000000089300000|100%| S|CS|TAMS 0x0000000089200000, 0x0000000089200000| Complete 
|  93|0x0000000089300000, 0x0000000089400000, 0x0000000089400000|100%| S|CS|TAMS 0x0000000089300000, 0x0000000089300000| Complete 
|  94|0x0000000089400000, 0x0000000089500000, 0x0000000089500000|100%| S|CS|TAMS 0x0000000089400000, 0x0000000089400000| Complete 
|  95|0x0000000089500000, 0x0000000089500000, 0x0000000089600000|  0%| F|  |TAMS 0x0000000089500000, 0x0000000089500000| Untracked 
|  96|0x0000000089600000, 0x0000000089600000, 0x0000000089700000|  0%| F|  |TAMS 0x0000000089600000, 0x0000000089600000| Untracked 
|  97|0x0000000089700000, 0x0000000089700000, 0x0000000089800000|  0%| F|  |TAMS 0x0000000089700000, 0x0000000089700000| Untracked 
|  98|0x0000000089800000, 0x0000000089800000, 0x0000000089900000|  0%| F|  |TAMS 0x0000000089800000, 0x0000000089800000| Untracked 
|  99|0x0000000089900000, 0x0000000089900000, 0x0000000089a00000|  0%| F|  |TAMS 0x0000000089900000, 0x0000000089900000| Untracked 
| 100|0x0000000089a00000, 0x0000000089a00000, 0x0000000089b00000|  0%| F|  |TAMS 0x0000000089a00000, 0x0000000089a00000| Untracked 
| 101|0x0000000089b00000, 0x0000000089b00000, 0x0000000089c00000|  0%| F|  |TAMS 0x0000000089b00000, 0x0000000089b00000| Untracked 
| 102|0x0000000089c00000, 0x0000000089c00000, 0x0000000089d00000|  0%| F|  |TAMS 0x0000000089c00000, 0x0000000089c00000| Untracked 
| 103|0x0000000089d00000, 0x0000000089d00000, 0x0000000089e00000|  0%| F|  |TAMS 0x0000000089d00000, 0x0000000089d00000| Untracked 
| 104|0x0000000089e00000, 0x0000000089e00000, 0x0000000089f00000|  0%| F|  |TAMS 0x0000000089e00000, 0x0000000089e00000| Untracked 
| 105|0x0000000089f00000, 0x0000000089f00000, 0x000000008a000000|  0%| F|  |TAMS 0x0000000089f00000, 0x0000000089f00000| Untracked 
| 106|0x000000008a000000, 0x000000008a000000, 0x000000008a100000|  0%| F|  |TAMS 0x000000008a000000, 0x000000008a000000| Untracked 
| 107|0x000000008a100000, 0x000000008a100000, 0x000000008a200000|  0%| F|  |TAMS 0x000000008a100000, 0x000000008a100000| Untracked 
| 108|0x000000008a200000, 0x000000008a200000, 0x000000008a300000|  0%| F|  |TAMS 0x000000008a200000, 0x000000008a200000| Untracked 
| 109|0x000000008a300000, 0x000000008a300000, 0x000000008a400000|  0%| F|  |TAMS 0x000000008a300000, 0x000000008a300000| Untracked 
| 110|0x000000008a400000, 0x000000008a400000, 0x000000008a500000|  0%| F|  |TAMS 0x000000008a400000, 0x000000008a400000| Untracked 
| 111|0x000000008a500000, 0x000000008a500000, 0x000000008a600000|  0%| F|  |TAMS 0x000000008a500000, 0x000000008a500000| Untracked 
| 112|0x000000008a600000, 0x000000008a600000, 0x000000008a700000|  0%| F|  |TAMS 0x000000008a600000, 0x000000008a600000| Untracked 
| 113|0x000000008a700000, 0x000000008a700000, 0x000000008a800000|  0%| F|  |TAMS 0x000000008a700000, 0x000000008a700000| Untracked 
| 114|0x000000008a800000, 0x000000008a800000, 0x000000008a900000|  0%| F|  |TAMS 0x000000008a800000, 0x000000008a800000| Untracked 
| 115|0x000000008a900000, 0x000000008a900000, 0x000000008aa00000|  0%| F|  |TAMS 0x000000008a900000, 0x000000008a900000| Untracked 
| 116|0x000000008aa00000, 0x000000008aa00000, 0x000000008ab00000|  0%| F|  |TAMS 0x000000008aa00000, 0x000000008aa00000| Untracked 
| 117|0x000000008ab00000, 0x000000008ab00000, 0x000000008ac00000|  0%| F|  |TAMS 0x000000008ab00000, 0x000000008ab00000| Untracked 
| 118|0x000000008ac00000, 0x000000008ac00000, 0x000000008ad00000|  0%| F|  |TAMS 0x000000008ac00000, 0x000000008ac00000| Untracked 
| 119|0x000000008ad00000, 0x000000008ad00000, 0x000000008ae00000|  0%| F|  |TAMS 0x000000008ad00000, 0x000000008ad00000| Untracked 
| 120|0x000000008ae00000, 0x000000008ae00000, 0x000000008af00000|  0%| F|  |TAMS 0x000000008ae00000, 0x000000008ae00000| Untracked 
| 121|0x000000008af00000, 0x000000008af00000, 0x000000008b000000|  0%| F|  |TAMS 0x000000008af00000, 0x000000008af00000| Untracked 
| 122|0x000000008b000000, 0x000000008b000000, 0x000000008b100000|  0%| F|  |TAMS 0x000000008b000000, 0x000000008b000000| Untracked 
| 123|0x000000008b100000, 0x000000008b100000, 0x000000008b200000|  0%| F|  |TAMS 0x000000008b100000, 0x000000008b100000| Untracked 
| 124|0x000000008b200000, 0x000000008b200000, 0x000000008b300000|  0%| F|  |TAMS 0x000000008b200000, 0x000000008b200000| Untracked 
| 125|0x000000008b300000, 0x000000008b300000, 0x000000008b400000|  0%| F|  |TAMS 0x000000008b300000, 0x000000008b300000| Untracked 
| 126|0x000000008b400000, 0x000000008b400000, 0x000000008b500000|  0%| F|  |TAMS 0x000000008b400000, 0x000000008b400000| Untracked 
| 127|0x000000008b500000, 0x000000008b500000, 0x000000008b600000|  0%| F|  |TAMS 0x000000008b500000, 0x000000008b500000| Untracked 
| 128|0x000000008b600000, 0x000000008b600000, 0x000000008b700000|  0%| F|  |TAMS 0x000000008b600000, 0x000000008b600000| Untracked 
| 129|0x000000008b700000, 0x000000008b700000, 0x000000008b800000|  0%| F|  |TAMS 0x000000008b700000, 0x000000008b700000| Untracked 
| 130|0x000000008b800000, 0x000000008b800000, 0x000000008b900000|  0%| F|  |TAMS 0x000000008b800000, 0x000000008b800000| Untracked 
| 131|0x000000008b900000, 0x000000008b900000, 0x000000008ba00000|  0%| F|  |TAMS 0x000000008b900000, 0x000000008b900000| Untracked 
| 132|0x000000008ba00000, 0x000000008ba00000, 0x000000008bb00000|  0%| F|  |TAMS 0x000000008ba00000, 0x000000008ba00000| Untracked 
| 133|0x000000008bb00000, 0x000000008bb00000, 0x000000008bc00000|  0%| F|  |TAMS 0x000000008bb00000, 0x000000008bb00000| Untracked 
| 134|0x000000008bc00000, 0x000000008bc00000, 0x000000008bd00000|  0%| F|  |TAMS 0x000000008bc00000, 0x000000008bc00000| Untracked 
| 135|0x000000008bd00000, 0x000000008bd00000, 0x000000008be00000|  0%| F|  |TAMS 0x000000008bd00000, 0x000000008bd00000| Untracked 
| 136|0x000000008be00000, 0x000000008be00000, 0x000000008bf00000|  0%| F|  |TAMS 0x000000008be00000, 0x000000008be00000| Untracked 
| 137|0x000000008bf00000, 0x000000008bf00000, 0x000000008c000000|  0%| F|  |TAMS 0x000000008bf00000, 0x000000008bf00000| Untracked 
| 138|0x000000008c000000, 0x000000008c000000, 0x000000008c100000|  0%| F|  |TAMS 0x000000008c000000, 0x000000008c000000| Untracked 
| 139|0x000000008c100000, 0x000000008c100000, 0x000000008c200000|  0%| F|  |TAMS 0x000000008c100000, 0x000000008c100000| Untracked 
| 140|0x000000008c200000, 0x000000008c200000, 0x000000008c300000|  0%| F|  |TAMS 0x000000008c200000, 0x000000008c200000| Untracked 
| 141|0x000000008c300000, 0x000000008c300000, 0x000000008c400000|  0%| F|  |TAMS 0x000000008c300000, 0x000000008c300000| Untracked 
| 142|0x000000008c400000, 0x000000008c400000, 0x000000008c500000|  0%| F|  |TAMS 0x000000008c400000, 0x000000008c400000| Untracked 
| 143|0x000000008c500000, 0x000000008c500000, 0x000000008c600000|  0%| F|  |TAMS 0x000000008c500000, 0x000000008c500000| Untracked 
| 144|0x000000008c600000, 0x000000008c600000, 0x000000008c700000|  0%| F|  |TAMS 0x000000008c600000, 0x000000008c600000| Untracked 
| 145|0x000000008c700000, 0x000000008c700000, 0x000000008c800000|  0%| F|  |TAMS 0x000000008c700000, 0x000000008c700000| Untracked 
| 146|0x000000008c800000, 0x000000008c800000, 0x000000008c900000|  0%| F|  |TAMS 0x000000008c800000, 0x000000008c800000| Untracked 
| 147|0x000000008c900000, 0x000000008c923500, 0x000000008ca00000| 13%| E|  |TAMS 0x000000008c900000, 0x000000008c900000| Complete 
| 148|0x000000008ca00000, 0x000000008cb00000, 0x000000008cb00000|100%| E|CS|TAMS 0x000000008ca00000, 0x000000008ca00000| Complete 
| 149|0x000000008cb00000, 0x000000008cc00000, 0x000000008cc00000|100%| E|CS|TAMS 0x000000008cb00000, 0x000000008cb00000| Complete 
| 150|0x000000008cc00000, 0x000000008cd00000, 0x000000008cd00000|100%| E|CS|TAMS 0x000000008cc00000, 0x000000008cc00000| Complete 
| 151|0x000000008cd00000, 0x000000008ce00000, 0x000000008ce00000|100%| E|  |TAMS 0x000000008cd00000, 0x000000008cd00000| Complete 
| 152|0x000000008ce00000, 0x000000008cf00000, 0x000000008cf00000|100%| E|CS|TAMS 0x000000008ce00000, 0x000000008ce00000| Complete 
| 153|0x000000008cf00000, 0x000000008d000000, 0x000000008d000000|100%| E|CS|TAMS 0x000000008cf00000, 0x000000008cf00000| Complete 
| 154|0x000000008d000000, 0x000000008d100000, 0x000000008d100000|100%| E|CS|TAMS 0x000000008d000000, 0x000000008d000000| Complete 
| 155|0x000000008d100000, 0x000000008d200000, 0x000000008d200000|100%| E|CS|TAMS 0x000000008d100000, 0x000000008d100000| Complete 
| 156|0x000000008d200000, 0x000000008d300000, 0x000000008d300000|100%| E|CS|TAMS 0x000000008d200000, 0x000000008d200000| Complete 
| 157|0x000000008d300000, 0x000000008d400000, 0x000000008d400000|100%| E|CS|TAMS 0x000000008d300000, 0x000000008d300000| Complete 
| 158|0x000000008d400000, 0x000000008d500000, 0x000000008d500000|100%| E|CS|TAMS 0x000000008d400000, 0x000000008d400000| Complete 
| 159|0x000000008d500000, 0x000000008d600000, 0x000000008d600000|100%| E|CS|TAMS 0x000000008d500000, 0x000000008d500000| Complete 
| 160|0x000000008d600000, 0x000000008d700000, 0x000000008d700000|100%| E|CS|TAMS 0x000000008d600000, 0x000000008d600000| Complete 
| 161|0x000000008d700000, 0x000000008d800000, 0x000000008d800000|100%| E|CS|TAMS 0x000000008d700000, 0x000000008d700000| Complete 
| 162|0x000000008d800000, 0x000000008d900000, 0x000000008d900000|100%| E|CS|TAMS 0x000000008d800000, 0x000000008d800000| Complete 
| 163|0x000000008d900000, 0x000000008da00000, 0x000000008da00000|100%| E|CS|TAMS 0x000000008d900000, 0x000000008d900000| Complete 
| 164|0x000000008da00000, 0x000000008db00000, 0x000000008db00000|100%| E|CS|TAMS 0x000000008da00000, 0x000000008da00000| Complete 
| 165|0x000000008db00000, 0x000000008dc00000, 0x000000008dc00000|100%| E|CS|TAMS 0x000000008db00000, 0x000000008db00000| Complete 
| 166|0x000000008dc00000, 0x000000008dd00000, 0x000000008dd00000|100%| E|CS|TAMS 0x000000008dc00000, 0x000000008dc00000| Complete 
| 167|0x000000008dd00000, 0x000000008de00000, 0x000000008de00000|100%| E|CS|TAMS 0x000000008dd00000, 0x000000008dd00000| Complete 
| 168|0x000000008de00000, 0x000000008df00000, 0x000000008df00000|100%| E|CS|TAMS 0x000000008de00000, 0x000000008de00000| Complete 
| 169|0x000000008df00000, 0x000000008e000000, 0x000000008e000000|100%| E|CS|TAMS 0x000000008df00000, 0x000000008df00000| Complete 
| 170|0x000000008e000000, 0x000000008e100000, 0x000000008e100000|100%| E|CS|TAMS 0x000000008e000000, 0x000000008e000000| Complete 
| 171|0x000000008e100000, 0x000000008e200000, 0x000000008e200000|100%| E|CS|TAMS 0x000000008e100000, 0x000000008e100000| Complete 
| 172|0x000000008e200000, 0x000000008e300000, 0x000000008e300000|100%| E|CS|TAMS 0x000000008e200000, 0x000000008e200000| Complete 
| 173|0x000000008e300000, 0x000000008e400000, 0x000000008e400000|100%| E|CS|TAMS 0x000000008e300000, 0x000000008e300000| Complete 
| 174|0x000000008e400000, 0x000000008e500000, 0x000000008e500000|100%| E|CS|TAMS 0x000000008e400000, 0x000000008e400000| Complete 
| 175|0x000000008e500000, 0x000000008e600000, 0x000000008e600000|100%| E|CS|TAMS 0x000000008e500000, 0x000000008e500000| Complete 
| 176|0x000000008e600000, 0x000000008e700000, 0x000000008e700000|100%| E|CS|TAMS 0x000000008e600000, 0x000000008e600000| Complete 
| 177|0x000000008e700000, 0x000000008e800000, 0x000000008e800000|100%| E|CS|TAMS 0x000000008e700000, 0x000000008e700000| Complete 
| 178|0x000000008e800000, 0x000000008e900000, 0x000000008e900000|100%| E|CS|TAMS 0x000000008e800000, 0x000000008e800000| Complete 
| 179|0x000000008e900000, 0x000000008ea00000, 0x000000008ea00000|100%| E|CS|TAMS 0x000000008e900000, 0x000000008e900000| Complete 
| 180|0x000000008ea00000, 0x000000008eb00000, 0x000000008eb00000|100%| E|CS|TAMS 0x000000008ea00000, 0x000000008ea00000| Complete 
| 181|0x000000008eb00000, 0x000000008ec00000, 0x000000008ec00000|100%| E|CS|TAMS 0x000000008eb00000, 0x000000008eb00000| Complete 
| 182|0x000000008ec00000, 0x000000008ed00000, 0x000000008ed00000|100%| E|CS|TAMS 0x000000008ec00000, 0x000000008ec00000| Complete 

Card table byte_map: [0x00000226543c0000,0x00000226547b0000] _byte_map_base: 0x0000022653fa5000

Marking Bits (Prev, Next): (CMBitMap*) 0x0000022648c34870, (CMBitMap*) 0x0000022648c34830
 Prev Bits: [0x0000022656ad0000, 0x00000226589f8000)
 Next Bits: [0x0000022654ba0000, 0x0000022656ac8000)

Polling page: 0x0000022646e20000

Metaspace:

Usage:
  Non-class:     83.44 MB used.
      Class:     13.93 MB used.
       Both:     97.37 MB used.

Virtual space:
  Non-class space:      128.00 MB reserved,      83.88 MB ( 66%) committed,  2 nodes.
      Class space:        1.00 GB reserved,      14.31 MB (  1%) committed,  1 nodes.
             Both:        1.12 GB reserved,      98.19 MB (  9%) committed. 

Chunk freelists:
   Non-Class:  11.56 MB
       Class:  1.61 MB
        Both:  13.17 MB

MaxMetaspaceSize: unlimited
CompressedClassSpaceSize: 1.00 GB
Initial GC threshold: 21.00 MB
Current GC threshold: 98.69 MB
CDS: on
MetaspaceReclaimPolicy: balanced
 - commit_granule_bytes: 65536.
 - commit_granule_words: 8192.
 - virtual_space_node_default_size: 8388608.
 - enlarge_chunks_in_place: 1.
 - new_chunks_are_fully_committed: 0.
 - uncommit_free_chunks: 1.
 - use_allocation_guard: 0.
 - handle_deallocations: 1.


Internal statistics:

num_allocs_failed_limit: 11.
num_arena_births: 1232.
num_arena_deaths: 0.
num_vsnodes_births: 3.
num_vsnodes_deaths: 0.
num_space_committed: 1571.
num_space_uncommitted: 0.
num_chunks_returned_to_freelist: 11.
num_chunks_taken_from_freelist: 4990.
num_chunk_merges: 11.
num_chunk_splits: 3598.
num_chunks_enlarged: 2757.
num_inconsistent_stats: 0.

CodeCache: size=49152Kb used=21996Kb max_used=21996Kb free=27155Kb
 bounds [0x00000226504a0000, 0x0000022651a20000, 0x00000226534a0000]
 total_blobs=12043 nmethods=11285 adapters=680
 compilation: enabled
              stopped_count=0, restarted_count=0
 full_count=0

Compilation events (20 events):
Event: 110.319 Thread 0x000002265b7bf910 nmethod 11447 0x0000022651a13f90 code [0x0000022651a14180, 0x0000022651a14558]
Event: 110.319 Thread 0x000002265b7bd3e0 nmethod 11444 0x0000022651a14810 code [0x0000022651a14d20, 0x0000022651a16568]
Event: 110.319 Thread 0x000002265b7bd3e0 11448       1       org.eclipse.jdt.internal.compiler.lookup.SourceTypeBinding::isGenericType (29 bytes)
Event: 110.320 Thread 0x000002265b7bd3e0 nmethod 11448 0x0000022651a16c10 code [0x0000022651a16dc0, 0x0000022651a16fa8]
Event: 110.320 Thread 0x000002265b7bd3e0 11449       1       org.eclipse.jdt.internal.compiler.flow.UnconditionalFlowInfo::markAsComparedEqualToNonNull (528 bytes)
Event: 110.320 Thread 0x000002265b7bf910 11450       1       org.eclipse.jdt.internal.compiler.flow.UnconditionalFlowInfo::markAsDefinitelyNonNull (260 bytes)
Event: 110.320 Thread 0x000002265b7bf910 nmethod 11450 0x0000022651a17090 code [0x0000022651a17280, 0x0000022651a176d8]
Event: 110.320 Thread 0x000002265b75a730 11451       1       org.eclipse.jdt.internal.compiler.lookup.Scope::compareTypes (22 bytes)
Event: 110.321 Thread 0x000002265b75a730 nmethod 11451 0x0000022651a18910 code [0x0000022651a18ac0, 0x0000022651a18c78]
Event: 110.321 Thread 0x000002265b7bd3e0 nmethod 11449 0x0000022651a17a90 code [0x0000022651a17c80, 0x0000022651a18358]
Event: 110.321 Thread 0x000002265b75a730 11452       1       org.eclipse.jdt.internal.compiler.lookup.ReferenceBinding::getMemberType (21 bytes)
Event: 110.321 Thread 0x000002265b7bd3e0 11453       1       org.eclipse.jdt.internal.compiler.lookup.SourceTypeBinding::memberTypes (109 bytes)
Event: 110.321 Thread 0x000002265b75a730 nmethod 11452 0x0000022651a18d90 code [0x0000022651a18f40, 0x0000022651a190d8]
Event: 110.321 Thread 0x000002265b7bd3e0 nmethod 11453 0x0000022651a19210 code [0x0000022651a19400, 0x0000022651a198f8]
Event: 110.321 Thread 0x000002265b75a730 11454       1       org.eclipse.jdt.internal.compiler.codegen.ConstantPool::literalIndexForType (183 bytes)
Event: 110.321 Thread 0x000002265b7bf3c0 11455       1       org.eclipse.jdt.internal.compiler.lookup.ReferenceBinding::signature (29 bytes)
Event: 110.321 Thread 0x000002265b7bf3c0 nmethod 11455 0x0000022651a19b90 code [0x0000022651a19d40, 0x0000022651a19ed8]
Event: 110.322 Thread 0x000002265b7bf3c0 11456       1       org.eclipse.jdt.internal.compiler.lookup.BaseTypeBinding::constantPoolName (5 bytes)
Event: 110.322 Thread 0x000002265b75a730 nmethod 11454 0x0000022651a19f90 code [0x0000022651a1a1c0, 0x0000022651a1a818]
Event: 110.322 Thread 0x000002265b7bf3c0 nmethod 11456 0x0000022651a1ad90 code [0x0000022651a1af20, 0x0000022651a1aff8]

GC Heap History (20 events):
Event: 9.983 GC heap before
{Heap before GC invocations=33 (full 0):
 garbage-first heap   total 155648K, used 131189K [0x0000000083600000, 0x0000000100000000)
  region size 1024K, 84 young (86016K), 6 survivors (6144K)
 Metaspace       used 81473K, committed 82176K, reserved 1179648K
  class space    used 11995K, committed 12352K, reserved 1048576K
}
Event: 9.989 GC heap after
{Heap after GC invocations=34 (full 0):
 garbage-first heap   total 155648K, used 54030K [0x0000000083600000, 0x0000000100000000)
  region size 1024K, 9 young (9216K), 9 survivors (9216K)
 Metaspace       used 81473K, committed 82176K, reserved 1179648K
  class space    used 11995K, committed 12352K, reserved 1048576K
}
Event: 10.324 GC heap before
{Heap before GC invocations=34 (full 0):
 garbage-first heap   total 155648K, used 128782K [0x0000000083600000, 0x0000000100000000)
  region size 1024K, 82 young (83968K), 9 survivors (9216K)
 Metaspace       used 82328K, committed 83072K, reserved 1179648K
  class space    used 12161K, committed 12544K, reserved 1048576K
}
Event: 10.330 GC heap after
{Heap after GC invocations=35 (full 0):
 garbage-first heap   total 155648K, used 56170K [0x0000000083600000, 0x0000000100000000)
  region size 1024K, 8 young (8192K), 8 survivors (8192K)
 Metaspace       used 82328K, committed 83072K, reserved 1179648K
  class space    used 12161K, committed 12544K, reserved 1048576K
}
Event: 10.549 GC heap before
{Heap before GC invocations=35 (full 0):
 garbage-first heap   total 155648K, used 129898K [0x0000000083600000, 0x0000000100000000)
  region size 1024K, 80 young (81920K), 8 survivors (8192K)
 Metaspace       used 83833K, committed 84608K, reserved 1179648K
  class space    used 12374K, committed 12736K, reserved 1048576K
}
Event: 10.554 GC heap after
{Heap after GC invocations=36 (full 0):
 garbage-first heap   total 155648K, used 58270K [0x0000000083600000, 0x0000000100000000)
  region size 1024K, 8 young (8192K), 8 survivors (8192K)
 Metaspace       used 83833K, committed 84608K, reserved 1179648K
  class space    used 12374K, committed 12736K, reserved 1048576K
}
Event: 10.776 GC heap before
{Heap before GC invocations=36 (full 0):
 garbage-first heap   total 155648K, used 129950K [0x0000000083600000, 0x0000000100000000)
  region size 1024K, 78 young (79872K), 8 survivors (8192K)
 Metaspace       used 84871K, committed 85568K, reserved 1179648K
  class space    used 12516K, committed 12864K, reserved 1048576K
}
Event: 10.780 GC heap after
{Heap after GC invocations=37 (full 0):
 garbage-first heap   total 155648K, used 59944K [0x0000000083600000, 0x0000000100000000)
  region size 1024K, 7 young (7168K), 7 survivors (7168K)
 Metaspace       used 84871K, committed 85568K, reserved 1179648K
  class space    used 12516K, committed 12864K, reserved 1048576K
}
Event: 11.139 GC heap before
{Heap before GC invocations=37 (full 0):
 garbage-first heap   total 155648K, used 130600K [0x0000000083600000, 0x0000000100000000)
  region size 1024K, 76 young (77824K), 7 survivors (7168K)
 Metaspace       used 85407K, committed 86080K, reserved 1179648K
  class space    used 12594K, committed 12928K, reserved 1048576K
}
Event: 11.144 GC heap after
{Heap after GC invocations=38 (full 0):
 garbage-first heap   total 187392K, used 62624K [0x0000000083600000, 0x0000000100000000)
  region size 1024K, 7 young (7168K), 7 survivors (7168K)
 Metaspace       used 85407K, committed 86080K, reserved 1179648K
  class space    used 12594K, committed 12928K, reserved 1048576K
}
Event: 28.376 GC heap before
{Heap before GC invocations=38 (full 0):
 garbage-first heap   total 187392K, used 155808K [0x0000000083600000, 0x0000000100000000)
  region size 1024K, 99 young (101376K), 7 survivors (7168K)
 Metaspace       used 89548K, committed 90304K, reserved 1179648K
  class space    used 13226K, committed 13568K, reserved 1048576K
}
Event: 28.384 GC heap after
{Heap after GC invocations=39 (full 0):
 garbage-first heap   total 187392K, used 64621K [0x0000000083600000, 0x0000000100000000)
  region size 1024K, 9 young (9216K), 9 survivors (9216K)
 Metaspace       used 89548K, committed 90304K, reserved 1179648K
  class space    used 13226K, committed 13568K, reserved 1048576K
}
Event: 52.795 GC heap before
{Heap before GC invocations=39 (full 0):
 garbage-first heap   total 187392K, used 156781K [0x0000000083600000, 0x0000000100000000)
  region size 1024K, 99 young (101376K), 9 survivors (9216K)
 Metaspace       used 89560K, committed 90304K, reserved 1179648K
  class space    used 13229K, committed 13568K, reserved 1048576K
}
Event: 52.801 GC heap after
{Heap after GC invocations=40 (full 0):
 garbage-first heap   total 187392K, used 64426K [0x0000000083600000, 0x0000000100000000)
  region size 1024K, 7 young (7168K), 7 survivors (7168K)
 Metaspace       used 89560K, committed 90304K, reserved 1179648K
  class space    used 13229K, committed 13568K, reserved 1048576K
}
Event: 77.915 GC heap before
{Heap before GC invocations=40 (full 0):
 garbage-first heap   total 187392K, used 158634K [0x0000000083600000, 0x0000000100000000)
  region size 1024K, 99 young (101376K), 7 survivors (7168K)
 Metaspace       used 89561K, committed 90304K, reserved 1179648K
  class space    used 13230K, committed 13568K, reserved 1048576K
}
Event: 77.922 GC heap after
{Heap after GC invocations=41 (full 0):
 garbage-first heap   total 187392K, used 65330K [0x0000000083600000, 0x0000000100000000)
  region size 1024K, 8 young (8192K), 8 survivors (8192K)
 Metaspace       used 89561K, committed 90304K, reserved 1179648K
  class space    used 13230K, committed 13568K, reserved 1048576K
}
Event: 91.775 GC heap before
{Heap before GC invocations=41 (full 0):
 garbage-first heap   total 187392K, used 157490K [0x0000000083600000, 0x0000000100000000)
  region size 1024K, 99 young (101376K), 8 survivors (8192K)
 Metaspace       used 95803K, committed 96576K, reserved 1179648K
  class space    used 13829K, committed 14208K, reserved 1048576K
}
Event: 91.780 GC heap after
{Heap after GC invocations=42 (full 0):
 garbage-first heap   total 187392K, used 67425K [0x0000000083600000, 0x0000000100000000)
  region size 1024K, 9 young (9216K), 9 survivors (9216K)
 Metaspace       used 95803K, committed 96576K, reserved 1179648K
  class space    used 13829K, committed 14208K, reserved 1048576K
}
Event: 108.153 GC heap before
{Heap before GC invocations=42 (full 0):
 garbage-first heap   total 187392K, used 156513K [0x0000000083600000, 0x0000000100000000)
  region size 1024K, 97 young (99328K), 9 survivors (9216K)
 Metaspace       used 98581K, committed 99456K, reserved 1179648K
  class space    used 14122K, committed 14528K, reserved 1048576K
}
Event: 108.157 GC heap after
{Heap after GC invocations=43 (full 0):
 garbage-first heap   total 187392K, used 68056K [0x0000000083600000, 0x0000000100000000)
  region size 1024K, 6 young (6144K), 6 survivors (6144K)
 Metaspace       used 98581K, committed 99456K, reserved 1179648K
  class space    used 14122K, committed 14528K, reserved 1048576K
}

Deoptimization events (20 events):
Event: 3.565 Thread 0x000002265b765510 DEOPT PACKING pc=0x0000022650e4101a sp=0x0000008d293fce20
Event: 3.565 Thread 0x000002265b765510 DEOPT UNPACKING pc=0x00000226504f2b43 sp=0x0000008d293fc3f8 mode 0
Event: 4.487 Thread 0x000002265b765510 DEOPT PACKING pc=0x0000022650e60582 sp=0x0000008d293f82d0
Event: 4.487 Thread 0x000002265b765510 DEOPT UNPACKING pc=0x00000226504f2b43 sp=0x0000008d293f79f0 mode 0
Event: 4.487 Thread 0x000002265b765510 DEOPT PACKING pc=0x0000022650e5e8a4 sp=0x0000008d293f8600
Event: 4.487 Thread 0x000002265b765510 DEOPT UNPACKING pc=0x00000226504f2b43 sp=0x0000008d293f7d20 mode 0
Event: 4.487 Thread 0x000002265b765510 DEOPT PACKING pc=0x0000022650ec6324 sp=0x0000008d293f8ac0
Event: 4.487 Thread 0x000002265b765510 DEOPT UNPACKING pc=0x00000226504f2b43 sp=0x0000008d293f8098 mode 0
Event: 6.423 Thread 0x000002265b765510 DEOPT PACKING pc=0x00000226511d6f14 sp=0x0000008d293f7460
Event: 6.423 Thread 0x000002265b765510 DEOPT UNPACKING pc=0x00000226504f2b43 sp=0x0000008d293f68f8 mode 0
Event: 7.475 Thread 0x000002265b765510 DEOPT PACKING pc=0x0000022650adb9ac sp=0x0000008d293f9d90
Event: 7.475 Thread 0x000002265b765510 DEOPT UNPACKING pc=0x00000226504f2b43 sp=0x0000008d293f92e8 mode 0
Event: 7.964 Thread 0x000002265b765510 DEOPT PACKING pc=0x0000022650a99f91 sp=0x0000008d293f9be0
Event: 7.964 Thread 0x000002265b765510 DEOPT UNPACKING pc=0x00000226504f2b43 sp=0x0000008d293f90f8 mode 3
Event: 7.971 Thread 0x000002265b765510 DEOPT PACKING pc=0x0000022650a267b4 sp=0x0000008d293f9ba0
Event: 7.971 Thread 0x000002265b765510 DEOPT UNPACKING pc=0x00000226504f2b43 sp=0x0000008d293f90f8 mode 3
Event: 11.758 Thread 0x00000226a41535d0 DEOPT PACKING pc=0x00000226516253dc sp=0x0000008d293fc2b0
Event: 11.758 Thread 0x00000226a41535d0 DEOPT UNPACKING pc=0x00000226504f2b43 sp=0x0000008d293fb7a0 mode 0
Event: 110.247 Thread 0x00000226a19993e0 DEOPT PACKING pc=0x00000226514e98fe sp=0x0000008d2a5f05f0
Event: 110.247 Thread 0x00000226a19993e0 DEOPT UNPACKING pc=0x00000226504f2b43 sp=0x0000008d2a5efa58 mode 0

Classes unloaded (0 events):
No events

Classes redefined (0 events):
No events

Internal exceptions (20 events):
Event: 11.619 Thread 0x00000226a41535d0 Exception <a 'java/lang/ClassNotFoundException'{0x000000008d5759f8}: org/springframework/context/support/LiveBeansView> (0x000000008d5759f8) 
thrown [s\open\src\hotspot\share\classfile\systemDictionary.cpp, line 256]
Event: 11.619 Thread 0x00000226a41535d0 Exception <a 'java/lang/ClassNotFoundException'{0x000000008d575db0}: org/springframework/boot/actuate/endpoint/jmx/EndpointMBean> (0x000000008d575db0) 
thrown [s\open\src\hotspot\share\classfile\systemDictionary.cpp, line 256]
Event: 11.619 Thread 0x00000226a41535d0 Exception <a 'java/lang/ClassNotFoundException'{0x000000008d576168}: org/springframework/boot/actuate/endpoint/jmx/DataEndpointMBean> (0x000000008d576168) 
thrown [s\open\src\hotspot\share\classfile\systemDictionary.cpp, line 256]
Event: 11.619 Thread 0x00000226a41535d0 Exception <a 'java/lang/ClassNotFoundException'{0x000000008d576518}: org/springframework/context/support/LiveBeansView> (0x000000008d576518) 
thrown [s\open\src\hotspot\share\classfile\systemDictionary.cpp, line 256]
Event: 11.630 Thread 0x00000226a41535d0 Exception <a 'java/lang/NoSuchMethodError'{0x000000008d5c41d8}: 'java.lang.Object java.lang.invoke.DirectMethodHandle$Holder.newInvokeSpecial(java.lang.Object, java.lang.Object, java.lang.Object, java.lang.Object, int)'> (0x000000008d5c41d8) 
thrown [s\open\src\hotspot\share\interpreter\linkResolver.cpp, line 759]
Event: 11.630 Thread 0x00000226a41535d0 Exception <a 'java/lang/NoSuchMethodError'{0x000000008d5c8418}: 'java.lang.Object java.lang.invoke.DirectMethodHandle$Holder.invokeSpecial(java.lang.Object, java.lang.Object, java.lang.Object, java.lang.Object, java.lang.Object, int)'> (0x000000008d5c8418) 
thrown [s\open\src\hotspot\share\interpreter\linkResolver.cpp, line 759]
Event: 11.631 Thread 0x00000226a41535d0 Exception <a 'java/lang/NoSuchMethodError'{0x000000008d5cbf00}: 'java.lang.Object java.lang.invoke.Invokers$Holder.linkToTargetMethod(java.lang.Object, java.lang.Object, java.lang.Object, int, java.lang.Object)'> (0x000000008d5cbf00) 
thrown [s\open\src\hotspot\share\interpreter\linkResolver.cpp, line 759]
Event: 11.706 Thread 0x00000226a41535d0 Exception <a 'java/lang/reflect/InvocationTargetException'{0x000000008d00c390}> (0x000000008d00c390) 
thrown [s\open\src\hotspot\share\runtime\reflection.cpp, line 1121]
Event: 11.787 Thread 0x00000226a41535d0 Exception <a 'java/lang/reflect/InvocationTargetException'{0x000000008cc7e258}> (0x000000008cc7e258) 
thrown [s\open\src\hotspot\share\runtime\reflection.cpp, line 1121]
Event: 91.377 Thread 0x00000226a19993e0 Exception <a 'java/lang/NoSuchMethodError'{0x000000008bacf4a0}: 'java.lang.Object java.lang.invoke.DirectMethodHandle$Holder.invokeSpecial(java.lang.Object, java.lang.Object, java.lang.Object, java.lang.Object, java.lang.Object, long)'> (0x000000008bacf4a0) 
thrown [s\open\src\hotspot\share\interpreter\linkResolver.cpp, line 759]
Event: 91.377 Thread 0x00000226a19993e0 Exception <a 'java/lang/NoSuchMethodError'{0x000000008bad2ee0}: 'java.lang.Object java.lang.invoke.Invokers$Holder.linkToTargetMethod(java.lang.Object, java.lang.Object, java.lang.Object, long, java.lang.Object)'> (0x000000008bad2ee0) 
thrown [s\open\src\hotspot\share\interpreter\linkResolver.cpp, line 759]
Event: 91.400 Thread 0x00000226a19993e0 Exception <a 'java/lang/NoSuchMethodError'{0x000000008b834208}: getSession> (0x000000008b834208) 
thrown [s\open\src\hotspot\share\prims\jni.cpp, line 1073]
Event: 91.419 Thread 0x00000226a19993e0 Exception <a 'java/lang/NoSuchMethodError'{0x000000008b7a94c0}: 'java.lang.Object java.lang.invoke.DirectMethodHandle$Holder.invokeStatic(java.lang.Object, int, int)'> (0x000000008b7a94c0) 
thrown [s\open\src\hotspot\share\interpreter\linkResolver.cpp, line 759]
Event: 110.061 Thread 0x00000226a199c680 Exception <a 'java/lang/IncompatibleClassChangeError'{0x000000008e1943c8}: Found class java.lang.Object, but interface was expected> (0x000000008e1943c8) 
thrown [s\open\src\hotspot\share\interpreter\linkResolver.cpp, line 826]
Event: 110.165 Thread 0x00000226a19993e0 Exception <a 'java/lang/ClassNotFoundException'{0x000000008ddb07d8}: org/springframework/security/taglibs/authz/JspAuthorizeTagBeanInfo> (0x000000008ddb07d8) 
thrown [s\open\src\hotspot\share\classfile\systemDictionary.cpp, line 256]
Event: 110.165 Thread 0x00000226a19993e0 Exception <a 'java/lang/ClassNotFoundException'{0x000000008ddc0ee8}: org/springframework/security/taglibs/authz/AbstractAuthorizeTagBeanInfo> (0x000000008ddc0ee8) 
thrown [s\open\src\hotspot\share\classfile\systemDictionary.cpp, line 256]
Event: 110.166 Thread 0x00000226a19993e0 Exception <a 'java/lang/ClassNotFoundException'{0x000000008ddc9df8}: java/lang/ObjectBeanInfo> (0x000000008ddc9df8) 
thrown [s\open\src\hotspot\share\classfile\systemDictionary.cpp, line 256]
Event: 110.166 Thread 0x00000226a19993e0 Exception <a 'java/lang/ClassNotFoundException'{0x000000008ddd33b0}: java/lang/ObjectCustomizer> (0x000000008ddd33b0) 
thrown [s\open\src\hotspot\share\classfile\systemDictionary.cpp, line 256]
Event: 110.171 Thread 0x00000226a19993e0 Exception <a 'java/lang/ClassNotFoundException'{0x000000008ddeae00}: org/springframework/security/taglibs/authz/AbstractAuthorizeTagCustomizer> (0x000000008ddeae00) 
thrown [s\open\src\hotspot\share\classfile\systemDictionary.cpp, line 256]
Event: 110.171 Thread 0x00000226a19993e0 Exception <a 'java/lang/ClassNotFoundException'{0x000000008dc02b20}: org/springframework/security/taglibs/authz/JspAuthorizeTagCustomizer> (0x000000008dc02b20) 
thrown [s\open\src\hotspot\share\classfile\systemDictionary.cpp, line 256]

VM Operations (20 events):
Event: 110.167 Executing VM operation: Cleanup
Event: 110.168 Executing VM operation: Cleanup done
Event: 110.235 Executing VM operation: get/set locals
Event: 110.235 Executing VM operation: get/set locals done
Event: 110.235 Executing VM operation: get/set locals
Event: 110.235 Executing VM operation: get/set locals done
Event: 110.247 Executing VM operation: HandshakeAllThreads
Event: 110.247 Executing VM operation: HandshakeAllThreads done
Event: 110.247 Executing VM operation: HandshakeAllThreads
Event: 110.247 Executing VM operation: HandshakeAllThreads done
Event: 110.252 Executing VM operation: HandshakeAllThreads
Event: 110.252 Executing VM operation: HandshakeAllThreads done
Event: 110.263 Executing VM operation: get/set locals
Event: 110.263 Executing VM operation: get/set locals done
Event: 110.263 Executing VM operation: get/set locals
Event: 110.263 Executing VM operation: get/set locals done
Event: 110.327 Executing VM operation: get/set locals
Event: 110.327 Executing VM operation: get/set locals done
Event: 110.327 Executing VM operation: get/set locals
Event: 110.327 Executing VM operation: get/set locals done

Events (20 events):
Event: 110.168 loading class com/sun/beans/util/Cache$Kind$Soft done
Event: 110.168 loading class com/sun/beans/introspect/MethodInfo
Event: 110.168 loading class com/sun/beans/introspect/MethodInfo done
Event: 110.168 loading class com/sun/beans/introspect/MethodInfo$MethodOrder
Event: 110.169 loading class com/sun/beans/introspect/MethodInfo$MethodOrder done
Event: 110.169 loading class java/beans/MethodDescriptor
Event: 110.169 loading class java/beans/MethodDescriptor done
Event: 110.169 loading class com/sun/beans/introspect/EventSetInfo
Event: 110.169 loading class com/sun/beans/introspect/EventSetInfo done
Event: 110.169 loading class com/sun/beans/introspect/PropertyInfo
Event: 110.170 loading class com/sun/beans/introspect/PropertyInfo done
Event: 110.170 loading class java/beans/BeanProperty
Event: 110.170 loading class java/beans/BeanProperty done
Event: 110.170 loading class com/sun/beans/introspect/PropertyInfo$Name
Event: 110.170 loading class com/sun/beans/introspect/PropertyInfo$Name done
Event: 110.170 loading class java/beans/IndexedPropertyDescriptor
Event: 110.170 loading class java/beans/IndexedPropertyDescriptor done
Event: 110.170 loading class java/beans/GenericBeanInfo
Event: 110.170 loading class java/beans/GenericBeanInfo done
Event: 110.256 Thread 0x000002265b767880 flushing nmethod 0x000002265157b490


Dynamic libraries:
0x00007ff7f9bd0000 - 0x00007ff7f9be0000 	C:\Program Files\Java\jdk-17\bin\javaw.exe
0x0000022647180000 - 0x0000022647397000 	C:\Windows\SYSTEM32\ntd1l.dll
0x0000022646d10000 - 0x0000022646dd4000 	C:\Windows\System32\kern3l32.dll
0x00007ffe9f350000 - 0x00007ffe9f567000 	C:\Windows\SYSTEM32\ntdll.dll
0x00007ffe9d5b0000 - 0x00007ffe9d674000 	C:\Windows\System32\KERNEL32.DLL
0x00007ffe9cc10000 - 0x00007ffe9cfc7000 	C:\Windows\System32\KERNELBASE.dll
0x00007ffe9bfe0000 - 0x00007ffe9c311000 	C:\Program Files\SentinelOne\Sentinel Agent 23.4.4.223\InProcessClient64.dll
0x00007ffe9ee30000 - 0x00007ffe9eee2000 	C:\Windows\System32\ADVAPI32.dll
0x00007ffe9d240000 - 0x00007ffe9d2e7000 	C:\Windows\System32\msvcrt.dll
0x00007ffe9d370000 - 0x00007ffe9d418000 	C:\Windows\System32\sechost.dll
0x00007ffe9ca20000 - 0x00007ffe9ca48000 	C:\Windows\System32\bcrypt.dll
0x00007ffe9f030000 - 0x00007ffe9f144000 	C:\Windows\System32\RPCRT4.dll
0x00007ffe9c900000 - 0x00007ffe9ca11000 	C:\Windows\System32\ucrtbase.dll
0x00007ffe979b0000 - 0x00007ffe979c9000 	C:\Program Files\Java\jdk-17\bin\jli.dll
0x00007ffe979d0000 - 0x00007ffe979eb000 	C:\Program Files\Java\jdk-17\bin\VCRUNTIME140.dll
0x00007ffe9e5d0000 - 0x00007ffe9e77f000 	C:\Windows\System32\USER32.dll
0x00007ffe78d90000 - 0x00007ffe79023000 	C:\Windows\WinSxS\amd64_microsoft.windows.common-controls_6595b64144ccf1df_6.0.22621.3672_none_2713b9d173822955\COMCTL32.dll
0x00007ffe9cfd0000 - 0x00007ffe9cff6000 	C:\Windows\System32\win32u.dll
0x00007ffe9df50000 - 0x00007ffe9df79000 	C:\Windows\System32\GDI32.dll
0x00007ffe9ca50000 - 0x00007ffe9cb68000 	C:\Windows\System32\gdi32full.dll
0x00007ffe9bfd0000 - 0x00007ffe9bfda000 	C:\Windows\SYSTEM32\VERSION.dll
0x00007ffe9cb70000 - 0x00007ffe9cc0a000 	C:\Windows\System32\msvcp_win.dll
0x00007ffe9bfc0000 - 0x00007ffe9bfcb000 	C:\Windows\SYSTEM32\FLTLIB.DLL
0x00007ffe9edf0000 - 0x00007ffe9ee21000 	C:\Windows\System32\IMM32.DLL
0x00007ffe97990000 - 0x00007ffe9799c000 	C:\Program Files\Java\jdk-17\bin\vcruntime140_1.dll
0x00007ffe97900000 - 0x00007ffe9798e000 	C:\Program Files\Java\jdk-17\bin\msvcp140.dll
0x00007ffe3aa70000 - 0x00007ffe3b64f000 	C:\Program Files\Java\jdk-17\bin\server\jvm.dll
0x00007ffe9d4a0000 - 0x00007ffe9d4a8000 	C:\Windows\System32\PSAPI.DLL
0x00007ffe857b0000 - 0x00007ffe857b9000 	C:\Windows\SYSTEM32\WSOCK32.dll
0x00007ffe9d2f0000 - 0x00007ffe9d361000 	C:\Windows\System32\WS2_32.dll
0x00007ffe966e0000 - 0x00007ffe96714000 	C:\Windows\SYSTEM32\WINMM.dll
0x00007ffe9b440000 - 0x00007ffe9b458000 	C:\Windows\SYSTEM32\kernel.appcore.dll
0x00007ffe975e0000 - 0x00007ffe975ea000 	C:\Program Files\Java\jdk-17\bin\jimage.dll
0x00007ffe84d60000 - 0x00007ffe84f92000 	C:\Windows\SYSTEM32\DBGHELP.DLL
0x00007ffe9e830000 - 0x00007ffe9ebbe000 	C:\Windows\System32\combase.dll
0x00007ffe9e060000 - 0x00007ffe9e137000 	C:\Windows\System32\OLEAUT32.dll
0x00007ffe85690000 - 0x00007ffe856c2000 	C:\Windows\SYSTEM32\dbgcore.DLL
0x00007ffe9d000000 - 0x00007ffe9d07b000 	C:\Windows\System32\bcryptPrimitives.dll
0x00007ffe74140000 - 0x00007ffe741ed000 	C:\Program Files\SentinelOne\Sentinel Agent 23.4.4.223\SentinelJava64.dll
0x0000022650430000 - 0x000002265048e000 	C:\Windows\System32\SHLWAPI.dll
0x00007ffe9ebd0000 - 0x00007ffe9ed75000 	C:\Windows\System32\ole32.dll
0x00007ffe8d3e0000 - 0x00007ffe8d405000 	C:\Program Files\Java\jdk-17\bin\java.dll
0x00007ffe85500000 - 0x00007ffe855d7000 	C:\Program Files\Java\jdk-17\bin\jsvml.dll
0x00007ffe9d6e0000 - 0x00007ffe9df49000 	C:\Windows\System32\SHELL32.dll
0x00007ffe9a280000 - 0x00007ffe9ab7f000 	C:\Windows\SYSTEM32\windows.storage.dll
0x00007ffe9a140000 - 0x00007ffe9a27f000 	C:\Windows\SYSTEM32\wintypes.dll
0x00007ffe9d4b0000 - 0x00007ffe9d5a9000 	C:\Windows\System32\SHCORE.dll
0x00007ffe9c590000 - 0x00007ffe9c5b7000 	C:\Windows\SYSTEM32\profapi.dll
0x00007ffe8dd60000 - 0x00007ffe8dd79000 	C:\Program Files\Java\jdk-17\bin\net.dll
0x00007ffe961d0000 - 0x00007ffe96306000 	C:\Windows\SYSTEM32\WINHTTP.dll
0x00007ffe9b8b0000 - 0x00007ffe9b919000 	C:\Windows\system32\mswsock.dll
0x00007ffe85710000 - 0x00007ffe85726000 	C:\Program Files\Java\jdk-17\bin\nio.dll
0x00007ffe854e0000 - 0x00007ffe854f8000 	C:\Program Files\Java\jdk-17\bin\zip.dll
0x00007ffe96660000 - 0x00007ffe9666a000 	C:\Program Files\Java\jdk-17\bin\management.dll
0x00007ffe8dad0000 - 0x00007ffe8dadb000 	C:\Program Files\Java\jdk-17\bin\management_ext.dll
0x00007ffe3e250000 - 0x00007ffe3e267000 	C:\Windows\system32\napinsp.dll
0x00007ffe3e270000 - 0x00007ffe3e28b000 	C:\Windows\system32\pnrpnsp.dll
0x00007ffe9aec0000 - 0x00007ffe9afc2000 	C:\Windows\SYSTEM32\DNSAPI.dll
0x00007ffe9ae50000 - 0x00007ffe9ae7d000 	C:\Windows\SYSTEM32\IPHLPAPI.DLL
0x00007ffe9ede0000 - 0x00007ffe9ede9000 	C:\Windows\System32\NSI.dll
0x00007ffe3e290000 - 0x00007ffe3e2a1000 	C:\Windows\System32\winrnr.dll
0x00007ffe7f8c0000 - 0x00007ffe7f8d5000 	C:\Windows\system32\wshbth.dll
0x00007ffe53d60000 - 0x00007ffe53d87000 	C:\Windows\system32\nlansp_c.dll
0x00007ffe94fe0000 - 0x00007ffe94fea000 	C:\Windows\System32\rasadhlp.dll
0x00007ffe94f50000 - 0x00007ffe94fd3000 	C:\Windows\System32\fwpuclnt.dll
0x00007ffe9bb00000 - 0x00007ffe9bb1b000 	C:\Windows\SYSTEM32\CRYPTSP.dll
0x00007ffe9b3a0000 - 0x00007ffe9b3d5000 	C:\Windows\system32\rsaenh.dll
0x00007ffe9b9a0000 - 0x00007ffe9b9c8000 	C:\Windows\SYSTEM32\USERENV.dll
0x00007ffe9bb20000 - 0x00007ffe9bb2c000 	C:\Windows\SYSTEM32\CRYPTBASE.dll
0x00007ffe964d0000 - 0x00007ffe964e9000 	C:\Windows\SYSTEM32\dhcpcsvc6.DLL
0x00007ffe96460000 - 0x00007ffe9647f000 	C:\Windows\SYSTEM32\dhcpcsvc.DLL
0x00007ffe854c0000 - 0x00007ffe854ce000 	C:\Program Files\Java\jdk-17\bin\sunmscapi.dll
0x00007ffe9c6d0000 - 0x00007ffe9c836000 	C:\Windows\System32\CRYPT32.dll
0x00007ffe9bcc0000 - 0x00007ffe9bced000 	C:\Windows\SYSTEM32\ncrypt.dll
0x00007ffe9bc80000 - 0x00007ffe9bcb7000 	C:\Windows\SYSTEM32\NTASN1.dll
0x00007ffe85760000 - 0x00007ffe85770000 	C:\Program Files\Java\jdk-17\bin\verify.dll
0x00007ffe53ca0000 - 0x00007ffe53ca8000 	C:\Windows\system32\wshunix.dll

dbghelp: loaded successfully - version: 4.0.5 - missing functions: none
symbol engine: initialized successfully - sym options: 0x614 - pdb path: .;C:\Program Files\Java\jdk-17\bin;C:\Windows\SYSTEM32;C:\Program Files\SentinelOne\Sentinel Agent 23.4.4.223;C:\Windows\WinSxS\amd64_microsoft.windows.common-controls_6595b64144ccf1df_6.0.22621.3672_none_2713b9d173822955;C:\Program Files\Java\jdk-17\bin\server

VM Arguments:
jvm_args: -Dcom.sun.management.jmxremote -Dcom.sun.management.jmxremote.port=50862 -Dcom.sun.management.jmxremote.authenticate=false -Dcom.sun.management.jmxremote.ssl=false -Djava.rmi.server.hostname=localhost -Dspring.jmx.enabled=true -Dmanagement.endpoints.jmx.exposure.include=* -Dspring.application.admin.enabled=true -XX:TieredStopAtLevel=1 -Dspring.boot.project.name=vishram-sadan -Dfile.encoding=UTF-8 -Dstdout.encoding=UTF-8 -Dstderr.encoding=UTF-8 --module-path=C:\Users\user\Downloads\typography-3.0.1.jar -XX:+ShowCodeDetailsInExceptionMessages -agentpath:C:\Program Files\SentinelOne\Sentinel Agent 23.4.4.223\SentinelJava64.dll=extendedCapabilities 
java_command: aiims.vishram_sadan.VishramSadanApplication --spring.output.ansi.enabled=always
java_class_path (initial): E:\vishram_sadan\vishram_sadan\target\classes;C:\Users\user\.m2\repository\org\springframework\boot\spring-boot-starter-data-jpa\3.3.1\spring-boot-starter-data-jpa-3.3.1.jar;C:\Users\user\.m2\repository\org\springframework\boot\spring-boot-starter-aop\3.3.1\spring-boot-starter-aop-3.3.1.jar;C:\Users\user\.m2\repository\org\aspectj\aspectjweaver\1.9.22\aspectjweaver-1.9.22.jar;C:\Users\user\.m2\repository\org\springframework\boot\spring-boot-starter-jdbc\3.3.1\spring-boot-starter-jdbc-3.3.1.jar;C:\Users\user\.m2\repository\com\zaxxer\HikariCP\5.1.0\HikariCP-5.1.0.jar;C:\Users\user\.m2\repository\org\springframework\spring-jdbc\6.1.10\spring-jdbc-6.1.10.jar;C:\Users\user\.m2\repository\org\hibernate\orm\hibernate-core\6.5.2.Final\hibernate-core-6.5.2.Final.jar;C:\Users\user\.m2\repository\jakarta\persistence\jakarta.persistence-api\3.1.0\jakarta.persistence-api-3.1.0.jar;C:\Users\user\.m2\repository\jakarta\transaction\jakarta.transaction-api\2.0.1\jakarta.transaction-api-2.0.1.jar;C:\Users\user\.m2\repository\org\jboss\logging\jboss-logging\3.5.3.Final\jboss-logging-3.5.3.Final.jar;C:\Users\user\.m2\repository\org\hibernate\common\hibernate-commons-annotations\6.0.6.Final\hibernate-commons-annotations-6.0.6.Final.jar;C:\Users\user\.m2\repository\io\smallrye\jandex\3.1.2\jandex-3.1.2.jar;C:\Users\user\.m2\repository\com\fasterxml\classmate\1.7.0\classmate-1.7.0.jar;C:\Users\user\.m2\repository\net\bytebuddy\byte-buddy\1.14.17\byte-buddy-1.14.17.jar;C:\Users\user\.m2\repository\org\glassfish\jaxb\jaxb-runtime\4.0.5\jaxb-runtime-4.0.5.jar;C:\Users\user\.m2\repository\org\glassfish\jaxb\jaxb-core\4.0.5\jaxb-core-4.0.5.jar;C:\Users\user\.m2\repository\org\eclipse\angus\angus-activation\2.0.2\angus-activation-2.0.2.jar;C:\Users\user\.m2\repository\org\glassfish\jaxb\txw2\4.0.5\txw2-4.0.5.jar;C:\Users\user\.m2\repository\com\sun\istack\istack-commons-runtime\4.1.2\istack-commons-runtime-4.1.2.jar;C:\Users\user\.m2\repository\jakarta\inject\jakar
Launcher Type: SUN_STANDARD

[Global flags]
     intx CICompilerCount                          = 4                                         {product} {ergonomic}
     uint ConcGCThreads                            = 3                                         {product} {ergonomic}
     uint G1ConcRefinementThreads                  = 10                                        {product} {ergonomic}
   size_t G1HeapRegionSize                         = 1048576                                   {product} {ergonomic}
    uintx GCDrainStackTargetSize                   = 64                                        {product} {ergonomic}
   size_t InitialHeapSize                          = 132120576                                 {product} {ergonomic}
     bool ManagementServer                         = true                                      {product} {command line}
   size_t MarkStackSize                            = 4194304                                   {product} {ergonomic}
   size_t MaxHeapSize                              = 2090860544                                {product} {ergonomic}
   size_t MaxNewSize                               = 1254096896                                {product} {ergonomic}
   size_t MinHeapDeltaBytes                        = 1048576                                   {product} {ergonomic}
   size_t MinHeapSize                              = 8388608                                   {product} {ergonomic}
    uintx NonProfiledCodeHeapSize                  = 0                                      {pd product} {ergonomic}
     bool ProfileInterpreter                       = false                                  {pd product} {command line}
    uintx ProfiledCodeHeapSize                     = 0                                      {pd product} {ergonomic}
     bool ShowCodeDetailsInExceptionMessages       = true                                   {manageable} {command line}
   size_t SoftMaxHeapSize                          = 2090860544                             {manageable} {ergonomic}
     intx TieredStopAtLevel                        = 1                                         {product} {command line}
     bool UseCompressedClassPointers               = true                           {product lp64_product} {ergonomic}
     bool UseCompressedOops                        = true                           {product lp64_product} {ergonomic}
     bool UseG1GC                                  = true                                      {product} {ergonomic}
     bool UseLargePagesIndividualAllocation        = false                                  {pd product} {ergonomic}

Logging:
Log output configuration:
 #0: stdout all=warning uptime,level,tags
 #1: stderr all=off uptime,level,tags

Environment Variables:
JAVA_HOME=C:\Program Files\Java\jdk-17
PATH=E:/sts-4.21.0.RELEASE//plugins/org.eclipse.justj.openjdk.hotspot.jre.full.win32.x86_64_17.0.9.v20231028-0858/jre/bin/server;E:/sts-4.21.0.RELEASE//plugins/org.eclipse.justj.openjdk.hotspot.jre.full.win32.x86_64_17.0.9.v20231028-0858/jre/bin;C:\Program Files\Common Files\Oracle\Java\javapath;C:\Windows\system32;C:\Windows;C:\Windows\System32\Wbem;C:\Windows\System32\WindowsPowerShell\v1.0\;C:\Windows\System32\OpenSSH\;C:\Program Files\nodejs\;C:\Users\user\AppData\Local\Microsoft\WindowsApps;C:\Users\user\AppData\Local\Programs\Microsoft VS Code\bin;C:\Program Files\Java\jdk-17\bin;C:\Program Files\Java\jdk-17\lib;C:\Users\user\AppData\Roaming\npm;E:\sts-4.21.0.RELEASE;
USERNAME=user
OS=Windows_NT
PROCESSOR_IDENTIFIER=Intel64 Family 6 Model 151 Stepping 5, GenuineIntel



---------------  S Y S T E M  ---------------

OS:
 Windows 11 , 64 bit Build 22621 (10.0.22621.3958)
OS uptime: 0 days 1:04 hours

CPU: total 12 (initial active 12) (6 cores per cpu, 2 threads per core) family 6 model 151 stepping 5 microcode 0x32, cx8, cmov, fxsr, ht, mmx, 3dnowpref, sse, sse2, sse3, ssse3, sse4.1, sse4.2, popcnt, lzcnt, tsc, tscinvbit, avx, avx2, aes, erms, clmul, bmi1, bmi2, adx, sha, fma, vzeroupper, clflush, clflushopt, clwb

Memory: 4k page, system-wide physical 7968M (1345M free)
TotalPageFile size 12064M (AvailPageFile size 5125M)
current process WorkingSet (physical memory assigned to process): 403M, peak: 405M
current process commit charge ("private bytes"): 449M, peak: 452M

vm_info: Java HotSpot(TM) 64-Bit Server VM (17.0.10+11-LTS-240) for windows-amd64 JRE (17.0.10+11-LTS-240), built on Dec 19 2023 21:47:25 by "mach5one" with MS VC++ 17.1 (VS2022)

END.
